Warning: recommended number of threads is 0
setting number of threads to omp_threads, 32
WARNING: MPI rank 0 will use 32 but only 0 procs are accessible
WARNING: MPI rank 1 will use 32 but only 0 procs are accessible
WARNING: MPI rank 2 will use 32 but only 0 procs are accessible
WARNING: MPI rank 3 will use 32 but only 0 procs are accessible
WARNING: MPI rank 4 will use 32 but only 0 procs are accessible
WARNING: MPI rank 5 will use 32 but only 0 procs are accessible
WARNING: MPI rank 6 will use 32 but only 0 procs are accessible
WARNING: MPI rank 7 will use 32 but only 0 procs are accessible
WARNING: MPI rank 8 will use 32 but only 0 procs are accessible
WARNING: MPI rank 9 will use 32 but only 0 procs are accessible
WARNING: MPI rank 10 will use 32 but only 0 procs are accessible
WARNING: MPI rank 11 will use 32 but only 0 procs are accessible
WARNING: MPI rank 12 will use 32 but only 0 procs are accessible
WARNING: MPI rank 13 will use 32 but only 0 procs are accessible
WARNING: MPI rank 14 will use 32 but only 0 procs are accessible
WARNING: MPI rank 15 will use 32 but only 0 procs are accessible
                                                                           
                                                                           
***************************************************************************
***                                                                     ***
***                                                                     ***
***          __  __ ____   ____ _                                       ***
***         |  \/  |  _ \ / ___| |__   ___ _ __ ___                     ***
***         | |\/| | |_) | |   | '_ \ / _ \ '_ ` _ \                    ***
***         | |  | |  _ <| |___| | | |  __/ | | | | |                   ***
***         |_|  |_|_| \_\\____|_| |_|\___|_| |_| |_|                   ***
***                                                                     ***
***         VERSION            1.2.0-alpha                              ***
***                                                                     ***
***         Git branch         master                                   ***
***         Git commit hash    95a59d46f39f0037508a-dirty               ***
***         Git commit author  Niklas Göllmann                         ***
***         Git commit date    Wed Jul 15 12:28:51 2026 +0200           ***
***                                                                     ***
***         Contact: luca.frediani@uit.no                               ***
***                                                                     ***
***         Radovan Bast            Magnar Bjorgve                      ***
***         Roberto Di Remigio      Antoine Durdek                      ***
***         Luca Frediani           Gabriel Gerez                       ***
***         Stig Rune Jensen        Jonas Juselius                      ***
***         Rune Monstad            Peter Wind                          ***
***                                                                     ***
***************************************************************************

---------------------------------------------------------------------------

 MPI processes           :        (2 bank)                              16
 OpenMP threads          :                                              32
 Total cores             :                                             450
                                                                           
---------------------------------------------------------------------------


---------------------------------------------------------------------------

 MRCPP version         : 1.6.0-alpha
 Git branch            : HEAD
 Git commit hash       : 77187f0e2a0707410329
 Git commit author     : Valentyn113
 Git commit date       : Tue Jun 9 15:08:36 2026 +0200

 Linear algebra        : EIGEN v3.4.0
 Parallelization       : MPI/OpenMP (32 threads)

---------------------------------------------------------------------------


                                                                           
===========================================================================
                         MultiResolution Analysis
---------------------------------------------------------------------------
 polynomial order      : 7
 polynomial type       : Interpolating
---------------------------------------------------------------------------
 total boxes           : 8
 boxes                 : [          2           2           2 ]
 unit lengths          : [  128.00000   128.00000   128.00000 ]
 scaling factor        : [    1.00000     1.00000     1.00000 ]
 lower bounds          : [ -128.00000  -128.00000  -128.00000 ]
 upper bounds          : [  128.00000   128.00000   128.00000 ]
 total length          : [  256.00000   256.00000   256.00000 ]
===========================================================================


                                                                           
***************************************************************************
***                                                                     ***
***                        Initializing Molecule                        ***
***                                                                     ***
***************************************************************************
                                                                           
                                                                           
===========================================================================
                                 Molecule
---------------------------------------------------------------------------
 Charge                  :                                               0
 Multiplicity            :                                               1
---------------------------------------------------------------------------
    N    Atom            :               x               y               z
---------------------------------------------------------------------------
    0      Ru            :       -0.017480       -0.482578       -0.355746
    1       P            :       -4.322683       -0.069237       -0.221156
    2       P            :        4.296332       -0.129080       -0.169838
    3       C            :       -5.587814       -1.069384        2.856627
    4       C            :       -8.855030       -5.017645       -5.873282
    5       C            :       -7.189072       -6.100404       -4.130933
    6       C            :       -5.866398       -4.569208       -2.449220
    7       C            :       -5.666296        3.104646       -0.561856
    8       C            :       -4.221372        5.006208       -1.690893
    9       C            :       -5.231344        7.420931       -2.030416
   10       C            :       -7.684443        7.953889       -1.226225
   11       C            :       -9.130704        6.066856       -0.076170
   12       C            :       -8.125309        3.654337        0.254089
   13       C            :        5.659574        3.006766       -0.718500
   14       C            :       -4.177271       -0.404547        4.999953
   15       C            :        4.496937        4.610376       -2.470239
   16       C            :        5.532687        6.975041       -3.005681
   17       C            :        7.728534        7.766451       -1.775590
   18       C            :        8.886849        6.183500       -0.011014
   19       C            :        7.859082        3.811535        0.512637
   20       C            :        6.273452       -2.158868       -2.177853
   21       C            :        5.661470       -4.734730       -2.291289
   22       C            :        7.092495       -6.393400       -3.751040
   23       C            :        9.140884       -5.488095       -5.151550
   24       C            :        9.746533       -2.925372       -5.070918
   25       C            :       -4.997051       -1.091238        7.408470
   26       C            :        8.325161       -1.267067       -3.584960
   27       C            :        5.465943       -0.886971        3.013807
   28       C            :        4.171735        0.191438        5.062212
   29       C            :        4.936510       -0.299294        7.534972
   30       C            :        6.997587       -1.884444        7.992125
   31       C            :        8.290996       -2.965569        5.965135
   32       C            :        7.532201       -2.468608        3.485565
   33       C            :       -7.235559       -2.457818        7.701615
   34       C            :       -8.647456       -3.130112        5.577812
   35       C            :       -7.828520       -2.441196        3.165444
   36       C            :       -6.212873       -1.940369       -2.451834
   37       C            :       -7.876266       -0.871372       -4.203302
   38       C            :       -9.186254       -2.405537       -5.910569
   39       H            :       -2.286401        4.576144       -2.266136
   40       H            :       -4.085450        8.897475       -2.913315
   41       H            :       -8.471432        9.848585       -1.481856
   42       H            :      -11.049141        6.480297        0.573105
   43       H            :       -9.264618        2.188972        1.162182
   44       H            :       -4.547119       -5.422443       -1.104126
   45       H            :       -6.911443       -8.148532       -4.095178
   46       H            :       -9.885788       -6.215336       -7.205950
   47       H            :      -10.475319       -1.543118       -7.277199
   48       H            :       -8.155843        1.173215       -4.250662
   49       H            :       -8.943389       -2.985681        1.513854
   50       H            :       -2.427516        0.672437        4.758142
   51       H            :       -3.879246       -0.562114        9.064781
   52       H            :       -7.878199       -3.004100        9.588912
   53       H            :      -10.401114       -4.202640        5.796928
   54       H            :        8.776580        2.582123        1.896655
   55       H            :       10.600195        6.799300        0.967938
   56       H            :        8.533639        9.626288       -2.184172
   57       H            :        4.610183        8.213506       -4.379825
   58       H            :        2.756751        3.990196       -3.392673
   59       H            :        4.044292       -5.442957       -1.215542
   60       H            :        8.823538        0.735374       -3.533811
   61       H            :       11.339588       -2.201629       -6.171600
   62       H            :        6.599720       -8.400065       -3.810582
   63       H            :       10.257684       -6.783317       -6.312717
   64       H            :        8.563520       -3.320811        1.912544
   65       H            :        2.562801        1.436074        4.690009
   66       H            :        3.916583        0.558073        9.115570
   67       H            :        7.595120       -2.277086        9.931757
   68       H            :        9.908040       -4.206195        6.310921
   69       H            :       -0.130188       -3.572917       -1.481674
   70       H            :       -0.007648       -2.558205       -2.817234
   71       H            :       -0.027336        1.016374       -2.875492
   72       H            :        0.027980        2.221822        1.134245
---------------------------------------------------------------------------
 Center of mass          :       -0.002441       -0.033901        0.016896
===========================================================================


                                                                           
                                                                           
***************************************************************************
***                                                                     ***
***                           XC Functional                             ***
***                                                                     ***
***************************************************************************

Using Libxc (version 7.0.0) to evaluate density functionals. Libxc is free
software. It is distributed under the Mozilla Public License, version 2.0.
For more information, please check the Libxc manual. You should cite

S. Lehtola, C. Steigemann, M. J.T. Oliveira, and M. A.L. Marques., 
SoftwareX 7, 1–5 (2018) DOI: 10.1016/j.softx.2017.11.002

when reporting the results of your calculation in a scientific article.

Libxc functionals used in this calculation:
  - gga_x_b88 (ID 106): Becke 88
     * A. D. Becke.,  Phys. Rev. A 38, 3098 (1988),
       DOI:10.1103/PhysRevA.38.3098
  - gga_c_p86_ft (ID 217): Perdew 86 with more accurate value for ftilde
     * J. P. Perdew.,  Phys. Rev. B 33, 8822 (1986),
       DOI:10.1103/PhysRevB.33.8822
                                                                           
***************************************************************************
***                                                                     ***
***                Computing Initial Guess Wavefunction                 ***
***                                                                     ***
***************************************************************************
                                                                           
                                                                           
~~~~~~~~~~~~~~~~~~~~~~~~~~~~~~~~~~~~~~~~~~~~~~~~~~~~~~~~~~~~~~~~~~~~~~~~~~~
 Calculation             : Compute initial orbitals
 Method                  : Project GTO molecular orbitals
 Precision               : 1.00000e-06
 Screening               : 1.20000e+01 StdDev
 Restricted              : True
 MO file                 : ../initial_guess/opt1_x2csvp/15h/mrchem.mop
~~~~~~~~~~~~~~~~~~~~~~~~~~~~~~~~~~~~~~~~~~~~~~~~~~~~~~~~~~~~~~~~~~~~~~~~~~~


===========================================================================
                            Molecular Orbitals
---------------------------------------------------------------------------
 Alpha electrons         :                                         162.000
 Beta electrons          :                                         162.000
 Total electrons         :                                         324.000
---------------------------------------------------------------------------
    n     Occ Spin       :                                            Norm
---------------------------------------------------------------------------
    0    2.00    p       :                              9.999999092217e-01
    1    2.00    p       :                              9.999997346767e-01
    2    2.00    p       :                              9.999997372727e-01
    3    2.00    p       :                              9.999997344808e-01
    4    2.00    p       :                              1.000000186976e+00
    5    2.00    p       :                              9.999999304233e-01
    6    2.00    p       :                              9.999999362126e-01
    7    2.00    p       :                              1.000000221453e+00
    8    2.00    p       :                              1.000000440683e+00
    9    2.00    p       :                              1.000000503108e+00
   10    2.00    p       :                              1.000000496441e+00
   11    2.00    p       :                              9.999999226313e-01
   12    2.00    p       :                              9.999999334637e-01
   13    2.00    p       :                              9.999999386945e-01
   14    2.00    p       :                              9.999999305721e-01
   15    2.00    p       :                              9.999999292209e-01
   16    2.00    p       :                              9.999999215206e-01
   17    2.00    p       :                              9.999999302530e-01
   18    2.00    p       :                              9.999999208340e-01
   19    2.00    p       :                              9.999999249605e-01
   20    2.00    p       :                              9.999999264547e-01
   21    2.00    p       :                              9.999999331314e-01
   22    2.00    p       :                              9.999999316907e-01
   23    2.00    p       :                              9.999999274401e-01
   24    2.00    p       :                              9.999999298336e-01
   25    2.00    p       :                              9.999999317544e-01
   26    2.00    p       :                              9.999999283979e-01
   27    2.00    p       :                              9.999999292906e-01
   28    2.00    p       :                              9.999999307807e-01
   29    2.00    p       :                              9.999999238665e-01
   30    2.00    p       :                              9.999999342460e-01
   31    2.00    p       :                              9.999999312112e-01
   32    2.00    p       :                              9.999999314833e-01
   33    2.00    p       :                              9.999999246755e-01
   34    2.00    p       :                              9.999999235373e-01
   35    2.00    p       :                              9.999999286396e-01
   36    2.00    p       :                              9.999999285246e-01
   37    2.00    p       :                              9.999999261984e-01
   38    2.00    p       :                              9.999999378360e-01
   39    2.00    p       :                              9.999999196376e-01
   40    2.00    p       :                              9.999999297569e-01
   41    2.00    p       :                              9.999999364944e-01
   42    2.00    p       :                              9.999999214146e-01
   43    2.00    p       :                              9.999999188098e-01
   44    2.00    p       :                              9.999999313863e-01
   45    2.00    p       :                              9.999999329171e-01
   46    2.00    p       :                              9.999999242607e-01
   47    2.00    p       :                              9.999993478513e-01
   48    2.00    p       :                              9.999961348682e-01
   49    2.00    p       :                              9.999988758660e-01
   50    2.00    p       :                              9.999993216618e-01
   51    2.00    p       :                              9.999959247940e-01
   52    2.00    p       :                              1.000000138827e+00
   53    2.00    p       :                              1.000000138614e+00
   54    2.00    p       :                              1.000000532361e+00
   55    2.00    p       :                              1.000000574959e+00
   56    2.00    p       :                              9.999999133497e-01
   57    2.00    p       :                              1.000000570581e+00
   58    2.00    p       :                              1.000000598157e+00
   59    2.00    p       :                              9.999999767026e-01
   60    2.00    p       :                              9.999994073916e-01
   61    2.00    p       :                              9.999995419388e-01
   62    2.00    p       :                              9.999995489575e-01
   63    2.00    p       :                              9.999996729661e-01
   64    2.00    p       :                              9.999995757799e-01
   65    2.00    p       :                              9.999995727587e-01
   66    2.00    p       :                              9.999997010809e-01
   67    2.00    p       :                              9.999992408752e-01
   68    2.00    p       :                              9.999993937032e-01
   69    2.00    p       :                              1.000000238746e+00
   70    2.00    p       :                              9.999997972563e-01
   71    2.00    p       :                              9.999994747249e-01
   72    2.00    p       :                              9.999994889817e-01
   73    2.00    p       :                              1.000000286167e+00
   74    2.00    p       :                              9.999994750140e-01
   75    2.00    p       :                              9.999993420113e-01
   76    2.00    p       :                              9.999999088140e-01
   77    2.00    p       :                              9.999996117497e-01
   78    2.00    p       :                              9.999994773909e-01
   79    2.00    p       :                              9.999997891027e-01
   80    2.00    p       :                              9.999998864165e-01
   81    2.00    p       :                              9.999995296453e-01
   82    2.00    p       :                              9.999994853338e-01
   83    2.00    p       :                              1.000000272340e+00
   84    2.00    p       :                              9.999998273555e-01
   85    2.00    p       :                              9.999997499330e-01
   86    2.00    p       :                              9.999994475572e-01
   87    2.00    p       :                              9.999994237428e-01
   88    2.00    p       :                              9.999998310508e-01
   89    2.00    p       :                              9.999994321664e-01
   90    2.00    p       :                              9.999994417324e-01
   91    2.00    p       :                              9.999993339884e-01
   92    2.00    p       :                              9.999994297187e-01
   93    2.00    p       :                              9.999998427186e-01
   94    2.00    p       :                              1.000000313616e+00
   95    2.00    p       :                              1.000000009040e+00
   96    2.00    p       :                              9.999993582211e-01
   97    2.00    p       :                              9.999994333338e-01
   98    2.00    p       :                              9.999997736707e-01
   99    2.00    p       :                              9.999996158158e-01
  100    2.00    p       :                              9.999995285124e-01
  101    2.00    p       :                              9.999996008953e-01
  102    2.00    p       :                              9.999995535598e-01
  103    2.00    p       :                              9.999993077265e-01
  104    2.00    p       :                              9.999993924337e-01
  105    2.00    p       :                              9.999997619207e-01
  106    2.00    p       :                              1.000000276002e+00
  107    2.00    p       :                              9.999997570945e-01
  108    2.00    p       :                              9.999996162671e-01
  109    2.00    p       :                              9.999995748375e-01
  110    2.00    p       :                              9.999997515803e-01
  111    2.00    p       :                              9.999994598008e-01
  112    2.00    p       :                              9.999994527308e-01
  113    2.00    p       :                              9.999993736470e-01
  114    2.00    p       :                              9.999994493552e-01
  115    2.00    p       :                              9.999998601140e-01
  116    2.00    p       :                              9.999998103034e-01
  117    2.00    p       :                              9.999994691611e-01
  118    2.00    p       :                              9.999994458375e-01
  119    2.00    p       :                              9.999994095491e-01
  120    2.00    p       :                              9.999993629421e-01
  121    2.00    p       :                              9.999998519067e-01
  122    2.00    p       :                              1.000000271050e+00
  123    2.00    p       :                              1.000000067300e+00
  124    2.00    p       :                              9.999992600018e-01
  125    2.00    p       :                              9.999994724109e-01
  126    2.00    p       :                              9.999996817193e-01
  127    2.00    p       :                              9.999996044687e-01
  128    2.00    p       :                              9.999998059391e-01
  129    2.00    p       :                              9.999997634098e-01
  130    2.00    p       :                              9.999997519685e-01
  131    2.00    p       :                              9.999996514238e-01
  132    2.00    p       :                              9.999996730035e-01
  133    2.00    p       :                              9.999997303142e-01
  134    2.00    p       :                              9.999996765410e-01
  135    2.00    p       :                              9.999996115853e-01
  136    2.00    p       :                              9.999997867536e-01
  137    2.00    p       :                              9.999997641887e-01
  138    2.00    p       :                              9.999996634842e-01
  139    2.00    p       :                              9.999995847043e-01
  140    2.00    p       :                              9.999997614957e-01
  141    2.00    p       :                              9.999997043946e-01
  142    2.00    p       :                              9.999995666807e-01
  143    2.00    p       :                              9.999996861725e-01
  144    2.00    p       :                              9.999997682625e-01
  145    2.00    p       :                              9.999997239802e-01
  146    2.00    p       :                              9.999997391170e-01
  147    2.00    p       :                              9.999997630207e-01
  148    2.00    p       :                              9.999997364471e-01
  149    2.00    p       :                              9.999996894273e-01
  150    2.00    p       :                              9.999996291150e-01
  151    2.00    p       :                              9.999997426309e-01
  152    2.00    p       :                              9.999995803789e-01
  153    2.00    p       :                              9.999997572707e-01
  154    2.00    p       :                              9.999996792348e-01
  155    2.00    p       :                              9.999997531882e-01
  156    2.00    p       :                              9.999997377923e-01
  157    2.00    p       :                              9.999995422632e-01
  158    2.00    p       :                              9.999997252065e-01
  159    2.00    p       :                              9.999989603956e-01
  160    2.00    p       :                              9.999992853770e-01
  161    2.00    p       :                              9.999997862050e-01
===========================================================================


~~~~~~~~~~~~~~~~~~~~~~~~~~~~~~~~~~~~~~~~~~~~~~~~~~~~~~~~~~~~~~~~~~~~~~~~~~~
 Calculation             : Compute initial energy
 Method                  : DFT
 XC Library              : LibXC
 Relativity              : None
 Environment             : None
 External fields         : None
 Precision               : 1.00000e-06
 Density cutoff          : 0.00000e+00
 Localization            : On
~~~~~~~~~~~~~~~~~~~~~~~~~~~~~~~~~~~~~~~~~~~~~~~~~~~~~~~~~~~~~~~~~~~~~~~~~~~


===========================================================================
                        Molecular Energy (initial)
---------------------------------------------------------------------------
 Kinetic energy          :            (au)               7076.619302716730
 E-N energy              :            (au)             -27613.138242782392
 Coulomb energy          :            (au)               8637.612711455300
 Exchange energy         :            (au)                  0.000000000000
 X-C energy              :            (au)               -389.503694556445
 N-N energy              :            (au)               5831.320659700666
 Non-local pp energy     :            (au)                  0.000000000000
---------------------------------------------------------------------------
 Electronic energy       :            (au)             -12288.409923166804
 Nuclear energy          :            (au)               5831.320659700666
---------------------------------------------------------------------------
 Total energy            :            (au)             -6.457089263466e+03
                         :      (kcal/mol)             -4.051884687696e+06
                         :        (kJ/mol)             -1.695308553332e+07
                         :            (eV)             -1.757063499730e+05
===========================================================================


===========================================================================
                        Orbital Energies (initial)
---------------------------------------------------------------------------
    n     Occ Spin       :                                         Epsilon
---------------------------------------------------------------------------
    0    2.00    p       :            (au)               -757.270180620910
    1    2.00    p       :            (au)               -105.141684700388
    2    2.00    p       :            (au)               -101.349166803758
    3    2.00    p       :            (au)               -101.348978842904
    4    2.00    p       :            (au)               -101.348613531549
    5    2.00    p       :            (au)                -76.253561505992
    6    2.00    p       :            (au)                -76.253192928621
    7    2.00    p       :            (au)                -18.135106529832
    8    2.00    p       :            (au)                -15.988876803340
    9    2.00    p       :            (au)                -15.987469910207
   10    2.00    p       :            (au)                -15.986436611227
   11    2.00    p       :            (au)                -10.123599133163
   12    2.00    p       :            (au)                -10.122226000070
   13    2.00    p       :            (au)                -10.121259050183
   14    2.00    p       :            (au)                -10.120914646096
   15    2.00    p       :            (au)                -10.119960014942
   16    2.00    p       :            (au)                 -9.920639251673
   17    2.00    p       :            (au)                 -9.920150635827
   18    2.00    p       :            (au)                 -9.918710166485
   19    2.00    p       :            (au)                 -9.918699445628
   20    2.00    p       :            (au)                 -9.918450651778
   21    2.00    p       :            (au)                 -9.918436650943
   22    2.00    p       :            (au)                 -9.918283672026
   23    2.00    p       :            (au)                 -9.918243595815
   24    2.00    p       :            (au)                 -9.918239014064
   25    2.00    p       :            (au)                 -9.917942747228
   26    2.00    p       :            (au)                 -9.917745112596
   27    2.00    p       :            (au)                 -9.917656961074
   28    2.00    p       :            (au)                 -9.917640236750
   29    2.00    p       :            (au)                 -9.917222688821
   30    2.00    p       :            (au)                 -9.917157714632
   31    2.00    p       :            (au)                 -9.916937778795
   32    2.00    p       :            (au)                 -9.916911621126
   33    2.00    p       :            (au)                 -9.916832438019
   34    2.00    p       :            (au)                 -9.916749023654
   35    2.00    p       :            (au)                 -9.916654854267
   36    2.00    p       :            (au)                 -9.916606307217
   37    2.00    p       :            (au)                 -9.916555497720
   38    2.00    p       :            (au)                 -9.916518458086
   39    2.00    p       :            (au)                 -9.916452947660
   40    2.00    p       :            (au)                 -9.916433641927
   41    2.00    p       :            (au)                 -9.916432362624
   42    2.00    p       :            (au)                 -9.916204343828
   43    2.00    p       :            (au)                 -9.915818887406
   44    2.00    p       :            (au)                 -9.915805929030
   45    2.00    p       :            (au)                 -9.915637734859
   46    2.00    p       :            (au)                 -9.915355223508
   47    2.00    p       :            (au)                 -9.915308395637
   48    2.00    p       :            (au)                 -9.914879636198
   49    2.00    p       :            (au)                 -9.913645383863
   50    2.00    p       :            (au)                 -9.913158895866
   51    2.00    p       :            (au)                 -9.911290290120
   52    2.00    p       :            (au)                 -6.313910774701
   53    2.00    p       :            (au)                 -6.313680844621
   54    2.00    p       :            (au)                 -4.544273020149
   55    2.00    p       :            (au)                 -4.544087558882
   56    2.00    p       :            (au)                 -4.544031426651
   57    2.00    p       :            (au)                 -4.543844152430
   58    2.00    p       :            (au)                 -4.540186259077
   59    2.00    p       :            (au)                 -4.539979327729
   60    2.00    p       :            (au)                 -2.335380389161
   61    2.00    p       :            (au)                 -1.616555046636
   62    2.00    p       :            (au)                 -1.613339838295
   63    2.00    p       :            (au)                 -1.610631264856
   64    2.00    p       :            (au)                 -0.782068163363
   65    2.00    p       :            (au)                 -0.781616799737
   66    2.00    p       :            (au)                 -0.773787157837
   67    2.00    p       :            (au)                 -0.773536117295
   68    2.00    p       :            (au)                 -0.772411697767
   69    2.00    p       :            (au)                 -0.771725164133
   70    2.00    p       :            (au)                 -0.701294726537
   71    2.00    p       :            (au)                 -0.700478720149
   72    2.00    p       :            (au)                 -0.673389532330
   73    2.00    p       :            (au)                 -0.673132366790
   74    2.00    p       :            (au)                 -0.672065730040
   75    2.00    p       :            (au)                 -0.671871120620
   76    2.00    p       :            (au)                 -0.670170398505
   77    2.00    p       :            (au)                 -0.669192404827
   78    2.00    p       :            (au)                 -0.667457769587
   79    2.00    p       :            (au)                 -0.667279475715
   80    2.00    p       :            (au)                 -0.666198787713
   81    2.00    p       :            (au)                 -0.665593770680
   82    2.00    p       :            (au)                 -0.591245005750
   83    2.00    p       :            (au)                 -0.589024280907
   84    2.00    p       :            (au)                 -0.547244976274
   85    2.00    p       :            (au)                 -0.546783843923
   86    2.00    p       :            (au)                 -0.544103855578
   87    2.00    p       :            (au)                 -0.543607366343
   88    2.00    p       :            (au)                 -0.542987960643
   89    2.00    p       :            (au)                 -0.541167105859
   90    2.00    p       :            (au)                 -0.533974798027
   91    2.00    p       :            (au)                 -0.533576510128
   92    2.00    p       :            (au)                 -0.532272668462
   93    2.00    p       :            (au)                 -0.531435075674
   94    2.00    p       :            (au)                 -0.504733342491
   95    2.00    p       :            (au)                 -0.502634989774
   96    2.00    p       :            (au)                 -0.468862974591
   97    2.00    p       :            (au)                 -0.468062838305
   98    2.00    p       :            (au)                 -0.467164470600
   99    2.00    p       :            (au)                 -0.465973508471
  100    2.00    p       :            (au)                 -0.446640778258
  101    2.00    p       :            (au)                 -0.443569438409
  102    2.00    p       :            (au)                 -0.416775614438
  103    2.00    p       :            (au)                 -0.411472381526
  104    2.00    p       :            (au)                 -0.411141976908
  105    2.00    p       :            (au)                 -0.409016464467
  106    2.00    p       :            (au)                 -0.408190040356
  107    2.00    p       :            (au)                 -0.407461623827
  108    2.00    p       :            (au)                 -0.406283332470
  109    2.00    p       :            (au)                 -0.399897650694
  110    2.00    p       :            (au)                 -0.398982689422
  111    2.00    p       :            (au)                 -0.397934346167
  112    2.00    p       :            (au)                 -0.396919219244
  113    2.00    p       :            (au)                 -0.392707423983
  114    2.00    p       :            (au)                 -0.391460380446
  115    2.00    p       :            (au)                 -0.378793479404
  116    2.00    p       :            (au)                 -0.376458881253
  117    2.00    p       :            (au)                 -0.376111875217
  118    2.00    p       :            (au)                 -0.376009171596
  119    2.00    p       :            (au)                 -0.375602698974
  120    2.00    p       :            (au)                 -0.373243944145
  121    2.00    p       :            (au)                 -0.368713124398
  122    2.00    p       :            (au)                 -0.367911175769
  123    2.00    p       :            (au)                 -0.365626193454
  124    2.00    p       :            (au)                 -0.363903541275
  125    2.00    p       :            (au)                 -0.343010694000
  126    2.00    p       :            (au)                 -0.336914996966
  127    2.00    p       :            (au)                 -0.335506247135
  128    2.00    p       :            (au)                 -0.334506046931
  129    2.00    p       :            (au)                 -0.331031491694
  130    2.00    p       :            (au)                 -0.329770685765
  131    2.00    p       :            (au)                 -0.327456127171
  132    2.00    p       :            (au)                 -0.323873434862
  133    2.00    p       :            (au)                 -0.308228348098
  134    2.00    p       :            (au)                 -0.305714208412
  135    2.00    p       :            (au)                 -0.304974070354
  136    2.00    p       :            (au)                 -0.304332789417
  137    2.00    p       :            (au)                 -0.303903413502
  138    2.00    p       :            (au)                 -0.301318060516
  139    2.00    p       :            (au)                 -0.295646243401
  140    2.00    p       :            (au)                 -0.292289389199
  141    2.00    p       :            (au)                 -0.291754574608
  142    2.00    p       :            (au)                 -0.289335959432
  143    2.00    p       :            (au)                 -0.287847555488
  144    2.00    p       :            (au)                 -0.272999188722
  145    2.00    p       :            (au)                 -0.257308449142
  146    2.00    p       :            (au)                 -0.242474794890
  147    2.00    p       :            (au)                 -0.240505480523
  148    2.00    p       :            (au)                 -0.238800741279
  149    2.00    p       :            (au)                 -0.237926062546
  150    2.00    p       :            (au)                 -0.236762474530
  151    2.00    p       :            (au)                 -0.234083078716
  152    2.00    p       :            (au)                 -0.233450257813
  153    2.00    p       :            (au)                 -0.230883074161
  154    2.00    p       :            (au)                 -0.229294749673
  155    2.00    p       :            (au)                 -0.228252360552
  156    2.00    p       :            (au)                 -0.226719774282
  157    2.00    p       :            (au)                 -0.216654729188
  158    2.00    p       :            (au)                 -0.208389429281
  159    2.00    p       :            (au)                 -0.197088251551
  160    2.00    p       :            (au)                 -0.189279281878
  161    2.00    p       :            (au)                 -0.182162787807
---------------------------------------------------------------------------
 Sum occupied            :            (au)              -3763.711875916264
===========================================================================


                                                                           
***************************************************************************
***                                                                     ***
***                 Computing Ground State Wavefunction                 ***
***                                                                     ***
***************************************************************************
                                                                           
                                                                           
~~~~~~~~~~~~~~~~~~~~~~~~~~~~~~~~~~~~~~~~~~~~~~~~~~~~~~~~~~~~~~~~~~~~~~~~~~~
 Calculation             : Optimize ground state orbitals
 Method                  : DFT
 XC library              : LibXC
 Relativity              : None
 Environment             : None
 External fields         : None
 Checkpointing           : Off
 Max iterations          : 100
 KAIN solver             : 3
 Localization            : First two iterations
 Diagonalization         : Off
 Start precision         : 1.00000e-06
 Final precision         : 1.00000e-06
 Helmholtz precision     : Dynamic
 Energy threshold        : 1.00000e-04
 Orbital threshold       : 1.00000e-03
~~~~~~~~~~~~~~~~~~~~~~~~~~~~~~~~~~~~~~~~~~~~~~~~~~~~~~~~~~~~~~~~~~~~~~~~~~~


===========================================================================
 Iter           MO residual             Total energy                Update
---------------------------------------------------------------------------
    0          1.272792e+01       -6457.089263466139         -6.457089e+03
    1          2.333694e-01       -6515.231464873542         -5.814220e+01
    2          8.280693e-02       -6519.152548047457         -3.921083e+00
    3          4.702051e-02       -6519.798735858615         -6.461878e-01
    4          2.996338e-02       -6519.934929524109         -1.361937e-01
    5          3.006342e-02       -6520.011806468817         -7.687694e-02
    6          1.437584e-02       -6520.015276800189         -3.470331e-03
    7          8.527906e-03       -6520.016425882058         -1.149082e-03
