Starting job 1568032 on b[4111-4118] on Betzy at Thu Jul 9 15:19:38 CEST 2026

launch command:  /cluster/projects/nn14654k/ylvaos/mrchem/install/bin/mrchem.x 15h.json > 15h.out
301172
7571756
7534692
7610648
7558252
7550776
7610048
7609956
7564328
7646188
7563548
7534512
7648904
7603352
7614156
7594860
30157496
29076004
31073220
32412004
27888772
31847656
31647384
30626784
31551512
31642168
29602212
30259276
29085356
31401552
30273520
32614948
30550220
32382248
32580568
32548852
35075444
29864728
34180436
30966320
30957948
28265624
31783492
31121208
28977580
32410188
33211296
32801932


Job 1568032 completed at Thu Jul 9 20:05:51 CEST 2026
