Starting job 1568011 on b[3201-3208] on Betzy at Thu Jul 9 15:05:11 CEST 2026

launch command:  /cluster/projects/nn14654k/ylvaos/mrchem/install/bin/mrchem.x TPhP.json > TPhP.out
[b3207:521396] *** Process received signal ***
[b3207:521396] Signal: Aborted (6)
[b3207:521396] Signal code:  (-6)
[b3207:521397] *** Process received signal ***
[b3207:521397] Signal: Aborted (6)
[b3207:521397] Signal code:  (-6)
[b3207:521401] *** Process received signal ***
[b3207:521401] Signal: Aborted (6)
[b3207:521401] Signal code:  (-6)
[b3207:521398] *** Process received signal ***
[b3207:521398] Signal: Aborted (6)
[b3207:521398] Signal code:  (-6)
[b3203:1099782] *** Process received signal ***
[b3203:1099782] Signal: Aborted (6)
[b3203:1099782] Signal code:  (-6)
[b3203:1099778] *** Process received signal ***
[b3203:1099778] Signal: Aborted (6)
[b3203:1099778] Signal code:  (-6)
[b3203:1099777] *** Process received signal ***
[b3203:1099777] Signal: Aborted (6)
[b3203:1099777] Signal code:  (-6)
[b3203:1099779] *** Process received signal ***
[b3203:1099779] Signal: Aborted (6)
[b3203:1099779] Signal code:  (-6)
[b3203:1099782] [ 0] /lib64/libc.so.6(+0x54db0)[0x15180a254db0]
[b3203:1099782] [ 1] /lib64/libc.so.6(+0xa154c)[0x15180a2a154c]
[b3203:1099782] [ 2] /lib64/libc.so.6(raise+0x16)[0x15180a254d06]
[b3203:1099778] [ 0] /lib64/libc.so.6(+0x54db0)[0x14a8e3254db0]
[b3203:1099778] [ 1] /lib64/libc.so.6(+0xa154c)[0x14a8e32a154c]
[b3203:1099778] [ 2] /lib64/libc.so.6(raise+0x16)[0x14a8e3254d06]
[b3203:1099778] [ 3] [b3203:1099777] [ 0] /lib64/libc.so.6(+0x54db0)[0x14d97e054db0]
[b3203:1099777] [ 1] /lib64/libc.so.6(+0xa154c)[0x14d97e0a154c]
[b3203:1099777] [ 2] /lib64/libc.so.6(raise+0x16)[0x14d97e054d06]
[b3203:1099777] [ 3] /lib64/libc.so.6(abort+0xd3)[0x14d97e0287f3]
[b3203:1099782] [ 3] /lib64/libc.so.6(abort+0xd3)[0x15180a2287f3]
[b3203:1099782] [ 4] /cluster/projects/nn14654k/ylvaos/mrchem/install/bin/mrchem.x[0x428e4b]
[b3203:1099782] [ 5] /cluster/projects/nn14654k/ylvaos/mrchem/install/bin/mrchem.x[0x6572e6]
[b3203:1099782] [ 6] /cluster/projects/nn14654k/ylvaos/mrchem/install/bin/mrchem.x[0x658dc4]
[b3203:1099782] [ 7] /cluster/projects/nn14654k/ylvaos/mrchem/install/bin/mrchem.x[0x46ab7f]
[b3203:1099782] [ 8] [b3205:386510] *** Process received signal ***
[b3205:386510] Signal: Aborted (6)
[b3205:386510] Signal code:  (-6)
/lib64/libc.so.6(abort+0xd3)[0x14a8e32287f3]
[b3203:1099778] [ 4] /cluster/projects/nn14654k/ylvaos/mrchem/install/bin/mrchem.x[0x428e4b]
[b3203:1099778] [ 5] /cluster/projects/nn14654k/ylvaos/mrchem/install/bin/mrchem.x[0x6572e6]
[b3203:1099778] [ 6] /cluster/projects/nn14654k/ylvaos/mrchem/install/bin/mrchem.x[0x658dc4]
[b3203:1099778] [ 7] /cluster/projects/nn14654k/ylvaos/mrchem/install/bin/mrchem.x[0x46ab7f]
[b3203:1099778] [ 8] /cluster/projects/nn14654k/ylvaos/mrchem/install/bin/mrchem.x[0x47b912]
[b3203:1099778] [ 9] /cluster/projects/nn14654k/ylvaos/mrchem/install/bin/mrchem.x[0x42d5b0]
[b3203:1099778] [10] [b3205:386512] *** Process received signal ***
[b3205:386512] Signal: Aborted (6)
[b3205:386512] Signal code:  (-6)
[b3203:1099779] [ 0] /lib64/libc.so.6(+0x54db0)[0x151d32654db0]
[b3203:1099779] [ 1] [b3205:386511] *** Process received signal ***
[b3205:386511] Signal: Aborted (6)
[b3205:386511] Signal code:  (-6)
[b3203:1099777] [ 4] /cluster/projects/nn14654k/ylvaos/mrchem/install/bin/mrchem.x[0x428e4b]
[b3203:1099777] [ 5] /cluster/projects/nn14654k/ylvaos/mrchem/install/bin/mrchem.x[0x6572e6]
[b3203:1099777] [ 6] /cluster/projects/nn14654k/ylvaos/mrchem/install/bin/mrchem.x[0x658dc4]
[b3203:1099777] [ 7] /cluster/projects/nn14654k/ylvaos/mrchem/install/bin/mrchem.x[0x46ab7f]
[b3203:1099777] [ 8] /cluster/projects/nn14654k/ylvaos/mrchem/install/bin/mrchem.x[0x47b912]
[b3203:1099777] [ 9] /cluster/projects/nn14654k/ylvaos/mrchem/install/bin/mrchem.x[0x42d5b0]
[b3203:1099777] [10] /lib64/libc.so.6(+0x3feb0)[0x14d97e03feb0]
[b3203:1099777] [11] [b3205:386515] *** Process received signal ***
[b3205:386515] Signal: Aborted (6)
[b3205:386515] Signal code:  (-6)
/cluster/projects/nn14654k/ylvaos/mrchem/install/bin/mrchem.x[0x47b912]
[b3203:1099782] [ 9] /cluster/projects/nn14654k/ylvaos/mrchem/install/bin/mrchem.x[0x42d5b0]
[b3203:1099782] [10] /lib64/libc.so.6(+0x3feb0)[0x15180a23feb0]
[b3203:1099782] [11] /lib64/libc.so.6(__libc_start_main+0x80)[0x15180a23ff60]
[b3203:1099782] [12] /cluster/projects/nn14654k/ylvaos/mrchem/install/bin/mrchem.x[0x431305]
[b3203:1099782] *** End of error message ***
/lib64/libc.so.6(+0x3feb0)[0x14a8e323feb0]
[b3203:1099778] [11] /lib64/libc.so.6(__libc_start_main+0x80)[0x14a8e323ff60]
[b3203:1099778] [12] /cluster/projects/nn14654k/ylvaos/mrchem/install/bin/mrchem.x[0x431305]
[b3203:1099778] *** End of error message ***
/lib64/libc.so.6(+0xa154c)[0x151d326a154c]
[b3203:1099779] [ 2] /lib64/libc.so.6(raise+0x16)[0x151d32654d06]
[b3203:1099779] [ 3] /lib64/libc.so.6(__libc_start_main+0x80)[0x14d97e03ff60]
[b3203:1099777] [12] /cluster/projects/nn14654k/ylvaos/mrchem/install/bin/mrchem.x[0x431305]
[b3203:1099777] *** End of error message ***
/lib64/libc.so.6(abort+0xd3)[0x151d326287f3]
[b3203:1099779] [ 4] /cluster/projects/nn14654k/ylvaos/mrchem/install/bin/mrchem.x[0x428e4b]
[b3203:1099779] [ 5] /cluster/projects/nn14654k/ylvaos/mrchem/install/bin/mrchem.x[0x6572e6]
[b3203:1099779] [ 6] /cluster/projects/nn14654k/ylvaos/mrchem/install/bin/mrchem.x[0x658dc4]
[b3203:1099779] [ 7] /cluster/projects/nn14654k/ylvaos/mrchem/install/bin/mrchem.x[0x46ab7f]
[b3203:1099779] [ 8] /cluster/projects/nn14654k/ylvaos/mrchem/install/bin/mrchem.x[0x47b912]
[b3203:1099779] [ 9] /cluster/projects/nn14654k/ylvaos/mrchem/install/bin/mrchem.x[0x42d5b0]
[b3203:1099779] [10] /lib64/libc.so.6(+0x3feb0)[0x151d3263feb0]
[b3203:1099779] [11] /lib64/libc.so.6(__libc_start_main+0x80)[0x151d3263ff60]
[b3203:1099779] [12] /cluster/projects/nn14654k/ylvaos/mrchem/install/bin/mrchem.x[0x431305]
[b3203:1099779] *** End of error message ***
[b3202:409547] *** Process received signal ***
[b3202:409547] Signal: Aborted (6)
[b3202:409547] Signal code:  (-6)
[b3202:409546] *** Process received signal ***
[b3202:409546] Signal: Aborted (6)
[b3202:409546] Signal code:  (-6)
[b3202:409543] *** Process received signal ***
[b3202:409543] Signal: Aborted (6)
[b3202:409543] Signal code:  (-6)
[b3202:409544] *** Process received signal ***
[b3202:409544] Signal: Aborted (6)
[b3202:409544] Signal code:  (-6)
[b3207:521397] [ 0] [b3207:521396] [ 0] /lib64/libc.so.6(+0x54db0)[0x153251a54db0]
[b3207:521397] [ 1] /lib64/libc.so.6(+0xa154c)[0x153251aa154c]
[b3205:386510] [ 0] /lib64/libc.so.6(+0x54db0)[0x14c7f0654db0]
[b3207:521396] [ 1] [b3205:386512] [ 0] /lib64/libc.so.6(+0x54db0)[0x14fab5a54db0]
[b3205:386512] [ 1] [b3202:409546] [ 0] [b3205:386515] [ 0] /lib64/libc.so.6(+0x54db0)[0x147020054db0]
[b3205:386515] [ 1] [b3202:409543] [ 0] [b3202:409547] [ 0] [b3207:521398] [ 0] /lib64/libc.so.6(+0x54db0)[0x14cfd9654db0]
[b3205:386510] [ 1] /lib64/libc.so.6(+0xa154c)[0x14cfd96a154c]
[b3205:386510] [ 2] [b3207:521401] [ 0] [b3205:386511] [ 0] [b3207:521397] [ 2] /lib64/libc.so.6(raise+0x16)[0x153251a54d06]
[b3207:521397] [ 3] /lib64/libc.so.6(abort+0xd3)[0x153251a287f3]
[b3207:521397] [ 4] /cluster/projects/nn14654k/ylvaos/mrchem/install/bin/mrchem.x[0x428e4b]
/lib64/libc.so.6(+0xa154c)[0x14fab5aa154c]
[b3205:386512] [ 2] /lib64/libc.so.6(raise+0x16)[0x14fab5a54d06]
/lib64/libc.so.6(+0xa154c)[0x14c7f06a154c]
[b3207:521396] [ 2] /lib64/libc.so.6(raise+0x16)[0x14c7f0654d06]
[b3207:521396] [ 3] /lib64/libc.so.6(abort+0xd3)[0x14c7f06287f3]
[b3207:521396] [ 4] /cluster/projects/nn14654k/ylvaos/mrchem/install/bin/mrchem.x[0x428e4b]
[b3207:521396] [ 5] [b3202:409544] [ 0] /lib64/libc.so.6(+0xa154c)[0x1470200a154c]
[b3205:386515] [ 2] /lib64/libc.so.6(raise+0x16)[0x147020054d06]
[b3205:386515] [ 3] /lib64/libc.so.6(abort+0xd3)[0x1470200287f3]
[b3205:386515] [ 4] [b3207:521397] [ 5] /cluster/projects/nn14654k/ylvaos/mrchem/install/bin/mrchem.x[0x6572e6]
[b3207:521397] [ 6] /cluster/projects/nn14654k/ylvaos/mrchem/install/bin/mrchem.x[0x658dc4]
[b3207:521397] [ 7] /cluster/projects/nn14654k/ylvaos/mrchem/install/bin/mrchem.x[0x46ab7f]
[b3207:521397] [ 8] /cluster/projects/nn14654k/ylvaos/mrchem/install/bin/mrchem.x[0x47b912]
[b3207:521397] [ 9] /cluster/projects/nn14654k/ylvaos/mrchem/install/bin/mrchem.x[0x42d5b0]
[b3207:521397] [10] /lib64/libc.so.6(+0x54db0)[0x1539a8854db0]
[b3202:409546] [ 1] /lib64/libc.so.6(raise+0x16)[0x14cfd9654d06]
[b3205:386510] [ 3] /lib64/libc.so.6(abort+0xd3)[0x14cfd96287f3]
[b3205:386510] [ 4] /cluster/projects/nn14654k/ylvaos/mrchem/install/bin/mrchem.x[0x428e4b]
[b3205:386510] [ 5] /cluster/projects/nn14654k/ylvaos/mrchem/install/bin/mrchem.x[0x6572e6]
[b3205:386510] [ 6] /cluster/projects/nn14654k/ylvaos/mrchem/install/bin/mrchem.x[0x658dc4]
[b3205:386510] [ 7] /cluster/projects/nn14654k/ylvaos/mrchem/install/bin/mrchem.x[0x46ab7f]
[b3205:386510] [ 8] /cluster/projects/nn14654k/ylvaos/mrchem/install/bin/mrchem.x[0x47b912]
[b3205:386510] [ 9] /cluster/projects/nn14654k/ylvaos/mrchem/install/bin/mrchem.x[0x42d5b0]
[b3205:386510] [10] /lib64/libc.so.6(+0x54db0)[0x14cd51854db0]
[b3207:521401] [ 1] /lib64/libc.so.6(+0x54db0)[0x147d16454db0]
[b3202:409543] [ 1] /lib64/libc.so.6(+0xa154c)[0x147d164a154c]
[b3202:409543] [ 2] [b3205:386512] [ 3] /lib64/libc.so.6(abort+0xd3)[0x14fab5a287f3]
[b3205:386512] [ 4] /cluster/projects/nn14654k/ylvaos/mrchem/install/bin/mrchem.x[0x428e4b]
[b3205:386512] [ 5] /cluster/projects/nn14654k/ylvaos/mrchem/install/bin/mrchem.x[0x6572e6]
[b3205:386512] [ 6] /cluster/projects/nn14654k/ylvaos/mrchem/install/bin/mrchem.x[0x658dc4]
[b3205:386512] [ 7] /cluster/projects/nn14654k/ylvaos/mrchem/install/bin/mrchem.x[0x46ab7f]
[b3205:386512] [ 8] /cluster/projects/nn14654k/ylvaos/mrchem/install/bin/mrchem.x[0x47b912]
[b3205:386512] [ 9] /cluster/projects/nn14654k/ylvaos/mrchem/install/bin/mrchem.x[0x42d5b0]
[b3205:386512] [10] /lib64/libc.so.6(+0x54db0)[0x153d16a54db0]
[b3207:521398] [ 1] /lib64/libc.so.6(+0x54db0)[0x14e437c54db0]
[b3202:409547] [ 1] /lib64/libc.so.6(+0xa154c)[0x14e437ca154c]
[b3202:409547] [ 2] /lib64/libc.so.6(raise+0x16)[0x14e437c54d06]
/lib64/libc.so.6(+0x54db0)[0x14dcdb854db0]
[b3205:386511] [ 1] /cluster/projects/nn14654k/ylvaos/mrchem/install/bin/mrchem.x[0x6572e6]
[b3207:521396] [ 6] /cluster/projects/nn14654k/ylvaos/mrchem/install/bin/mrchem.x[0x658dc4]
[b3207:521396] [ 7] /cluster/projects/nn14654k/ylvaos/mrchem/install/bin/mrchem.x[0x46ab7f]
[b3207:521396] [ 8] /cluster/projects/nn14654k/ylvaos/mrchem/install/bin/mrchem.x[0x47b912]
[b3207:521396] [ 9] /cluster/projects/nn14654k/ylvaos/mrchem/install/bin/mrchem.x[0x42d5b0]
[b3207:521396] [10] /lib64/libc.so.6(+0x3feb0)[0x14c7f063feb0]
[b3207:521396] [11] /lib64/libc.so.6(+0x54db0)[0x146e41c54db0]
[b3202:409544] [ 1] /lib64/libc.so.6(+0xa154c)[0x146e41ca154c]
[b3202:409544] [ 2] /lib64/libc.so.6(raise+0x16)[0x146e41c54d06]
[b3202:409544] /cluster/projects/nn14654k/ylvaos/mrchem/install/bin/mrchem.x[0x428e4b]
[b3205:386515] [ 5] /cluster/projects/nn14654k/ylvaos/mrchem/install/bin/mrchem.x[0x6572e6]
[b3205:386515] [ 6] /cluster/projects/nn14654k/ylvaos/mrchem/install/bin/mrchem.x[0x658dc4]
[b3205:386515] [ 7] /cluster/projects/nn14654k/ylvaos/mrchem/install/bin/mrchem.x[0x46ab7f]
[b3205:386515] [ 8] /cluster/projects/nn14654k/ylvaos/mrchem/install/bin/mrchem.x[0x47b912]
[b3205:386515] [ 9] /cluster/projects/nn14654k/ylvaos/mrchem/install/bin/mrchem.x[0x42d5b0]
[b3205:386515] [10] /lib64/libc.so.6(+0x3feb0)[0x14702003feb0]
/lib64/libc.so.6(+0x3feb0)[0x153251a3feb0]
[b3207:521397] [11] /lib64/libc.so.6(__libc_start_main+0x80)[0x153251a3ff60]
[b3207:521397] [12] /cluster/projects/nn14654k/ylvaos/mrchem/install/bin/mrchem.x[0x431305]
[b3207:521397] *** End of error message ***
/lib64/libc.so.6(+0xa154c)[0x1539a88a154c]
[b3202:409546] [ 2] /lib64/libc.so.6(raise+0x16)[0x1539a8854d06]
[b3202:409546] [ 3] /lib64/libc.so.6(abort+0xd3)[0x1539a88287f3]
[b3202:409546] [ 4] /cluster/projects/nn14654k/ylvaos/mrchem/install/bin/mrchem.x[0x428e4b]
[b3202:409546] [ 5] /cluster/projects/nn14654k/ylvaos/mrchem/install/bin/mrchem.x[0x6572e6]
[b3202:409546] [ 6] /lib64/libc.so.6(+0x3feb0)[0x14cfd963feb0]
[b3205:386510] [11] /lib64/libc.so.6(__libc_start_main+0x80)[0x14cfd963ff60]
[b3205:386510] [12] /cluster/projects/nn14654k/ylvaos/mrchem/install/bin/mrchem.x[0x431305]
[b3205:386510] *** End of error message ***
/lib64/libc.so.6(+0xa154c)[0x14cd518a154c]
[b3207:521401] [ 2] /lib64/libc.so.6(raise+0x16)[0x147d16454d06]
[b3202:409543] [ 3] /lib64/libc.so.6(abort+0xd3)[0x147d164287f3]
[b3202:409543] [ 4] /cluster/projects/nn14654k/ylvaos/mrchem/install/bin/mrchem.x[0x428e4b]
[b3202:409543] [ 5] /cluster/projects/nn14654k/ylvaos/mrchem/install/bin/mrchem.x[0x6572e6]
[b3202:409543] [ 6] /cluster/projects/nn14654k/ylvaos/mrchem/install/bin/mrchem.x[0x658dc4]
[b3202:409543] [ 7] /cluster/projects/nn14654k/ylvaos/mrchem/install/bin/mrchem.x[0x46ab7f]
[b3202:409543] [ 8] /cluster/projects/nn14654k/ylvaos/mrchem/install/bin/mrchem.x[0x47b912]
[b3202:409543] [ 9] /cluster/projects/nn14654k/ylvaos/mrchem/install/bin/mrchem.x[0x42d5b0]
[b3202:409543] [10] /lib64/libc.so.6(+0x3feb0)[0x14fab5a3feb0]
[b3205:386512] [11] /lib64/libc.so.6(__libc_start_main+0x80)[0x14fab5a3ff60]
[b3205:386512] [12] /cluster/projects/nn14654k/ylvaos/mrchem/install/bin/mrchem.x[0x431305]
[b3205:386512] *** End of error message ***
/lib64/libc.so.6(+0xa154c)[0x153d16aa154c]
[b3207:521398] [ 2] [b3202:409547] [ 3] /lib64/libc.so.6(abort+0xd3)[0x14e437c287f3]
[b3202:409547] [ 4] /cluster/projects/nn14654k/ylvaos/mrchem/install/bin/mrchem.x[0x428e4b]
[b3202:409547] [ 5] /cluster/projects/nn14654k/ylvaos/mrchem/install/bin/mrchem.x[0x6572e6]
[b3202:409547] [ 6] /cluster/projects/nn14654k/ylvaos/mrchem/install/bin/mrchem.x[0x658dc4]
[b3202:409547] [ 7] /cluster/projects/nn14654k/ylvaos/mrchem/install/bin/mrchem.x[0x46ab7f]
[b3202:409547] [ 8] /cluster/projects/nn14654k/ylvaos/mrchem/install/bin/mrchem.x[0x47b912]
[b3202:409547] [ 9] /cluster/projects/nn14654k/ylvaos/mrchem/install/bin/mrchem.x[0x42d5b0]
[b3202:409547] [10] /lib64/libc.so.6(+0xa154c)[0x14dcdb8a154c]
[b3205:386511] [ 2] /lib64/libc.so.6(raise+0x16)[0x14dcdb854d06]
[b3205:386511] [ 3] /lib64/libc.so.6(__libc_start_main+0x80)[0x14c7f063ff60]
[b3207:521396] [12] /cluster/projects/nn14654k/ylvaos/mrchem/install/bin/mrchem.x[0x431305]
[b3207:521396] *** End of error message ***
[ 3] /lib64/libc.so.6(abort+0xd3)[0x146e41c287f3]
[b3202:409544] [ 4] /cluster/projects/nn14654k/ylvaos/mrchem/install/bin/mrchem.x[0x428e4b]
[b3202:409544] [ 5] /cluster/projects/nn14654k/ylvaos/mrchem/install/bin/mrchem.x[0x6572e6]
[b3202:409544] [ 6] /cluster/projects/nn14654k/ylvaos/mrchem/install/bin/mrchem.x[0x658dc4]
[b3202:409544] [ 7] /cluster/projects/nn14654k/ylvaos/mrchem/install/bin/mrchem.x[0x46ab7f]
[b3202:409544] [ 8] /cluster/projects/nn14654k/ylvaos/mrchem/install/bin/mrchem.x[0x47b912]
[b3202:409544] [ 9] /cluster/projects/nn14654k/ylvaos/mrchem/install/bin/mrchem.x[0x42d5b0]
[b3202:409544] [10] /lib64/libc.so.6(+0x3feb0)[0x146e41c3feb0]
[b3205:386515] [11] /lib64/libc.so.6(__libc_start_main+0x80)[0x14702003ff60]
[b3205:386515] [12] /cluster/projects/nn14654k/ylvaos/mrchem/install/bin/mrchem.x[0x431305]
[b3205:386515] *** End of error message ***
/lib64/libc.so.6(raise+0x16)[0x14cd51854d06]
[b3207:521401] [ 3] /cluster/projects/nn14654k/ylvaos/mrchem/install/bin/mrchem.x[0x658dc4]
[b3202:409546] [ 7] /cluster/projects/nn14654k/ylvaos/mrchem/install/bin/mrchem.x[0x46ab7f]
[b3202:409546] [ 8] /cluster/projects/nn14654k/ylvaos/mrchem/install/bin/mrchem.x[0x47b912]
[b3202:409546] [ 9] /cluster/projects/nn14654k/ylvaos/mrchem/install/bin/mrchem.x[0x42d5b0]
[b3202:409546] [10] /lib64/libc.so.6(+0x3feb0)[0x1539a883feb0]
[b3202:409546] [11] /lib64/libc.so.6(__libc_start_main+0x80)[0x1539a883ff60]
[b3202:409546] [12] /cluster/projects/nn14654k/ylvaos/mrchem/install/bin/mrchem.x[0x431305]
[b3202:409546] *** End of error message ***
/lib64/libc.so.6(abort+0xd3)[0x14dcdb8287f3]
[b3205:386511] [ 4] /lib64/libc.so.6(raise+0x16)[0x153d16a54d06]
[b3207:521398] [ 3] /lib64/libc.so.6(+0x3feb0)[0x147d1643feb0]
[b3202:409543] [11] /lib64/libc.so.6(__libc_start_main+0x80)[0x147d1643ff60]
[b3202:409543] [12] /cluster/projects/nn14654k/ylvaos/mrchem/install/bin/mrchem.x[0x431305]
[b3202:409543] *** End of error message ***
/cluster/projects/nn14654k/ylvaos/mrchem/install/bin/mrchem.x[0x428e4b]
[b3205:386511] [ 5] /lib64/libc.so.6(abort+0xd3)[0x14cd518287f3]
[b3207:521401] [ 4] /cluster/projects/nn14654k/ylvaos/mrchem/install/bin/mrchem.x[0x428e4b]
[b3207:521401] [ 5] /lib64/libc.so.6(+0x3feb0)[0x14e437c3feb0]
[b3202:409547] [11] /lib64/libc.so.6(__libc_start_main+0x80)[0x14e437c3ff60]
[b3202:409547] [12] /cluster/projects/nn14654k/ylvaos/mrchem/install/bin/mrchem.x[0x431305]
[b3202:409547] *** End of error message ***
/cluster/projects/nn14654k/ylvaos/mrchem/install/bin/mrchem.x[0x6572e6]
[b3205:386511] [ 6] /cluster/projects/nn14654k/ylvaos/mrchem/install/bin/mrchem.x[0x6572e6]
[b3207:521401] [ 6] /cluster/projects/nn14654k/ylvaos/mrchem/install/bin/mrchem.x[0x658dc4]
[b3207:521401] [ 7] [b3202:409544] [11] /lib64/libc.so.6(__libc_start_main+0x80)[0x146e41c3ff60]
[b3202:409544] [12] /cluster/projects/nn14654k/ylvaos/mrchem/install/bin/mrchem.x[0x431305]
[b3202:409544] *** End of error message ***
/cluster/projects/nn14654k/ylvaos/mrchem/install/bin/mrchem.x[0x658dc4]
[b3205:386511] [ 7] /cluster/projects/nn14654k/ylvaos/mrchem/install/bin/mrchem.x[0x46ab7f]
[b3205:386511] [ 8] /cluster/projects/nn14654k/ylvaos/mrchem/install/bin/mrchem.x[0x47b912]
[b3205:386511] [ 9] /lib64/libc.so.6(abort+0xd3)[0x153d16a287f3]
[b3207:521398] [ 4] /cluster/projects/nn14654k/ylvaos/mrchem/install/bin/mrchem.x[0x428e4b]
[b3207:521398] [ 5] /cluster/projects/nn14654k/ylvaos/mrchem/install/bin/mrchem.x[0x42d5b0]
[b3205:386511] [10] /cluster/projects/nn14654k/ylvaos/mrchem/install/bin/mrchem.x[0x46ab7f]
[b3207:521401] [ 8] /cluster/projects/nn14654k/ylvaos/mrchem/install/bin/mrchem.x[0x47b912]
[b3207:521401] [ 9] /cluster/projects/nn14654k/ylvaos/mrchem/install/bin/mrchem.x[0x42d5b0]
[b3207:521401] [10] /lib64/libc.so.6(+0x3feb0)[0x14dcdb83feb0]
[b3205:386511] [11] /cluster/projects/nn14654k/ylvaos/mrchem/install/bin/mrchem.x[0x6572e6]
[b3207:521398] [ 6] /cluster/projects/nn14654k/ylvaos/mrchem/install/bin/mrchem.x[0x658dc4]
[b3207:521398] [ 7] /lib64/libc.so.6(__libc_start_main+0x80)[0x14dcdb83ff60]
[b3205:386511] /cluster/projects/nn14654k/ylvaos/mrchem/install/bin/mrchem.x[0x46ab7f]
[b3207:521398] [ 8] /cluster/projects/nn14654k/ylvaos/mrchem/install/bin/mrchem.x[0x47b912]
[b3207:521398] [ 9] [12] /cluster/projects/nn14654k/ylvaos/mrchem/install/bin/mrchem.x[0x431305]
[b3205:386511] *** End of error message ***
/lib64/libc.so.6(+0x3feb0)[0x14cd5183feb0]
[b3207:521401] [11] /cluster/projects/nn14654k/ylvaos/mrchem/install/bin/mrchem.x[0x42d5b0]
[b3207:521398] [10] /lib64/libc.so.6(__libc_start_main+0x80)[0x14cd5183ff60]
[b3207:521401] [12] /cluster/projects/nn14654k/ylvaos/mrchem/install/bin/mrchem.x[0x431305]
[b3207:521401] *** End of error message ***
/lib64/libc.so.6(+0x3feb0)[0x153d16a3feb0]
[b3207:521398] [11] /lib64/libc.so.6(__libc_start_main+0x80)[0x153d16a3ff60]
[b3207:521398] [12] /cluster/projects/nn14654k/ylvaos/mrchem/install/bin/mrchem.x[0x431305]
[b3207:521398] *** End of error message ***
[b3201:1302656] *** Process received signal ***
[b3201:1302656] Signal: Aborted (6)
[b3201:1302656] Signal code:  (-6)
[b3201:1302659] *** Process received signal ***
[b3201:1302659] Signal: Aborted (6)
[b3201:1302659] Signal code:  (-6)
[b3201:1302657] *** Process received signal ***
[b3201:1302657] Signal: Aborted (6)
[b3201:1302657] Signal code:  (-6)
[b3208:891397] *** Process received signal ***
[b3208:891397] Signal: Aborted (6)
[b3208:891397] Signal code:  (-6)
[b3208:891396] *** Process received signal ***
[b3208:891396] Signal: Aborted (6)
[b3208:891396] Signal code:  (-6)
[b3208:891394] *** Process received signal ***
[b3208:891394] Signal: Aborted (6)
[b3208:891394] Signal code:  (-6)
[b3208:891395] *** Process received signal ***
[b3208:891395] Signal: Aborted (6)
[b3208:891395] Signal code:  (-6)
[b3206:62729] *** Process received signal ***
[b3206:62729] Signal: Aborted (6)
[b3206:62729] Signal code:  (-6)
[b3206:62726] *** Process received signal ***
[b3206:62726] Signal: Aborted (6)
[b3206:62726] Signal code:  (-6)
[b3206:62725] *** Process received signal ***
[b3206:62725] Signal: Aborted (6)
[b3206:62725] Signal code:  (-6)
[b3206:62727] *** Process received signal ***
[b3206:62727] Signal: Aborted (6)
[b3206:62727] Signal code:  (-6)
[b3204:1268147] *** Process received signal ***
[b3204:1268147] Signal: Aborted (6)
[b3204:1268147] Signal code:  (-6)
[b3204:1268146] *** Process received signal ***
[b3204:1268146] Signal: Aborted (6)
[b3204:1268146] Signal code:  (-6)
[b3204:1268148] *** Process received signal ***
[b3204:1268148] Signal: Aborted (6)
[b3204:1268148] Signal code:  (-6)
[b3204:1268150] *** Process received signal ***
[b3204:1268150] Signal: Aborted (6)
[b3204:1268150] Signal code:  (-6)
[b3206:62726] [ 0] [b3208:891396] [ 0] [b3204:1268147] [ 0] [b3206:62729] [ 0] [b3208:891395] [ 0] [b3204:1268148] [ 0] [b3206:62725] [ 0] [b3208:891394] [ 0] /lib64/libc.so.6(+0x54db0)[0x153d49a54db0]
[b3204:1268150] [ 0] [b3206:62727] [ 0] /lib64/libc.so.6(+0x54db0)[0x1531edc54db0]
[b3206:62726] [ 1] /lib64/libc.so.6(+0xa154c)[0x1531edca154c]
[b3206:62726] [ 2] [b3208:891397] [ 0] /lib64/libc.so.6(+0x54db0)[0x14b640c54db0]
[b3208:891397] [ 1] /lib64/libc.so.6(+0x54db0)[0x14eee6a54db0]
[b3206:62729] [ 1] /lib64/libc.so.6(+0xa154c)[0x14eee6aa154c]
[b3206:62729] [ 2] /lib64/libc.so.6(+0x54db0)[0x14e260054db0]
[b3206:62725] [ 1] /lib64/libc.so.6(+0xa154c)[0x14e2600a154c]
[b3206:62725] [ 2] /lib64/libc.so.6(+0x54db0)[0x14cb96054db0]
[b3204:1268147] [ 1] /lib64/libc.so.6(+0x54db0)[0x148c68c54db0]
[b3206:62727] [ 1] /lib64/libc.so.6(+0xa154c)[0x148c68ca154c]
[b3206:62727] [ 2] [b3204:1268146] [ 0] /lib64/libc.so.6(+0x54db0)[0x1512f2254db0]
[b3204:1268146] [ 1] /lib64/libc.so.6(raise+0x16)[0x1531edc54d06]
[b3206:62726] [ 3] /lib64/libc.so.6(abort+0xd3)[0x1531edc287f3]
[b3206:62726] [ 4] /cluster/projects/nn14654k/ylvaos/mrchem/install/bin/mrchem.x[0x428e4b]
[b3206:62726] [ 5] /cluster/projects/nn14654k/ylvaos/mrchem/install/bin/mrchem.x[0x6572e6]
[b3206:62726] [ 6] /cluster/projects/nn14654k/ylvaos/mrchem/install/bin/mrchem.x[0x658dc4]
[b3206:62726] [ 7] /cluster/projects/nn14654k/ylvaos/mrchem/install/bin/mrchem.x[0x46ab7f]
[b3206:62726] [ 8] /lib64/libc.so.6(+0x54db0)[0x14610f054db0]
[b3208:891396] [ 1] /lib64/libc.so.6(+0xa154c)[0x14610f0a154c]
[b3208:891396] [ 2] /lib64/libc.so.6(raise+0x16)[0x14610f054d06]
[b3208:891396] [ 3] /lib64/libc.so.6(raise+0x16)[0x14eee6a54d06]
[b3206:62729] [ 3] /lib64/libc.so.6(abort+0xd3)[0x14eee6a287f3]
[b3206:62729] [ 4] /cluster/projects/nn14654k/ylvaos/mrchem/install/bin/mrchem.x[0x428e4b]
[b3206:62729] [ 5] /cluster/projects/nn14654k/ylvaos/mrchem/install/bin/mrchem.x[0x6572e6]
[b3206:62729] [ 6] /cluster/projects/nn14654k/ylvaos/mrchem/install/bin/mrchem.x[0x658dc4]
[b3206:62729] [ 7] /lib64/libc.so.6(raise+0x16)[0x14e260054d06]
[b3206:62725] [ 3] /lib64/libc.so.6(abort+0xd3)[0x14e2600287f3]
[b3206:62725] [ 4] /cluster/projects/nn14654k/ylvaos/mrchem/install/bin/mrchem.x[0x428e4b]
[b3206:62725] [ 5] /cluster/projects/nn14654k/ylvaos/mrchem/install/bin/mrchem.x[0x6572e6]
[b3206:62725] [ 6] /cluster/projects/nn14654k/ylvaos/mrchem/install/bin/mrchem.x[0x658dc4]
[b3206:62725] [ 7] /cluster/projects/nn14654k/ylvaos/mrchem/install/bin/mrchem.x[0x46ab7f]
/lib64/libc.so.6(+0x54db0)[0x14f981a54db0]
[b3204:1268150] [ 1] /lib64/libc.so.6(+0xa154c)[0x14f981aa154c]
[b3204:1268150] [ 2] /lib64/libc.so.6(+0x54db0)[0x14e6c1c54db0]
[b3204:1268148] [ 1] /lib64/libc.so.6(+0xa154c)[0x14e6c1ca154c]
[b3204:1268148] [ 2] /cluster/projects/nn14654k/ylvaos/mrchem/install/bin/mrchem.x[0x47b912]
[b3206:62726] [ 9] /cluster/projects/nn14654k/ylvaos/mrchem/install/bin/mrchem.x[0x42d5b0]
[b3206:62726] [10] /lib64/libc.so.6(+0x3feb0)[0x1531edc3feb0]
[b3206:62726] [11] /lib64/libc.so.6(__libc_start_main+0x80)[0x1531edc3ff60]
[b3206:62726] [12] /cluster/projects/nn14654k/ylvaos/mrchem/install/bin/mrchem.x[0x431305]
[b3206:62726] *** End of error message ***
/lib64/libc.so.6(raise+0x16)[0x148c68c54d06]
[b3206:62727] [ 3] /lib64/libc.so.6(abort+0xd3)[0x148c68c287f3]
[b3206:62727] [ 4] /cluster/projects/nn14654k/ylvaos/mrchem/install/bin/mrchem.x[0x428e4b]
[b3206:62727] [ 5] /cluster/projects/nn14654k/ylvaos/mrchem/install/bin/mrchem.x[0x6572e6]
[b3206:62727] [ 6] /lib64/libc.so.6(+0x54db0)[0x147c9b054db0]
[b3208:891395] [ 1] /lib64/libc.so.6(+0xa154c)[0x147c9b0a154c]
[b3208:891395] [ 2] /lib64/libc.so.6(raise+0x16)[0x147c9b054d06]
[b3208:891395] [ 3] /lib64/libc.so.6(+0xa154c)[0x14cb960a154c]
[b3204:1268147] [ 2] /lib64/libc.so.6(raise+0x16)[0x14cb96054d06]
[b3204:1268147] [ 3] /lib64/libc.so.6(abort+0xd3)[0x14cb960287f3]
[b3204:1268147] [ 4] /cluster/projects/nn14654k/ylvaos/mrchem/install/bin/mrchem.x[0x428e4b]
[b3204:1268147] [ 5] /cluster/projects/nn14654k/ylvaos/mrchem/install/bin/mrchem.x[0x6572e6]
[b3204:1268147] [ 6] /cluster/projects/nn14654k/ylvaos/mrchem/install/bin/mrchem.x[0x658dc4]
[b3204:1268147] [ 7] /cluster/projects/nn14654k/ylvaos/mrchem/install/bin/mrchem.x[0x46ab7f]
[b3204:1268147] [ 8] /cluster/projects/nn14654k/ylvaos/mrchem/install/bin/mrchem.x[0x47b912]
[b3204:1268147] [ 9] /cluster/projects/nn14654k/ylvaos/mrchem/install/bin/mrchem.x[0x42d5b0]
[b3208:891394] [ 1] /lib64/libc.so.6(+0xa154c)[0x153d49aa154c]
[b3208:891394] [ 2] /lib64/libc.so.6(raise+0x16)[0x153d49a54d06]
[b3208:891394] [ 3] /lib64/libc.so.6(abort+0xd3)[0x153d49a287f3]
[b3208:891394] [ 4] /cluster/projects/nn14654k/ylvaos/mrchem/install/bin/mrchem.x[0x428e4b]
[b3208:891394] [ 5] /lib64/libc.so.6(+0xa154c)[0x1512f22a154c]
[b3204:1268146] [ 2] /lib64/libc.so.6(raise+0x16)[0x1512f2254d06]
[b3204:1268146] [ 3] /lib64/libc.so.6(abort+0xd3)[0x1512f22287f3]
[b3204:1268146] [ 4] /cluster/projects/nn14654k/ylvaos/mrchem/install/bin/mrchem.x[0x428e4b]
[b3204:1268146] [ 5] /cluster/projects/nn14654k/ylvaos/mrchem/install/bin/mrchem.x[0x6572e6]
[b3204:1268146] [ 6] /cluster/projects/nn14654k/ylvaos/mrchem/install/bin/mrchem.x[0x658dc4]
[b3204:1268146] [ 7] /lib64/libc.so.6(+0xa154c)[0x14b640ca154c]
[b3208:891397] [ 2] /lib64/libc.so.6(raise+0x16)[0x14b640c54d06]
[b3208:891397] [ 3] /lib64/libc.so.6(abort+0xd3)[0x14b640c287f3]
[b3208:891397] [ 4] /cluster/projects/nn14654k/ylvaos/mrchem/install/bin/mrchem.x[0x428e4b]
[b3208:891397] [ 5] /cluster/projects/nn14654k/ylvaos/mrchem/install/bin/mrchem.x[0x6572e6]
[b3208:891397] [ 6] /cluster/projects/nn14654k/ylvaos/mrchem/install/bin/mrchem.x[0x658dc4]
[b3208:891397] [ 7] /lib64/libc.so.6(abort+0xd3)[0x14610f0287f3]
[b3208:891396] [ 4] /cluster/projects/nn14654k/ylvaos/mrchem/install/bin/mrchem.x[0x428e4b]
[b3208:891396] [ 5] /cluster/projects/nn14654k/ylvaos/mrchem/install/bin/mrchem.x[0x6572e6]
[b3208:891396] [ 6] /cluster/projects/nn14654k/ylvaos/mrchem/install/bin/mrchem.x[0x658dc4]
[b3208:891396] [ 7] /cluster/projects/nn14654k/ylvaos/mrchem/install/bin/mrchem.x[0x46ab7f]
[b3208:891396] [ 8] /cluster/projects/nn14654k/ylvaos/mrchem/install/bin/mrchem.x[0x47b912]
[b3208:891396] [ 9] /cluster/projects/nn14654k/ylvaos/mrchem/install/bin/mrchem.x[0x42d5b0]
[b3208:891396] [10] /lib64/libc.so.6(+0x3feb0)[0x14610f03feb0]
[b3208:891396] [11] /lib64/libc.so.6(__libc_start_main+0x80)[0x14610f03ff60]
[b3208:891396] [12] /cluster/projects/nn14654k/ylvaos/mrchem/install/bin/mrchem.x[0x431305]
[b3208:891396] *** End of error message ***
/cluster/projects/nn14654k/ylvaos/mrchem/install/bin/mrchem.x[0x46ab7f]
[b3206:62729] [ 8] /cluster/projects/nn14654k/ylvaos/mrchem/install/bin/mrchem.x[0x47b912]
[b3206:62729] [ 9] /cluster/projects/nn14654k/ylvaos/mrchem/install/bin/mrchem.x[0x42d5b0]
[b3206:62729] [10] /lib64/libc.so.6(+0x3feb0)[0x14eee6a3feb0]
[b3206:62729] [11] /lib64/libc.so.6(__libc_start_main+0x80)[0x14eee6a3ff60]
[b3206:62729] [12] /cluster/projects/nn14654k/ylvaos/mrchem/install/bin/mrchem.x[0x431305]
[b3206:62729] *** End of error message ***
[b3206:62725] [ 8] /cluster/projects/nn14654k/ylvaos/mrchem/install/bin/mrchem.x[0x47b912]
[b3206:62725] [ 9] /cluster/projects/nn14654k/ylvaos/mrchem/install/bin/mrchem.x[0x42d5b0]
[b3206:62725] [10] /lib64/libc.so.6(+0x3feb0)[0x14e26003feb0]
[b3206:62725] [11] /lib64/libc.so.6(__libc_start_main+0x80)[0x14e26003ff60]
[b3206:62725] [12] /cluster/projects/nn14654k/ylvaos/mrchem/install/bin/mrchem.x[0x431305]
[b3206:62725] *** End of error message ***
/cluster/projects/nn14654k/ylvaos/mrchem/install/bin/mrchem.x[0x658dc4]
[b3206:62727] [ 7] /cluster/projects/nn14654k/ylvaos/mrchem/install/bin/mrchem.x[0x46ab7f]
[b3206:62727] [ 8] /cluster/projects/nn14654k/ylvaos/mrchem/install/bin/mrchem.x[0x47b912]
[b3206:62727] [ 9] /cluster/projects/nn14654k/ylvaos/mrchem/install/bin/mrchem.x[0x42d5b0]
[b3206:62727] [10] /lib64/libc.so.6(raise+0x16)[0x14f981a54d06]
[b3204:1268150] [ 3] /lib64/libc.so.6(abort+0xd3)[0x14f981a287f3]
[b3204:1268150] [ 4] /cluster/projects/nn14654k/ylvaos/mrchem/install/bin/mrchem.x[0x428e4b]
[b3204:1268150] [ 5] /cluster/projects/nn14654k/ylvaos/mrchem/install/bin/mrchem.x[0x6572e6]
[b3204:1268150] [ 6] /cluster/projects/nn14654k/ylvaos/mrchem/install/bin/mrchem.x[0x658dc4]
[b3204:1268150] [ 7] /cluster/projects/nn14654k/ylvaos/mrchem/install/bin/mrchem.x[0x46ab7f]
[b3204:1268150] [ 8] /cluster/projects/nn14654k/ylvaos/mrchem/install/bin/mrchem.x[0x47b912]
[b3204:1268150] [ 9] /cluster/projects/nn14654k/ylvaos/mrchem/install/bin/mrchem.x[0x42d5b0]
[b3204:1268150] [10] /lib64/libc.so.6(raise+0x16)[0x14e6c1c54d06]
[b3204:1268148] [ 3] /lib64/libc.so.6(abort+0xd3)[0x14e6c1c287f3]
[b3204:1268148] [ 4] /cluster/projects/nn14654k/ylvaos/mrchem/install/bin/mrchem.x[0x428e4b]
[b3204:1268148] [ 5] /cluster/projects/nn14654k/ylvaos/mrchem/install/bin/mrchem.x[0x6572e6]
[b3204:1268148] [ 6] /cluster/projects/nn14654k/ylvaos/mrchem/install/bin/mrchem.x[0x658dc4]
[b3204:1268148] [ 7] /cluster/projects/nn14654k/ylvaos/mrchem/install/bin/mrchem.x[0x46ab7f]
[b3204:1268148] [ 8] /cluster/projects/nn14654k/ylvaos/mrchem/install/bin/mrchem.x[0x47b912]
[b3204:1268148] [ 9] /cluster/projects/nn14654k/ylvaos/mrchem/install/bin/mrchem.x[0x42d5b0]
[b3204:1268148] [10] [b3204:1268147] [10] /lib64/libc.so.6(+0x3feb0)[0x14cb9603feb0]
[b3204:1268147] [11] /lib64/libc.so.6(__libc_start_main+0x80)[0x14cb9603ff60]
[b3204:1268147] [12] /cluster/projects/nn14654k/ylvaos/mrchem/install/bin/mrchem.x[0x431305]
[b3204:1268147] *** End of error message ***
/lib64/libc.so.6(abort+0xd3)[0x147c9b0287f3]
[b3208:891395] [ 4] /cluster/projects/nn14654k/ylvaos/mrchem/install/bin/mrchem.x[0x428e4b]
[b3208:891395] [ 5] /cluster/projects/nn14654k/ylvaos/mrchem/install/bin/mrchem.x[0x6572e6]
[b3208:891395] [ 6] /cluster/projects/nn14654k/ylvaos/mrchem/install/bin/mrchem.x[0x658dc4]
[b3208:891395] [ 7] /cluster/projects/nn14654k/ylvaos/mrchem/install/bin/mrchem.x[0x46ab7f]
[b3208:891395] [ 8] /cluster/projects/nn14654k/ylvaos/mrchem/install/bin/mrchem.x[0x47b912]
[b3208:891395] [ 9] /cluster/projects/nn14654k/ylvaos/mrchem/install/bin/mrchem.x[0x42d5b0]
[b3208:891395] [10] /lib64/libc.so.6(+0x3feb0)[0x147c9b03feb0]
[b3208:891395] [11] /lib64/libc.so.6(__libc_start_main+0x80)[0x147c9b03ff60]
[b3208:891395] [12] /cluster/projects/nn14654k/ylvaos/mrchem/install/bin/mrchem.x[0x431305]
[b3208:891395] *** End of error message ***
/cluster/projects/nn14654k/ylvaos/mrchem/install/bin/mrchem.x[0x6572e6]
[b3208:891394] [ 6] /cluster/projects/nn14654k/ylvaos/mrchem/install/bin/mrchem.x[0x658dc4]
[b3208:891394] [ 7] /cluster/projects/nn14654k/ylvaos/mrchem/install/bin/mrchem.x[0x46ab7f]
[b3208:891394] [ 8] /cluster/projects/nn14654k/ylvaos/mrchem/install/bin/mrchem.x[0x47b912]
[b3208:891394] [ 9] /cluster/projects/nn14654k/ylvaos/mrchem/install/bin/mrchem.x[0x42d5b0]
[b3208:891394] [10] /lib64/libc.so.6(+0x3feb0)[0x153d49a3feb0]
[b3208:891394] [11] /lib64/libc.so.6(__libc_start_main+0x80)[0x153d49a3ff60]
[b3208:891394] [12] /cluster/projects/nn14654k/ylvaos/mrchem/install/bin/mrchem.x[0x431305]
[b3208:891394] *** End of error message ***
/cluster/projects/nn14654k/ylvaos/mrchem/install/bin/mrchem.x[0x46ab7f]
[b3208:891397] [ 8] /cluster/projects/nn14654k/ylvaos/mrchem/install/bin/mrchem.x[0x47b912]
[b3208:891397] [ 9] /cluster/projects/nn14654k/ylvaos/mrchem/install/bin/mrchem.x[0x42d5b0]
[b3208:891397] [10] /lib64/libc.so.6(+0x3feb0)[0x14b640c3feb0]
[b3208:891397] [11] /lib64/libc.so.6(__libc_start_main+0x80)[0x14b640c3ff60]
[b3208:891397] [12] /cluster/projects/nn14654k/ylvaos/mrchem/install/bin/mrchem.x[0x431305]
[b3208:891397] *** End of error message ***
/cluster/projects/nn14654k/ylvaos/mrchem/install/bin/mrchem.x[0x46ab7f]
[b3204:1268146] [ 8] /cluster/projects/nn14654k/ylvaos/mrchem/install/bin/mrchem.x[0x47b912]
[b3204:1268146] [ 9] /cluster/projects/nn14654k/ylvaos/mrchem/install/bin/mrchem.x[0x42d5b0]
[b3204:1268146] [10] /lib64/libc.so.6(+0x3feb0)[0x1512f223feb0]
[b3204:1268146] [11] /lib64/libc.so.6(__libc_start_main+0x80)[0x1512f223ff60]
[b3204:1268146] [12] /cluster/projects/nn14654k/ylvaos/mrchem/install/bin/mrchem.x[0x431305]
[b3204:1268146] *** End of error message ***
/lib64/libc.so.6(+0x3feb0)[0x14f981a3feb0]
[b3204:1268150] [11] /lib64/libc.so.6(__libc_start_main+0x80)[0x14f981a3ff60]
[b3204:1268150] [12] /cluster/projects/nn14654k/ylvaos/mrchem/install/bin/mrchem.x[0x431305]
[b3204:1268150] *** End of error message ***
/lib64/libc.so.6(+0x3feb0)[0x14e6c1c3feb0]
[b3204:1268148] [11] /lib64/libc.so.6(__libc_start_main+0x80)[0x14e6c1c3ff60]
[b3204:1268148] [12] /cluster/projects/nn14654k/ylvaos/mrchem/install/bin/mrchem.x[0x431305]
[b3204:1268148] *** End of error message ***
/lib64/libc.so.6(+0x3feb0)[0x148c68c3feb0]
[b3206:62727] [11] /lib64/libc.so.6(__libc_start_main+0x80)[0x148c68c3ff60]
[b3206:62727] [12] /cluster/projects/nn14654k/ylvaos/mrchem/install/bin/mrchem.x[0x431305]
[b3206:62727] *** End of error message ***
[b3201:1302656] [ 0] [b3201:1302657] [ 0] /lib64/libc.so.6(+0x54db0)[0x14b4f4e54db0]
[b3201:1302657] [ 1] [b3201:1302659] [ 0] /lib64/libc.so.6(+0x54db0)[0x147946054db0]
[b3201:1302659] [ 1] /lib64/libc.so.6(+0x54db0)[0x153074054db0]
[b3201:1302656] [ 1] /lib64/libc.so.6(+0xa154c)[0x1530740a154c]
[b3201:1302656] [ 2] /lib64/libc.so.6(+0xa154c)[0x14b4f4ea154c]
[b3201:1302657] [ 2] /lib64/libc.so.6(+0xa154c)[0x1479460a154c]
[b3201:1302659] [ 2] /lib64/libc.so.6(raise+0x16)[0x153074054d06]
[b3201:1302656] [ 3] /lib64/libc.so.6(raise+0x16)[0x14b4f4e54d06]
[b3201:1302657] [ 3] /lib64/libc.so.6(raise+0x16)[0x147946054d06]
[b3201:1302659] [ 3] /lib64/libc.so.6(abort+0xd3)[0x1530740287f3]
[b3201:1302656] [ 4] /cluster/projects/nn14654k/ylvaos/mrchem/install/bin/mrchem.x[0x428e4b]
[b3201:1302656] [ 5] /lib64/libc.so.6(abort+0xd3)[0x14b4f4e287f3]
[b3201:1302657] [ 4] /cluster/projects/nn14654k/ylvaos/mrchem/install/bin/mrchem.x[0x428e4b]
[b3201:1302657] [ 5] /lib64/libc.so.6(abort+0xd3)[0x1479460287f3]
[b3201:1302659] [ 4] /cluster/projects/nn14654k/ylvaos/mrchem/install/bin/mrchem.x[0x428e4b]
[b3201:1302659] [ 5] /cluster/projects/nn14654k/ylvaos/mrchem/install/bin/mrchem.x[0x6572e6]
[b3201:1302659] [ 6] /cluster/projects/nn14654k/ylvaos/mrchem/install/bin/mrchem.x[0x658dc4]
[b3201:1302659] [ 7] /cluster/projects/nn14654k/ylvaos/mrchem/install/bin/mrchem.x[0x6572e6]
[b3201:1302656] [ 6] /cluster/projects/nn14654k/ylvaos/mrchem/install/bin/mrchem.x[0x658dc4]
[b3201:1302656] [ 7] /cluster/projects/nn14654k/ylvaos/mrchem/install/bin/mrchem.x[0x46ab7f]
[b3201:1302656] [ 8] /cluster/projects/nn14654k/ylvaos/mrchem/install/bin/mrchem.x[0x47b912]
[b3201:1302656] [ 9] /cluster/projects/nn14654k/ylvaos/mrchem/install/bin/mrchem.x[0x42d5b0]
[b3201:1302656] [10] /cluster/projects/nn14654k/ylvaos/mrchem/install/bin/mrchem.x[0x6572e6]
[b3201:1302657] [ 6] /cluster/projects/nn14654k/ylvaos/mrchem/install/bin/mrchem.x[0x658dc4]
[b3201:1302657] [ 7] /cluster/projects/nn14654k/ylvaos/mrchem/install/bin/mrchem.x[0x46ab7f]
[b3201:1302657] [ 8] /cluster/projects/nn14654k/ylvaos/mrchem/install/bin/mrchem.x[0x47b912]
[b3201:1302657] [ 9] /cluster/projects/nn14654k/ylvaos/mrchem/install/bin/mrchem.x[0x42d5b0]
[b3201:1302657] [10] /cluster/projects/nn14654k/ylvaos/mrchem/install/bin/mrchem.x[0x46ab7f]
[b3201:1302659] [ 8] /cluster/projects/nn14654k/ylvaos/mrchem/install/bin/mrchem.x[0x47b912]
[b3201:1302659] [ 9] /cluster/projects/nn14654k/ylvaos/mrchem/install/bin/mrchem.x[0x42d5b0]
[b3201:1302659] [10] /lib64/libc.so.6(+0x3feb0)[0x14794603feb0]
/lib64/libc.so.6(+0x3feb0)[0x15307403feb0]
[b3201:1302656] [11] /lib64/libc.so.6(__libc_start_main+0x80)[0x15307403ff60]
[b3201:1302656] [12] /lib64/libc.so.6(+0x3feb0)[0x14b4f4e3feb0]
[b3201:1302657] [11] /lib64/libc.so.6(__libc_start_main+0x80)[0x14b4f4e3ff60]
[b3201:1302657] [12] [b3201:1302659] [11] /lib64/libc.so.6(__libc_start_main+0x80)[0x14794603ff60]
[b3201:1302659] [12] /cluster/projects/nn14654k/ylvaos/mrchem/install/bin/mrchem.x[0x431305]
[b3201:1302659] *** End of error message ***
/cluster/projects/nn14654k/ylvaos/mrchem/install/bin/mrchem.x[0x431305]
[b3201:1302656] *** End of error message ***
/cluster/projects/nn14654k/ylvaos/mrchem/install/bin/mrchem.x[0x431305]
[b3201:1302657] *** End of error message ***
[b3201:1302655] *** Process received signal ***
[b3201:1302655] Signal: Aborted (6)
[b3201:1302655] Signal code:  (-6)
[b3201:1302655] [ 0] /lib64/libc.so.6(+0x54db0)[0x153209c54db0]
[b3201:1302655] [ 1] /lib64/libc.so.6(+0xa154c)[0x153209ca154c]
[b3201:1302655] [ 2] /lib64/libc.so.6(raise+0x16)[0x153209c54d06]
[b3201:1302655] [ 3] /lib64/libc.so.6(abort+0xd3)[0x153209c287f3]
[b3201:1302655] [ 4] /cluster/projects/nn14654k/ylvaos/mrchem/install/bin/mrchem.x[0x428e4b]
[b3201:1302655] [ 5] /cluster/projects/nn14654k/ylvaos/mrchem/install/bin/mrchem.x[0x6572e6]
[b3201:1302655] [ 6] /cluster/projects/nn14654k/ylvaos/mrchem/install/bin/mrchem.x[0x658dc4]
[b3201:1302655] [ 7] /cluster/projects/nn14654k/ylvaos/mrchem/install/bin/mrchem.x[0x46ab7f]
[b3201:1302655] [ 8] /cluster/projects/nn14654k/ylvaos/mrchem/install/bin/mrchem.x[0x47b912]
[b3201:1302655] [ 9] /cluster/projects/nn14654k/ylvaos/mrchem/install/bin/mrchem.x[0x42d5b0]
[b3201:1302655] [10] /lib64/libc.so.6(+0x3feb0)[0x153209c3feb0]
[b3201:1302655] [11] /lib64/libc.so.6(__libc_start_main+0x80)[0x153209c3ff60]
[b3201:1302655] [12] /cluster/projects/nn14654k/ylvaos/mrchem/install/bin/mrchem.x[0x431305]
[b3201:1302655] *** End of error message ***
Command terminated by signal 6
444596
Command terminated by signal 6
472748
Command terminated by signal 6
508080
Command terminated by signal 6
511508
Command terminated by signal 6
497956
Command terminated by signal 6
512332
Command terminated by signal 6
485040
Command terminated by signal 6
456456
Command terminated by signal 6
516388
Command terminated by signal 6
512804
Command terminated by signal 6
458960
Command terminated by signal 6
456084
Command terminated by signal 6
512700
Command terminated by signal 6
457956
Command terminated by signal 6
508800
Command terminated by signal 6
518308
Command terminated by signal 6
574232
Command terminated by signal 6
518588
Command terminated by signal 6
506972
Command terminated by signal 6
516544
--------------------------------------------------------------------------
prterun detected that one or more processes exited with non-zero status,
thus causing the job to be terminated. The first process to do so was:

   Process name: [prterun-b3201-1302628@1,18] Exit code:    134
--------------------------------------------------------------------------
Command terminated by signal 6
454200
Command terminated by signal 6
507196


Job 1568011 completed at Thu Jul 9 15:05:36 CEST 2026
