Starting job 1568030 on b[4101-4103,4105-4107,4109-4110] on Betzy at Thu Jul 9 15:16:55 CEST 2026

launch command:  /cluster/projects/nn14654k/ylvaos/mrchem/install/bin/mrchem.x TPhP.json > TPhP.out
298352
1885548
1880652
1916684
1864824
1845404
1893288
1894236
1882796
1876008
1876872
1901348
1908912
1855428
1901884
1848612
7344336
7397404
6944028
6580052
7068204
8338020
7304428
8525112
7098032
8261940
8138844
9324616
7412232
7251408
7473752
8771476
8639376
8203988
8781924
8855192
10144620
9174572
8064468
7961888
8592976
9433708
8438084
8062360
10486916
8393120
8985504
8518008


Job 1568030 completed at Thu Jul 9 15:27:25 CEST 2026
