Starting job 1568012 on b[3201-3208] on Betzy at Thu Jul 9 15:05:52 CEST 2026

launch command:  /cluster/projects/nn14654k/ylvaos/mrchem/install/bin/mrchem.x TPhP.json > TPhP.out
[b3201:1303268] *** Process received signal ***
[b3201:1303268] Signal: Aborted (6)
[b3201:1303268] Signal code:  (-6)
[b3201:1303267] *** Process received signal ***
[b3201:1303267] Signal: Aborted (6)
[b3201:1303267] Signal code:  (-6)
[b3207:521906] *** Process received signal ***
[b3207:521906] Signal: Aborted (6)
[b3207:521906] Signal code:  (-6)
[b3201:1303269] *** Process received signal ***
[b3201:1303269] Signal: Aborted (6)
[b3201:1303269] Signal code:  (-6)
[b3207:521904] *** Process received signal ***
[b3207:521904] Signal: Aborted (6)
[b3207:521904] Signal code:  (-6)
[b3202:410140] *** Process received signal ***
[b3202:410140] Signal: Aborted (6)
[b3202:410140] Signal code:  (-6)
[b3202:410135] *** Process received signal ***
[b3202:410135] Signal: Aborted (6)
[b3202:410135] Signal code:  (-6)
[b3202:410136] *** Process received signal ***
[b3202:410136] Signal: Aborted (6)
[b3202:410136] Signal code:  (-6)
[b3202:410138] *** Process received signal ***
[b3202:410138] Signal: Aborted (6)
[b3202:410138] Signal code:  (-6)
[b3207:521906] [ 0] /lib64/libc.so.6(+0x54db0)[0x14f791254db0]
[b3207:521906] [ 1] /lib64/libc.so.6(+0xa154c)[0x14f7912a154c]
[b3207:521906] [ 2] /lib64/libc.so.6(raise+0x16)[0x14f791254d06]
[b3207:521906] [ 3] /lib64/libc.so.6(abort+0xd3)[0x14f7912287f3]
[b3207:521906] [ 4] /cluster/projects/nn14654k/ylvaos/mrchem/install/bin/mrchem.x[0x428e4b]
[b3207:521906] [ 5] [b3207:521908] *** Process received signal ***
[b3207:521908] Signal: Aborted (6)
[b3207:521908] Signal code:  (-6)
[b3205:387018] *** Process received signal ***
[b3205:387018] Signal: Aborted (6)
[b3205:387018] Signal code:  (-6)
[b3207:521905] *** Process received signal ***
[b3207:521905] Signal: Aborted (6)
[b3207:521905] Signal code:  (-6)
[b3205:387019] *** Process received signal ***
[b3205:387019] Signal: Aborted (6)
[b3205:387019] Signal code:  (-6)
[b3207:521904] [ 0] /lib64/libc.so.6(+0x54db0)[0x14f69b854db0]
[b3207:521904] [ 1] /lib64/libc.so.6(+0xa154c)[0x14f69b8a154c]
[b3207:521904] [ 2] /lib64/libc.so.6(raise+0x16)[0x14f69b854d06]
[b3207:521904] [ 3] /lib64/libc.so.6(abort+0xd3)[0x14f69b8287f3]
[b3207:521904] [ 4] [b3205:387017] *** Process received signal ***
[b3205:387017] Signal: Aborted (6)
[b3205:387017] Signal code:  (-6)
/cluster/projects/nn14654k/ylvaos/mrchem/install/bin/mrchem.x[0x6572e6]
[b3207:521906] [ 6] /cluster/projects/nn14654k/ylvaos/mrchem/install/bin/mrchem.x[0x658dc4]
[b3207:521906] [ 7] /cluster/projects/nn14654k/ylvaos/mrchem/install/bin/mrchem.x[0x46ab7f]
[b3207:521906] [ 8] /cluster/projects/nn14654k/ylvaos/mrchem/install/bin/mrchem.x[0x47b912]
[b3207:521906] [ 9] /cluster/projects/nn14654k/ylvaos/mrchem/install/bin/mrchem.x[0x42d5b0]
[b3207:521906] [10] /lib64/libc.so.6(+0x3feb0)[0x14f79123feb0]
[b3207:521906] [11] /lib64/libc.so.6(__libc_start_main+0x80)[0x14f79123ff60]
[b3207:521906] [12] /cluster/projects/nn14654k/ylvaos/mrchem/install/bin/mrchem.x[0x431305]
[b3207:521906] *** End of error message ***
[b3207:521908] [ 0] /lib64/libc.so.6(+0x54db0)[0x151be6054db0]
[b3207:521908] [ 1] [b3207:521905] [ 0] /lib64/libc.so.6(+0x54db0)[0x14da62c54db0]
[b3207:521905] [ 1] [b3205:387022] *** Process received signal ***
[b3205:387022] Signal: Aborted (6)
[b3205:387022] Signal code:  (-6)
[b3205:387018] [ 0] /lib64/libc.so.6(+0x54db0)[0x147d73654db0]
[b3205:387018] [ 1] /lib64/libc.so.6(+0xa154c)[0x147d736a154c]
[b3205:387018] [ 2] [b3205:387019] [ 0] /lib64/libc.so.6(+0x54db0)[0x154c9c254db0]
[b3205:387019] [ 1] /lib64/libc.so.6(+0xa154c)[0x154c9c2a154c]
[b3205:387019] [ 2] [b3205:387017] [ 0] /lib64/libc.so.6(+0x54db0)[0x15368e454db0]
[b3205:387017] [ 1] /lib64/libc.so.6(+0xa154c)[0x15368e4a154c]
[b3205:387017] [ 2] [b3205:387022] [ 0] /lib64/libc.so.6(+0x54db0)[0x14e935254db0]
[b3205:387022] [ 1] /lib64/libc.so.6(+0xa154c)[0x14e9352a154c]
[b3205:387022] [ 2] /cluster/projects/nn14654k/ylvaos/mrchem/install/bin/mrchem.x[0x428e4b]
[b3207:521904] [ 5] /cluster/projects/nn14654k/ylvaos/mrchem/install/bin/mrchem.x[0x6572e6]
[b3207:521904] [ 6] /cluster/projects/nn14654k/ylvaos/mrchem/install/bin/mrchem.x[0x658dc4]
[b3207:521904] [ 7] /cluster/projects/nn14654k/ylvaos/mrchem/install/bin/mrchem.x[0x46ab7f]
[b3207:521904] [ 8] /cluster/projects/nn14654k/ylvaos/mrchem/install/bin/mrchem.x[0x47b912]
[b3207:521904] [ 9] /cluster/projects/nn14654k/ylvaos/mrchem/install/bin/mrchem.x[0x42d5b0]
[b3207:521904] [10] /lib64/libc.so.6(+0x3feb0)[0x14f69b83feb0]
[b3207:521904] [11] /lib64/libc.so.6(__libc_start_main+0x80)[0x14f69b83ff60]
[b3207:521904] [12] /cluster/projects/nn14654k/ylvaos/mrchem/install/bin/mrchem.x[0x431305]
[b3207:521904] *** End of error message ***
/lib64/libc.so.6(+0xa154c)[0x151be60a154c]
[b3207:521908] [ 2] /lib64/libc.so.6(raise+0x16)[0x151be6054d06]
[b3207:521908] [ 3] /lib64/libc.so.6(abort+0xd3)[0x151be60287f3]
[b3207:521908] [ 4] /cluster/projects/nn14654k/ylvaos/mrchem/install/bin/mrchem.x[0x428e4b]
[b3207:521908] [ 5] /cluster/projects/nn14654k/ylvaos/mrchem/install/bin/mrchem.x[0x6572e6]
[b3207:521908] [ 6] /cluster/projects/nn14654k/ylvaos/mrchem/install/bin/mrchem.x[0x658dc4]
[b3207:521908] [ 7] /cluster/projects/nn14654k/ylvaos/mrchem/install/bin/mrchem.x[0x46ab7f]
[b3207:521908] [ 8] /cluster/projects/nn14654k/ylvaos/mrchem/install/bin/mrchem.x[0x47b912]
[b3207:521908] [ 9] /lib64/libc.so.6(+0xa154c)[0x14da62ca154c]
[b3207:521905] [ 2] /lib64/libc.so.6(raise+0x16)[0x14da62c54d06]
[b3207:521905] [ 3] /lib64/libc.so.6(abort+0xd3)[0x14da62c287f3]
[b3207:521905] [ 4] /cluster/projects/nn14654k/ylvaos/mrchem/install/bin/mrchem.x[0x428e4b]
[b3207:521905] [ 5] /cluster/projects/nn14654k/ylvaos/mrchem/install/bin/mrchem.x[0x6572e6]
[b3207:521905] [ 6] /lib64/libc.so.6(raise+0x16)[0x147d73654d06]
[b3205:387018] [ 3] /lib64/libc.so.6(abort+0xd3)[0x147d736287f3]
[b3205:387018] [ 4] /cluster/projects/nn14654k/ylvaos/mrchem/install/bin/mrchem.x[0x428e4b]
[b3205:387018] [ 5] /cluster/projects/nn14654k/ylvaos/mrchem/install/bin/mrchem.x[0x6572e6]
[b3205:387018] [ 6] /cluster/projects/nn14654k/ylvaos/mrchem/install/bin/mrchem.x[0x658dc4]
[b3205:387018] [ 7] /cluster/projects/nn14654k/ylvaos/mrchem/install/bin/mrchem.x[0x46ab7f]
[b3205:387018] [ 8] /cluster/projects/nn14654k/ylvaos/mrchem/install/bin/mrchem.x[0x47b912]
[b3205:387018] [ 9] /cluster/projects/nn14654k/ylvaos/mrchem/install/bin/mrchem.x[0x42d5b0]
[b3205:387018] [10] /cluster/projects/nn14654k/ylvaos/mrchem/install/bin/mrchem.x[0x42d5b0]
[b3207:521908] [10] /lib64/libc.so.6(+0x3feb0)[0x151be603feb0]
[b3207:521908] [11] /lib64/libc.so.6(__libc_start_main+0x80)[0x151be603ff60]
[b3207:521908] [12] /lib64/libc.so.6(raise+0x16)[0x154c9c254d06]
[b3205:387019] [ 3] /lib64/libc.so.6(abort+0xd3)[0x154c9c2287f3]
[b3205:387019] [ 4] /cluster/projects/nn14654k/ylvaos/mrchem/install/bin/mrchem.x[0x428e4b]
[b3205:387019] [ 5] /cluster/projects/nn14654k/ylvaos/mrchem/install/bin/mrchem.x[0x6572e6]
[b3205:387019] [ 6] /cluster/projects/nn14654k/ylvaos/mrchem/install/bin/mrchem.x[0x658dc4]
[b3205:387019] [ 7] /cluster/projects/nn14654k/ylvaos/mrchem/install/bin/mrchem.x[0x46ab7f]
[b3205:387019] [ 8] /cluster/projects/nn14654k/ylvaos/mrchem/install/bin/mrchem.x[0x47b912]
[b3205:387019] [ 9] /cluster/projects/nn14654k/ylvaos/mrchem/install/bin/mrchem.x[0x42d5b0]
[b3205:387019] [10] /cluster/projects/nn14654k/ylvaos/mrchem/install/bin/mrchem.x[0x658dc4]
[b3207:521905] [ 7] /cluster/projects/nn14654k/ylvaos/mrchem/install/bin/mrchem.x[0x46ab7f]
[b3207:521905] [ 8] /cluster/projects/nn14654k/ylvaos/mrchem/install/bin/mrchem.x[0x47b912]
[b3207:521905] [ 9] /cluster/projects/nn14654k/ylvaos/mrchem/install/bin/mrchem.x[0x42d5b0]
[b3207:521905] [10] /lib64/libc.so.6(raise+0x16)[0x15368e454d06]
[b3205:387017] [ 3] /lib64/libc.so.6(abort+0xd3)[0x15368e4287f3]
[b3205:387017] [ 4] /cluster/projects/nn14654k/ylvaos/mrchem/install/bin/mrchem.x[0x428e4b]
[b3205:387017] [ 5] /cluster/projects/nn14654k/ylvaos/mrchem/install/bin/mrchem.x[0x6572e6]
[b3205:387017] [ 6] /cluster/projects/nn14654k/ylvaos/mrchem/install/bin/mrchem.x[0x658dc4]
[b3205:387017] [ 7] /cluster/projects/nn14654k/ylvaos/mrchem/install/bin/mrchem.x[0x46ab7f]
[b3205:387017] [ 8] /cluster/projects/nn14654k/ylvaos/mrchem/install/bin/mrchem.x[0x47b912]
[b3205:387017] [ 9] /cluster/projects/nn14654k/ylvaos/mrchem/install/bin/mrchem.x[0x42d5b0]
[b3205:387017] [10] /cluster/projects/nn14654k/ylvaos/mrchem/install/bin/mrchem.x[0x431305]
[b3207:521908] *** End of error message ***
/lib64/libc.so.6(+0x3feb0)[0x14da62c3feb0]
[b3207:521905] [11] /lib64/libc.so.6(__libc_start_main+0x80)[0x14da62c3ff60]
[b3207:521905] [12] /cluster/projects/nn14654k/ylvaos/mrchem/install/bin/mrchem.x[0x431305]
[b3207:521905] *** End of error message ***
/lib64/libc.so.6(raise+0x16)[0x14e935254d06]
[b3205:387022] [ 3] /lib64/libc.so.6(abort+0xd3)[0x14e9352287f3]
[b3205:387022] [ 4] /cluster/projects/nn14654k/ylvaos/mrchem/install/bin/mrchem.x[0x428e4b]
[b3205:387022] [ 5] /cluster/projects/nn14654k/ylvaos/mrchem/install/bin/mrchem.x[0x6572e6]
[b3205:387022] [ 6] /cluster/projects/nn14654k/ylvaos/mrchem/install/bin/mrchem.x[0x658dc4]
[b3205:387022] [ 7] /cluster/projects/nn14654k/ylvaos/mrchem/install/bin/mrchem.x[0x46ab7f]
[b3205:387022] [ 8] /cluster/projects/nn14654k/ylvaos/mrchem/install/bin/mrchem.x[0x47b912]
[b3205:387022] [ 9] /cluster/projects/nn14654k/ylvaos/mrchem/install/bin/mrchem.x[0x42d5b0]
[b3205:387022] [10] /lib64/libc.so.6(+0x3feb0)[0x147d7363feb0]
[b3205:387018] [11] /lib64/libc.so.6(__libc_start_main+0x80)[0x147d7363ff60]
[b3205:387018] [12] /cluster/projects/nn14654k/ylvaos/mrchem/install/bin/mrchem.x[0x431305]
[b3205:387018] *** End of error message ***
/lib64/libc.so.6(+0x3feb0)[0x154c9c23feb0]
[b3205:387019] [11] /lib64/libc.so.6(__libc_start_main+0x80)[0x154c9c23ff60]
[b3205:387019] [12] /cluster/projects/nn14654k/ylvaos/mrchem/install/bin/mrchem.x[0x431305]
[b3205:387019] *** End of error message ***
/lib64/libc.so.6(+0x3feb0)[0x15368e43feb0]
[b3205:387017] [11] /lib64/libc.so.6(__libc_start_main+0x80)[0x15368e43ff60]
[b3205:387017] [12] /cluster/projects/nn14654k/ylvaos/mrchem/install/bin/mrchem.x[0x431305]
[b3205:387017] *** End of error message ***
/lib64/libc.so.6(+0x3feb0)[0x14e93523feb0]
[b3205:387022] [11] /lib64/libc.so.6(__libc_start_main+0x80)[0x14e93523ff60]
[b3205:387022] [12] /cluster/projects/nn14654k/ylvaos/mrchem/install/bin/mrchem.x[0x431305]
[b3205:387022] *** End of error message ***
[b3206:63234] *** Process received signal ***
[b3206:63234] Signal: Aborted (6)
[b3206:63234] Signal code:  (-6)
[b3206:63231] *** Process received signal ***
[b3206:63231] Signal: Aborted (6)
[b3206:63231] Signal code:  (-6)
[b3206:63232] *** Process received signal ***
[b3206:63232] Signal: Aborted (6)
[b3206:63232] Signal code:  (-6)
[b3203:1100284] *** Process received signal ***
[b3203:1100284] Signal: Aborted (6)
[b3203:1100284] Signal code:  (-6)
[b3203:1100289] *** Process received signal ***
[b3203:1100289] Signal: Aborted (6)
[b3203:1100289] Signal code:  (-6)
[b3203:1100285] *** Process received signal ***
[b3203:1100285] Signal: Aborted (6)
[b3203:1100285] Signal code:  (-6)
[b3206:63229] *** Process received signal ***
[b3206:63229] Signal: Aborted (6)
[b3206:63229] Signal code:  (-6)
[b3203:1100288] *** Process received signal ***
[b3203:1100288] Signal: Aborted (6)
[b3203:1100288] Signal code:  (-6)
[b3201:1303270] *** Process received signal ***
[b3201:1303270] Signal: Aborted (6)
[b3201:1303270] Signal code:  (-6)
[b3202:410140] [ 0] [b3202:410138] [ 0] /lib64/libc.so.6(+0x54db0)[0x1519c8a54db0]
[b3202:410140] [ 1] [b3202:410135] [ 0] [b3202:410136] [ 0] /lib64/libc.so.6(+0x54db0)[0x14753fc54db0]
[b3202:410138] [ 1] /lib64/libc.so.6(+0xa154c)[0x14753fca154c]
[b3202:410138] [ 2] /lib64/libc.so.6(+0xa154c)[0x1519c8aa154c]
[b3202:410140] [ 2] /lib64/libc.so.6(raise+0x16)[0x1519c8a54d06]
[b3202:410140] [ 3] /lib64/libc.so.6(+0x54db0)[0x148df2c54db0]
[b3202:410135] [ 1] /lib64/libc.so.6(+0x54db0)[0x153051454db0]
[b3202:410136] [ 1] /lib64/libc.so.6(raise+0x16)[0x14753fc54d06]
[b3202:410138] [ 3] /lib64/libc.so.6(abort+0xd3)[0x14753fc287f3]
[b3202:410138] [ 4] /cluster/projects/nn14654k/ylvaos/mrchem/install/bin/mrchem.x[0x428e4b]
[b3202:410138] [ 5] /cluster/projects/nn14654k/ylvaos/mrchem/install/bin/mrchem.x[0x6572e6]
[b3202:410138] [ 6] /lib64/libc.so.6(abort+0xd3)[0x1519c8a287f3]
[b3202:410140] [ 4] /cluster/projects/nn14654k/ylvaos/mrchem/install/bin/mrchem.x[0x428e4b]
[b3202:410140] [ 5] /cluster/projects/nn14654k/ylvaos/mrchem/install/bin/mrchem.x[0x6572e6]
[b3202:410140] [ 6] /cluster/projects/nn14654k/ylvaos/mrchem/install/bin/mrchem.x[0x658dc4]
[b3202:410140] [ 7] /cluster/projects/nn14654k/ylvaos/mrchem/install/bin/mrchem.x[0x46ab7f]
[b3202:410140] [ 8] /cluster/projects/nn14654k/ylvaos/mrchem/install/bin/mrchem.x[0x47b912]
[b3202:410140] [ 9] /cluster/projects/nn14654k/ylvaos/mrchem/install/bin/mrchem.x[0x42d5b0]
/cluster/projects/nn14654k/ylvaos/mrchem/install/bin/mrchem.x[0x658dc4]
[b3202:410138] [ 7] /cluster/projects/nn14654k/ylvaos/mrchem/install/bin/mrchem.x[0x46ab7f]
[b3202:410138] [ 8] /cluster/projects/nn14654k/ylvaos/mrchem/install/bin/mrchem.x[0x47b912]
[b3202:410138] [ 9] /cluster/projects/nn14654k/ylvaos/mrchem/install/bin/mrchem.x[0x42d5b0]
[b3202:410138] [10] /lib64/libc.so.6(+0xa154c)[0x148df2ca154c]
[b3202:410135] [ 2] [b3202:410140] [10] /lib64/libc.so.6(+0x3feb0)[0x1519c8a3feb0]
[b3202:410140] [11] /lib64/libc.so.6(+0xa154c)[0x1530514a154c]
[b3202:410136] [ 2] /lib64/libc.so.6(+0x3feb0)[0x14753fc3feb0]
[b3202:410138] [11] /lib64/libc.so.6(__libc_start_main+0x80)[0x14753fc3ff60]
[b3202:410138] [12] /cluster/projects/nn14654k/ylvaos/mrchem/install/bin/mrchem.x[0x431305]
[b3202:410138] *** End of error message ***
/lib64/libc.so.6(__libc_start_main+0x80)[0x1519c8a3ff60]
[b3202:410140] [12] /cluster/projects/nn14654k/ylvaos/mrchem/install/bin/mrchem.x[0x431305]
[b3202:410140] *** End of error message ***
/lib64/libc.so.6(raise+0x16)[0x148df2c54d06]
[b3202:410135] [ 3] /lib64/libc.so.6(raise+0x16)[0x153051454d06]
[b3202:410136] [ 3] /lib64/libc.so.6(abort+0xd3)[0x1530514287f3]
[b3202:410136] [ 4] /cluster/projects/nn14654k/ylvaos/mrchem/install/bin/mrchem.x[0x428e4b]
[b3202:410136] [ 5] /cluster/projects/nn14654k/ylvaos/mrchem/install/bin/mrchem.x[0x6572e6]
[b3202:410136] [ 6] /cluster/projects/nn14654k/ylvaos/mrchem/install/bin/mrchem.x[0x658dc4]
/lib64/libc.so.6(abort+0xd3)[0x148df2c287f3]
[b3202:410135] [ 4] /cluster/projects/nn14654k/ylvaos/mrchem/install/bin/mrchem.x[0x428e4b]
[b3202:410135] [ 5] [b3202:410136] [ 7] /cluster/projects/nn14654k/ylvaos/mrchem/install/bin/mrchem.x[0x46ab7f]
[b3202:410136] [ 8] /cluster/projects/nn14654k/ylvaos/mrchem/install/bin/mrchem.x[0x47b912]
[b3202:410136] [ 9] /cluster/projects/nn14654k/ylvaos/mrchem/install/bin/mrchem.x[0x42d5b0]
[b3202:410136] [10] /cluster/projects/nn14654k/ylvaos/mrchem/install/bin/mrchem.x[0x6572e6]
[b3202:410135] [ 6] /cluster/projects/nn14654k/ylvaos/mrchem/install/bin/mrchem.x[0x658dc4]
[b3202:410135] [ 7] /cluster/projects/nn14654k/ylvaos/mrchem/install/bin/mrchem.x[0x46ab7f]
[b3202:410135] /lib64/libc.so.6(+0x3feb0)[0x15305143feb0]
[b3202:410136] [11] /lib64/libc.so.6(__libc_start_main+0x80)[0x15305143ff60]
[b3202:410136] [12] /cluster/projects/nn14654k/ylvaos/mrchem/install/bin/mrchem.x[0x431305]
[b3202:410136] *** End of error message ***
[ 8] /cluster/projects/nn14654k/ylvaos/mrchem/install/bin/mrchem.x[0x47b912]
[b3202:410135] [ 9] /cluster/projects/nn14654k/ylvaos/mrchem/install/bin/mrchem.x[0x42d5b0]
[b3202:410135] [10] /lib64/libc.so.6(+0x3feb0)[0x148df2c3feb0]
[b3202:410135] [11] /lib64/libc.so.6(__libc_start_main+0x80)[0x148df2c3ff60]
[b3202:410135] [12] /cluster/projects/nn14654k/ylvaos/mrchem/install/bin/mrchem.x[0x431305]
[b3202:410135] *** End of error message ***
[b3204:1268654] *** Process received signal ***
[b3204:1268654] Signal: Aborted (6)
[b3204:1268654] Signal code:  (-6)
[b3204:1268652] *** Process received signal ***
[b3204:1268652] Signal: Aborted (6)
[b3204:1268652] Signal code:  (-6)
[b3204:1268651] *** Process received signal ***
[b3204:1268651] Signal: Aborted (6)
[b3204:1268651] Signal code:  (-6)
[b3204:1268653] *** Process received signal ***
[b3204:1268653] Signal: Aborted (6)
[b3204:1268653] Signal code:  (-6)
[b3204:1268654] [ 0] /lib64/libc.so.6(+0x54db0)[0x14d01f054db0]
[b3204:1268654] [ 1] /lib64/libc.so.6(+0xa154c)[0x14d01f0a154c]
[b3204:1268654] [ 2] /lib64/libc.so.6(raise+0x16)[0x14d01f054d06]
[b3204:1268654] [ 3] [b3204:1268652] [ 0] /lib64/libc.so.6(+0x54db0)[0x1481c2854db0]
[b3204:1268652] [ 1] /lib64/libc.so.6(+0xa154c)[0x1481c28a154c]
[b3204:1268652] [ 2] /lib64/libc.so.6(raise+0x16)[0x1481c2854d06]
[b3204:1268652] [ 3] [b3204:1268651] [ 0] /lib64/libc.so.6(+0x54db0)[0x1526f4854db0]
[b3204:1268651] [ 1] /lib64/libc.so.6(+0xa154c)[0x1526f48a154c]
[b3204:1268651] [ 2] /lib64/libc.so.6(raise+0x16)[0x1526f4854d06]
[b3204:1268651] [ 3] [b3204:1268653] [ 0] /lib64/libc.so.6(+0x54db0)[0x14e43ec54db0]
[b3204:1268653] [ 1] /lib64/libc.so.6(+0xa154c)[0x14e43eca154c]
[b3204:1268653] [ 2] /lib64/libc.so.6(raise+0x16)[0x14e43ec54d06]
[b3204:1268653] [ 3] /lib64/libc.so.6(abort+0xd3)[0x14d01f0287f3]
[b3204:1268654] [ 4] /cluster/projects/nn14654k/ylvaos/mrchem/install/bin/mrchem.x[0x428e4b]
[b3204:1268654] [ 5] /cluster/projects/nn14654k/ylvaos/mrchem/install/bin/mrchem.x[0x6572e6]
[b3204:1268654] [ 6] /cluster/projects/nn14654k/ylvaos/mrchem/install/bin/mrchem.x[0x658dc4]
[b3204:1268654] [ 7] /cluster/projects/nn14654k/ylvaos/mrchem/install/bin/mrchem.x[0x46ab7f]
[b3204:1268654] [ 8] /cluster/projects/nn14654k/ylvaos/mrchem/install/bin/mrchem.x[0x47b912]
[b3204:1268654] [ 9] /cluster/projects/nn14654k/ylvaos/mrchem/install/bin/mrchem.x[0x42d5b0]
[b3204:1268654] [10] /lib64/libc.so.6(+0x3feb0)[0x14d01f03feb0]
[b3204:1268654] [11] /lib64/libc.so.6(__libc_start_main+0x80)[0x14d01f03ff60]
[b3204:1268654] [12] /lib64/libc.so.6(abort+0xd3)[0x1481c28287f3]
[b3204:1268652] [ 4] /cluster/projects/nn14654k/ylvaos/mrchem/install/bin/mrchem.x[0x428e4b]
[b3204:1268652] [ 5] /cluster/projects/nn14654k/ylvaos/mrchem/install/bin/mrchem.x[0x6572e6]
[b3204:1268652] [ 6] /cluster/projects/nn14654k/ylvaos/mrchem/install/bin/mrchem.x[0x658dc4]
[b3204:1268652] [ 7] /cluster/projects/nn14654k/ylvaos/mrchem/install/bin/mrchem.x[0x46ab7f]
[b3204:1268652] [ 8] /cluster/projects/nn14654k/ylvaos/mrchem/install/bin/mrchem.x[0x47b912]
[b3204:1268652] [ 9] /cluster/projects/nn14654k/ylvaos/mrchem/install/bin/mrchem.x[0x42d5b0]
[b3204:1268652] [10] /lib64/libc.so.6(+0x3feb0)[0x1481c283feb0]
[b3204:1268652] [11] /lib64/libc.so.6(__libc_start_main+0x80)[0x1481c283ff60]
[b3204:1268652] /lib64/libc.so.6(abort+0xd3)[0x1526f48287f3]
[b3204:1268651] [ 4] /cluster/projects/nn14654k/ylvaos/mrchem/install/bin/mrchem.x[0x428e4b]
[b3204:1268651] [ 5] /cluster/projects/nn14654k/ylvaos/mrchem/install/bin/mrchem.x[0x6572e6]
[b3204:1268651] [ 6] /cluster/projects/nn14654k/ylvaos/mrchem/install/bin/mrchem.x[0x658dc4]
[b3204:1268651] [ 7] /cluster/projects/nn14654k/ylvaos/mrchem/install/bin/mrchem.x[0x46ab7f]
[b3204:1268651] [ 8] /cluster/projects/nn14654k/ylvaos/mrchem/install/bin/mrchem.x[0x47b912]
[b3204:1268651] [ 9] /cluster/projects/nn14654k/ylvaos/mrchem/install/bin/mrchem.x[0x42d5b0]
[b3204:1268651] [10] /lib64/libc.so.6(+0x3feb0)[0x1526f483feb0]
[b3204:1268651] [11] /lib64/libc.so.6(abort+0xd3)[0x14e43ec287f3]
[b3204:1268653] [ 4] /cluster/projects/nn14654k/ylvaos/mrchem/install/bin/mrchem.x[0x428e4b]
[b3204:1268653] [ 5] /cluster/projects/nn14654k/ylvaos/mrchem/install/bin/mrchem.x[0x6572e6]
[b3204:1268653] [ 6] /cluster/projects/nn14654k/ylvaos/mrchem/install/bin/mrchem.x[0x658dc4]
[b3204:1268653] [ 7] /cluster/projects/nn14654k/ylvaos/mrchem/install/bin/mrchem.x[0x46ab7f]
[b3204:1268653] [ 8] /cluster/projects/nn14654k/ylvaos/mrchem/install/bin/mrchem.x[0x47b912]
[b3204:1268653] [ 9] /cluster/projects/nn14654k/ylvaos/mrchem/install/bin/mrchem.x[0x42d5b0]
[b3204:1268653] [10] /lib64/libc.so.6(+0x3feb0)[0x14e43ec3feb0]
[b3204:1268653] [11] /lib64/libc.so.6(__libc_start_main+0x80)[0x14e43ec3ff60]
/cluster/projects/nn14654k/ylvaos/mrchem/install/bin/mrchem.x[0x431305]
[b3204:1268654] *** End of error message ***
[12] /cluster/projects/nn14654k/ylvaos/mrchem/install/bin/mrchem.x[0x431305]
[b3204:1268652] *** End of error message ***
/lib64/libc.so.6(__libc_start_main+0x80)[0x1526f483ff60]
[b3204:1268651] [12] /cluster/projects/nn14654k/ylvaos/mrchem/install/bin/mrchem.x[0x431305]
[b3204:1268651] *** End of error message ***
[b3204:1268653] [12] /cluster/projects/nn14654k/ylvaos/mrchem/install/bin/mrchem.x[0x431305]
[b3204:1268653] *** End of error message ***
[b3201:1303268] [ 0] [b3201:1303267] [ 0] [b3201:1303269] [ 0] /lib64/libc.so.6(+0x54db0)[0x1527eea54db0]
[b3201:1303269] [b3201:1303270] [ 0] /lib64/libc.so.6(+0x54db0)[0x1467b9254db0]
[b3201:1303270] /lib64/libc.so.6(+0x54db0)[0x147c2e254db0]
[b3201:1303268] [ 1] /lib64/libc.so.6(+0xa154c)[0x147c2e2a154c]
[b3201:1303268] [ 2] /lib64/libc.so.6(+0x54db0)[0x152f4f454db0]
[b3201:1303267] [ 1] /lib64/libc.so.6(+0xa154c)[0x152f4f4a154c]
[b3201:1303267] [ 2] [ 1] /lib64/libc.so.6(+0xa154c)[0x1527eeaa154c]
[b3201:1303269] [ 2] [ 1] /lib64/libc.so.6(+0xa154c)[0x1467b92a154c]
[b3201:1303270] [ 2] /lib64/libc.so.6(raise+0x16)[0x147c2e254d06]
[b3201:1303268] [ 3] /lib64/libc.so.6(abort+0xd3)[0x147c2e2287f3]
[b3201:1303268] [ 4] /lib64/libc.so.6(raise+0x16)[0x152f4f454d06]
[b3201:1303267] [ 3] /lib64/libc.so.6(abort+0xd3)[0x152f4f4287f3]
[b3201:1303267] [ 4] /lib64/libc.so.6(raise+0x16)[0x1527eea54d06]
[b3201:1303269] [ 3] /lib64/libc.so.6(abort+0xd3)[0x1527eea287f3]
[b3201:1303269] [ 4] /cluster/projects/nn14654k/ylvaos/mrchem/install/bin/mrchem.x[0x428e4b]
[b3201:1303268] [ 5] /cluster/projects/nn14654k/ylvaos/mrchem/install/bin/mrchem.x[0x6572e6]
[b3201:1303268] [ 6] /cluster/projects/nn14654k/ylvaos/mrchem/install/bin/mrchem.x[0x658dc4]
[b3201:1303268] [ 7] /cluster/projects/nn14654k/ylvaos/mrchem/install/bin/mrchem.x[0x46ab7f]
[b3201:1303268] [ 8] /cluster/projects/nn14654k/ylvaos/mrchem/install/bin/mrchem.x[0x47b912]
[b3201:1303268] [ 9] /lib64/libc.so.6(raise+0x16)[0x1467b9254d06]
[b3201:1303270] [ 3] /lib64/libc.so.6(abort+0xd3)[0x1467b92287f3]
[b3201:1303270] [ 4] /cluster/projects/nn14654k/ylvaos/mrchem/install/bin/mrchem.x[0x428e4b]
[b3201:1303270] [ 5] /cluster/projects/nn14654k/ylvaos/mrchem/install/bin/mrchem.x[0x428e4b]
[b3201:1303267] [ 5] /cluster/projects/nn14654k/ylvaos/mrchem/install/bin/mrchem.x[0x6572e6]
[b3201:1303267] [ 6] /cluster/projects/nn14654k/ylvaos/mrchem/install/bin/mrchem.x[0x658dc4]
[b3201:1303267] [ 7] /cluster/projects/nn14654k/ylvaos/mrchem/install/bin/mrchem.x[0x46ab7f]
[b3201:1303267] [ 8] /cluster/projects/nn14654k/ylvaos/mrchem/install/bin/mrchem.x[0x47b912]
[b3201:1303267] [ 9] /cluster/projects/nn14654k/ylvaos/mrchem/install/bin/mrchem.x[0x42d5b0]
[b3201:1303267] [10] /cluster/projects/nn14654k/ylvaos/mrchem/install/bin/mrchem.x[0x428e4b]
[b3201:1303269] [ 5] /cluster/projects/nn14654k/ylvaos/mrchem/install/bin/mrchem.x[0x6572e6]
[b3201:1303269] [ 6] /cluster/projects/nn14654k/ylvaos/mrchem/install/bin/mrchem.x[0x658dc4]
[b3201:1303269] [ 7] /cluster/projects/nn14654k/ylvaos/mrchem/install/bin/mrchem.x[0x46ab7f]
[b3201:1303269] [ 8] /cluster/projects/nn14654k/ylvaos/mrchem/install/bin/mrchem.x[0x47b912]
[b3201:1303269] [ 9] /cluster/projects/nn14654k/ylvaos/mrchem/install/bin/mrchem.x[0x42d5b0]
[b3201:1303269] [10] /cluster/projects/nn14654k/ylvaos/mrchem/install/bin/mrchem.x[0x42d5b0]
[b3201:1303268] [10] /lib64/libc.so.6(+0x3feb0)[0x147c2e23feb0]
[b3201:1303268] [11] /cluster/projects/nn14654k/ylvaos/mrchem/install/bin/mrchem.x[0x6572e6]
[b3201:1303270] [ 6] /cluster/projects/nn14654k/ylvaos/mrchem/install/bin/mrchem.x[0x658dc4]
[b3201:1303270] [ 7] /cluster/projects/nn14654k/ylvaos/mrchem/install/bin/mrchem.x[0x46ab7f]
[b3201:1303270] [ 8] /cluster/projects/nn14654k/ylvaos/mrchem/install/bin/mrchem.x[0x47b912]
[b3201:1303270] [ 9] /cluster/projects/nn14654k/ylvaos/mrchem/install/bin/mrchem.x[0x42d5b0]
[b3201:1303270] [10] /lib64/libc.so.6(+0x3feb0)[0x152f4f43feb0]
[b3201:1303267] [11] /lib64/libc.so.6(__libc_start_main+0x80)[0x152f4f43ff60]
[b3201:1303267] [12] /cluster/projects/nn14654k/ylvaos/mrchem/install/bin/mrchem.x[0x431305]
[b3201:1303267] *** End of error message ***
/lib64/libc.so.6(__libc_start_main+0x80)[0x147c2e23ff60]
[b3201:1303268] [12] /cluster/projects/nn14654k/ylvaos/mrchem/install/bin/mrchem.x[0x431305]
[b3201:1303268] *** End of error message ***
/lib64/libc.so.6(+0x3feb0)[0x1527eea3feb0]
[b3201:1303269] [11] /lib64/libc.so.6(__libc_start_main+0x80)[0x1527eea3ff60]
[b3201:1303269] [12] /cluster/projects/nn14654k/ylvaos/mrchem/install/bin/mrchem.x[0x431305]
[b3201:1303269] *** End of error message ***
/lib64/libc.so.6(+0x3feb0)[0x1467b923feb0]
[b3201:1303270] [11] /lib64/libc.so.6(__libc_start_main+0x80)[0x1467b923ff60]
[b3201:1303270] [12] /cluster/projects/nn14654k/ylvaos/mrchem/install/bin/mrchem.x[0x431305]
[b3201:1303270] *** End of error message ***
[b3203:1100284] [ 0] [b3203:1100285] [ 0] [b3203:1100288] [ 0] [b3203:1100289] [ 0] /lib64/libc.so.6(+0x54db0)[0x1534fa454db0]
[b3203:1100289] [ 1] /lib64/libc.so.6(+0x54db0)[0x1525de654db0]
[b3203:1100285] [ 1] /lib64/libc.so.6(+0x54db0)[0x14947f654db0]
[b3203:1100284] [ 1] /lib64/libc.so.6(+0x54db0)[0x149e60a54db0]
[b3203:1100288] [ 1] /lib64/libc.so.6(+0xa154c)[0x149e60aa154c]
/lib64/libc.so.6(+0xa154c)[0x1525de6a154c]
[b3203:1100285] [ 2] /lib64/libc.so.6(raise+0x16)[0x1525de654d06]
[b3203:1100285] [ 3] /lib64/libc.so.6(+0xa154c)[0x14947f6a154c]
[b3203:1100284] [ 2] /lib64/libc.so.6(raise+0x16)[0x14947f654d06]
[b3203:1100284] [ 3] /lib64/libc.so.6(+0xa154c)[0x1534fa4a154c]
[b3203:1100289] [ 2] /lib64/libc.so.6(raise+0x16)[0x1534fa454d06]
[b3203:1100289] [ 3] [b3203:1100288] [ 2] /lib64/libc.so.6(raise+0x16)[0x149e60a54d06]
[b3203:1100288] [ 3] /lib64/libc.so.6(abort+0xd3)[0x149e60a287f3]
[b3203:1100288] [ 4] /cluster/projects/nn14654k/ylvaos/mrchem/install/bin/mrchem.x[0x428e4b]
[b3203:1100288] [ 5] /lib64/libc.so.6(abort+0xd3)[0x1525de6287f3]
[b3203:1100285] [ 4] /cluster/projects/nn14654k/ylvaos/mrchem/install/bin/mrchem.x[0x428e4b]
[b3203:1100285] [ 5] /cluster/projects/nn14654k/ylvaos/mrchem/install/bin/mrchem.x[0x6572e6]
[b3203:1100285] [ 6] /cluster/projects/nn14654k/ylvaos/mrchem/install/bin/mrchem.x[0x658dc4]
[b3203:1100285] [ 7] /cluster/projects/nn14654k/ylvaos/mrchem/install/bin/mrchem.x[0x46ab7f]
[b3203:1100285] [ 8] /cluster/projects/nn14654k/ylvaos/mrchem/install/bin/mrchem.x[0x47b912]
[b3203:1100285] [ 9] /cluster/projects/nn14654k/ylvaos/mrchem/install/bin/mrchem.x[0x42d5b0]
[b3203:1100285] [10] /lib64/libc.so.6(abort+0xd3)[0x14947f6287f3]
[b3203:1100284] [ 4] /cluster/projects/nn14654k/ylvaos/mrchem/install/bin/mrchem.x[0x428e4b]
[b3203:1100284] [ 5] /cluster/projects/nn14654k/ylvaos/mrchem/install/bin/mrchem.x[0x6572e6]
[b3203:1100284] [ 6] /cluster/projects/nn14654k/ylvaos/mrchem/install/bin/mrchem.x[0x658dc4]
[b3203:1100284] [ 7] /cluster/projects/nn14654k/ylvaos/mrchem/install/bin/mrchem.x[0x46ab7f]
[b3203:1100284] [ 8] /cluster/projects/nn14654k/ylvaos/mrchem/install/bin/mrchem.x[0x47b912]
[b3203:1100284] [ 9] /cluster/projects/nn14654k/ylvaos/mrchem/install/bin/mrchem.x[0x42d5b0]
[b3203:1100284] [10] /lib64/libc.so.6(abort+0xd3)[0x1534fa4287f3]
[b3203:1100289] [ 4] /cluster/projects/nn14654k/ylvaos/mrchem/install/bin/mrchem.x[0x428e4b]
[b3203:1100289] [ 5] /cluster/projects/nn14654k/ylvaos/mrchem/install/bin/mrchem.x[0x6572e6]
[b3203:1100289] [ 6] /cluster/projects/nn14654k/ylvaos/mrchem/install/bin/mrchem.x[0x658dc4]
[b3203:1100289] [ 7] /cluster/projects/nn14654k/ylvaos/mrchem/install/bin/mrchem.x[0x46ab7f]
[b3203:1100289] [ 8] /cluster/projects/nn14654k/ylvaos/mrchem/install/bin/mrchem.x[0x47b912]
[b3203:1100289] [ 9] /cluster/projects/nn14654k/ylvaos/mrchem/install/bin/mrchem.x[0x42d5b0]
[b3203:1100289] [10] /lib64/libc.so.6(+0x3feb0)[0x1534fa43feb0]
[b3203:1100289] /cluster/projects/nn14654k/ylvaos/mrchem/install/bin/mrchem.x[0x6572e6]
[b3203:1100288] [ 6] /cluster/projects/nn14654k/ylvaos/mrchem/install/bin/mrchem.x[0x658dc4]
[b3203:1100288] [ 7] /cluster/projects/nn14654k/ylvaos/mrchem/install/bin/mrchem.x[0x46ab7f]
[b3203:1100288] [ 8] /cluster/projects/nn14654k/ylvaos/mrchem/install/bin/mrchem.x[0x47b912]
[b3203:1100288] [ 9] /cluster/projects/nn14654k/ylvaos/mrchem/install/bin/mrchem.x[0x42d5b0]
[b3203:1100288] [10] /lib64/libc.so.6(+0x3feb0)[0x149e60a3feb0]
[b3203:1100288] [11] /lib64/libc.so.6(__libc_start_main+0x80)[0x149e60a3ff60]
[b3203:1100288] [12] /lib64/libc.so.6(+0x3feb0)[0x1525de63feb0]
[b3203:1100285] [11] /lib64/libc.so.6(__libc_start_main+0x80)[0x1525de63ff60]
[b3203:1100285] [12] /cluster/projects/nn14654k/ylvaos/mrchem/install/bin/mrchem.x[0x431305]
[b3203:1100285] *** End of error message ***
/lib64/libc.so.6(+0x3feb0)[0x14947f63feb0]
[b3203:1100284] [11] /lib64/libc.so.6(__libc_start_main+0x80)[0x14947f63ff60]
[b3203:1100284] [12] /cluster/projects/nn14654k/ylvaos/mrchem/install/bin/mrchem.x[0x431305]
[b3203:1100284] *** End of error message ***
[11] /lib64/libc.so.6(__libc_start_main+0x80)[0x1534fa43ff60]
[b3203:1100289] [12] /cluster/projects/nn14654k/ylvaos/mrchem/install/bin/mrchem.x[0x431305]
[b3203:1100289] *** End of error message ***
/cluster/projects/nn14654k/ylvaos/mrchem/install/bin/mrchem.x[0x431305]
[b3203:1100288] *** End of error message ***
[b3206:63231] [ 0] [b3206:63232] [ 0] /lib64/libc.so.6(+0x54db0)[0x14d692054db0]
[b3206:63232] [ 1] [b3206:63229] [ 0] /lib64/libc.so.6(+0x54db0)[0x1501b3c54db0]
[b3206:63229] [ 1] [b3206:63234] [ 0] /lib64/libc.so.6(+0x54db0)[0x145991254db0]
[b3206:63231] [ 1] /lib64/libc.so.6(+0xa154c)[0x1459912a154c]
[b3206:63231] [ 2] /lib64/libc.so.6(raise+0x16)[0x145991254d06]
[b3206:63231] [ 3] /lib64/libc.so.6(+0xa154c)[0x14d6920a154c]
[b3206:63232] [ 2] /lib64/libc.so.6(raise+0x16)[0x14d692054d06]
[b3206:63232] [ 3] /lib64/libc.so.6(abort+0xd3)[0x14d6920287f3]
[b3206:63232] [ 4] /cluster/projects/nn14654k/ylvaos/mrchem/install/bin/mrchem.x[0x428e4b]
[b3206:63232] [ 5] /cluster/projects/nn14654k/ylvaos/mrchem/install/bin/mrchem.x[0x6572e6]
[b3206:63232] [ 6] /cluster/projects/nn14654k/ylvaos/mrchem/install/bin/mrchem.x[0x658dc4]
[b3206:63232] [ 7] /cluster/projects/nn14654k/ylvaos/mrchem/install/bin/mrchem.x[0x46ab7f]
[b3206:63232] [ 8] /cluster/projects/nn14654k/ylvaos/mrchem/install/bin/mrchem.x[0x47b912]
[b3206:63232] [ 9] /cluster/projects/nn14654k/ylvaos/mrchem/install/bin/mrchem.x[0x42d5b0]
[b3206:63232] [10] /lib64/libc.so.6(+0xa154c)[0x1501b3ca154c]
[b3206:63229] [ 2] /lib64/libc.so.6(raise+0x16)[0x1501b3c54d06]
[b3206:63229] [ 3] /lib64/libc.so.6(abort+0xd3)[0x1501b3c287f3]
[b3206:63229] [ 4] /cluster/projects/nn14654k/ylvaos/mrchem/install/bin/mrchem.x[0x428e4b]
[b3206:63229] [ 5] /cluster/projects/nn14654k/ylvaos/mrchem/install/bin/mrchem.x[0x6572e6]
[b3206:63229] [ 6] /cluster/projects/nn14654k/ylvaos/mrchem/install/bin/mrchem.x[0x658dc4]
[b3206:63229] [ 7] /cluster/projects/nn14654k/ylvaos/mrchem/install/bin/mrchem.x[0x46ab7f]
[b3206:63229] [ 8] /cluster/projects/nn14654k/ylvaos/mrchem/install/bin/mrchem.x[0x47b912]
[b3206:63229] [ 9] /cluster/projects/nn14654k/ylvaos/mrchem/install/bin/mrchem.x[0x42d5b0]
[b3206:63229] [10] /lib64/libc.so.6(+0x54db0)[0x15070fc54db0]
[b3206:63234] [ 1] /lib64/libc.so.6(+0xa154c)[0x15070fca154c]
[b3206:63234] [ 2] /lib64/libc.so.6(raise+0x16)[0x15070fc54d06]
[b3206:63234] [ 3] /lib64/libc.so.6(abort+0xd3)[0x1459912287f3]
[b3206:63231] [ 4] /cluster/projects/nn14654k/ylvaos/mrchem/install/bin/mrchem.x[0x428e4b]
[b3206:63231] [ 5] /cluster/projects/nn14654k/ylvaos/mrchem/install/bin/mrchem.x[0x6572e6]
[b3206:63231] [ 6] /cluster/projects/nn14654k/ylvaos/mrchem/install/bin/mrchem.x[0x658dc4]
[b3206:63231] [ 7] /cluster/projects/nn14654k/ylvaos/mrchem/install/bin/mrchem.x[0x46ab7f]
[b3206:63231] [ 8] /cluster/projects/nn14654k/ylvaos/mrchem/install/bin/mrchem.x[0x47b912]
[b3206:63231] [ 9] /cluster/projects/nn14654k/ylvaos/mrchem/install/bin/mrchem.x[0x42d5b0]
[b3206:63231] [10] /lib64/libc.so.6(+0x3feb0)[0x14599123feb0]
[b3206:63231] [11] /lib64/libc.so.6(__libc_start_main+0x80)[0x14599123ff60]
[b3206:63231] [12] /cluster/projects/nn14654k/ylvaos/mrchem/install/bin/mrchem.x[0x431305]
[b3206:63231] *** End of error message ***
/lib64/libc.so.6(+0x3feb0)[0x14d69203feb0]
[b3206:63232] [11] /lib64/libc.so.6(__libc_start_main+0x80)[0x14d69203ff60]
[b3206:63232] [12] /cluster/projects/nn14654k/ylvaos/mrchem/install/bin/mrchem.x[0x431305]
[b3206:63232] *** End of error message ***
/lib64/libc.so.6(+0x3feb0)[0x1501b3c3feb0]
[b3206:63229] [11] /lib64/libc.so.6(__libc_start_main+0x80)[0x1501b3c3ff60]
[b3206:63229] [12] /cluster/projects/nn14654k/ylvaos/mrchem/install/bin/mrchem.x[0x431305]
[b3206:63229] *** End of error message ***
/lib64/libc.so.6(abort+0xd3)[0x15070fc287f3]
[b3206:63234] [ 4] /cluster/projects/nn14654k/ylvaos/mrchem/install/bin/mrchem.x[0x428e4b]
[b3206:63234] [ 5] /cluster/projects/nn14654k/ylvaos/mrchem/install/bin/mrchem.x[0x6572e6]
[b3206:63234] [ 6] /cluster/projects/nn14654k/ylvaos/mrchem/install/bin/mrchem.x[0x658dc4]
[b3206:63234] [ 7] /cluster/projects/nn14654k/ylvaos/mrchem/install/bin/mrchem.x[0x46ab7f]
[b3206:63234] [ 8] /cluster/projects/nn14654k/ylvaos/mrchem/install/bin/mrchem.x[0x47b912]
[b3206:63234] [ 9] /cluster/projects/nn14654k/ylvaos/mrchem/install/bin/mrchem.x[0x42d5b0]
[b3206:63234] [10] /lib64/libc.so.6(+0x3feb0)[0x15070fc3feb0]
[b3206:63234] [11] /lib64/libc.so.6(__libc_start_main+0x80)[0x15070fc3ff60]
[b3206:63234] [12] /cluster/projects/nn14654k/ylvaos/mrchem/install/bin/mrchem.x[0x431305]
[b3206:63234] *** End of error message ***
[b3208:891907] *** Process received signal ***
[b3208:891907] Signal: Aborted (6)
[b3208:891907] Signal code:  (-6)
[b3208:891903] *** Process received signal ***
[b3208:891903] Signal: Aborted (6)
[b3208:891903] Signal code:  (-6)
[b3208:891906] *** Process received signal ***
[b3208:891906] Signal: Aborted (6)
[b3208:891906] Signal code:  (-6)
[b3208:891905] *** Process received signal ***
[b3208:891905] Signal: Aborted (6)
[b3208:891905] Signal code:  (-6)
[b3208:891907] [ 0] [b3208:891903] [ 0] [b3208:891906] [ 0] [b3208:891905] [ 0] /lib64/libc.so.6(+0x54db0)[0x145a29454db0]
[b3208:891907] [ 1] /lib64/libc.so.6(+0xa154c)[0x145a294a154c]
[b3208:891907] [ 2] /lib64/libc.so.6(+0x54db0)[0x14c894054db0]
[b3208:891903] [ 1] /lib64/libc.so.6(+0xa154c)[0x14c8940a154c]
[b3208:891903] [ 2] /lib64/libc.so.6(+0x54db0)[0x14a952454db0]
[b3208:891906] [ 1] /lib64/libc.so.6(+0xa154c)[0x14a9524a154c]
[b3208:891906] [ 2] /lib64/libc.so.6(+0x54db0)[0x1471fee54db0]
[b3208:891905] [ 1] /lib64/libc.so.6(+0xa154c)[0x1471feea154c]
[b3208:891905] [ 2] /lib64/libc.so.6(raise+0x16)[0x1471fee54d06]
[b3208:891905] /lib64/libc.so.6(raise+0x16)[0x145a29454d06]
[b3208:891907] [ 3] /lib64/libc.so.6(abort+0xd3)[0x145a294287f3]
[b3208:891907] [ 4] /cluster/projects/nn14654k/ylvaos/mrchem/install/bin/mrchem.x[0x428e4b]
[b3208:891907] [ 5] /cluster/projects/nn14654k/ylvaos/mrchem/install/bin/mrchem.x[0x6572e6]
[b3208:891907] [ 6] /cluster/projects/nn14654k/ylvaos/mrchem/install/bin/mrchem.x[0x658dc4]
[b3208:891907] [ 7] /cluster/projects/nn14654k/ylvaos/mrchem/install/bin/mrchem.x[0x46ab7f]
[b3208:891907] [ 8] /cluster/projects/nn14654k/ylvaos/mrchem/install/bin/mrchem.x[0x47b912]
[b3208:891907] /lib64/libc.so.6(raise+0x16)[0x14c894054d06]
[b3208:891903] [ 3] /lib64/libc.so.6(abort+0xd3)[0x14c8940287f3]
[b3208:891903] [ 4] /cluster/projects/nn14654k/ylvaos/mrchem/install/bin/mrchem.x[0x428e4b]
[b3208:891903] [ 5] /cluster/projects/nn14654k/ylvaos/mrchem/install/bin/mrchem.x[0x6572e6]
[b3208:891903] [ 6] /cluster/projects/nn14654k/ylvaos/mrchem/install/bin/mrchem.x[0x658dc4]
[b3208:891903] [ 7] /lib64/libc.so.6(raise+0x16)[0x14a952454d06]
[b3208:891906] [ 3] /lib64/libc.so.6(abort+0xd3)[0x14a9524287f3]
[b3208:891906] [ 4] /cluster/projects/nn14654k/ylvaos/mrchem/install/bin/mrchem.x[0x428e4b]
[b3208:891906] [ 5] /cluster/projects/nn14654k/ylvaos/mrchem/install/bin/mrchem.x[0x6572e6]
[b3208:891906] [ 6] /cluster/projects/nn14654k/ylvaos/mrchem/install/bin/mrchem.x[0x658dc4]
[b3208:891906] [ 7] /cluster/projects/nn14654k/ylvaos/mrchem/install/bin/mrchem.x[0x46ab7f]
[b3208:891906] [ 3] /lib64/libc.so.6(abort+0xd3)[0x1471fee287f3]
[b3208:891905] [ 4] /cluster/projects/nn14654k/ylvaos/mrchem/install/bin/mrchem.x[0x428e4b]
[b3208:891905] [ 5] /cluster/projects/nn14654k/ylvaos/mrchem/install/bin/mrchem.x[0x6572e6]
[b3208:891905] [ 6] /cluster/projects/nn14654k/ylvaos/mrchem/install/bin/mrchem.x[0x658dc4]
[b3208:891905] [ 7] /cluster/projects/nn14654k/ylvaos/mrchem/install/bin/mrchem.x[0x46ab7f]
[b3208:891905] [ 8] /cluster/projects/nn14654k/ylvaos/mrchem/install/bin/mrchem.x[0x47b912]
[b3208:891905] [ 9] /cluster/projects/nn14654k/ylvaos/mrchem/install/bin/mrchem.x[0x42d5b0]
[ 9] /cluster/projects/nn14654k/ylvaos/mrchem/install/bin/mrchem.x[0x42d5b0]
[b3208:891907] [10] /lib64/libc.so.6(+0x3feb0)[0x145a2943feb0]
[b3208:891907] [11] /lib64/libc.so.6(__libc_start_main+0x80)[0x145a2943ff60]
[b3208:891907] [12] /cluster/projects/nn14654k/ylvaos/mrchem/install/bin/mrchem.x[0x431305]
[b3208:891907] *** End of error message ***
/cluster/projects/nn14654k/ylvaos/mrchem/install/bin/mrchem.x[0x46ab7f]
[b3208:891903] [ 8] /cluster/projects/nn14654k/ylvaos/mrchem/install/bin/mrchem.x[0x47b912]
[b3208:891903] [ 9] /cluster/projects/nn14654k/ylvaos/mrchem/install/bin/mrchem.x[0x42d5b0]
[b3208:891903] [10] /lib64/libc.so.6(+0x3feb0)[0x14c89403feb0]
[b3208:891903] [11] /lib64/libc.so.6(__libc_start_main+0x80)[0x14c89403ff60]
[b3208:891903] [12] /cluster/projects/nn14654k/ylvaos/mrchem/install/bin/mrchem.x[0x431305]
[ 8] /cluster/projects/nn14654k/ylvaos/mrchem/install/bin/mrchem.x[0x47b912]
[b3208:891906] [ 9] /cluster/projects/nn14654k/ylvaos/mrchem/install/bin/mrchem.x[0x42d5b0]
[b3208:891906] [10] /lib64/libc.so.6(+0x3feb0)[0x14a95243feb0]
[b3208:891906] [11] /lib64/libc.so.6(__libc_start_main+0x80)[0x14a95243ff60]
[b3208:891906] [12] /cluster/projects/nn14654k/ylvaos/mrchem/install/bin/mrchem.x[0x431305]
[b3208:891906] *** End of error message ***
[b3208:891905] [10] /lib64/libc.so.6(+0x3feb0)[0x1471fee3feb0]
[b3208:891905] [11] /lib64/libc.so.6(__libc_start_main+0x80)[0x1471fee3ff60]
[b3208:891905] [12] /cluster/projects/nn14654k/ylvaos/mrchem/install/bin/mrchem.x[0x431305]
[b3208:891905] *** End of error message ***
[b3208:891903] *** End of error message ***
Command terminated by signal 6
485616
Command terminated by signal 6
474176
Command terminated by signal 6
571632
Command terminated by signal 6
516492
Command terminated by signal 6
515048
Command terminated by signal 6
457248
Command terminated by signal 6
517872
Command terminated by signal 6
460980
Command terminated by signal 6
458432
Command terminated by signal 6
454716
Command terminated by signal 6
520060
Command terminated by signal 6
443076
Command terminated by signal 6
568988
Command terminated by signal 6
569756
Command terminated by signal 6
570292
Command terminated by signal 6
508760
Command terminated by signal 6
510120
Command terminated by signal 6
516868
Command terminated by signal 6
453020
Command terminated by signal 6
571524
Command terminated by signal 6
572212
Command terminated by signal 6
569148
--------------------------------------------------------------------------
prterun detected that one or more processes exited with non-zero status,
thus causing the job to be terminated. The first process to do so was:

   Process name: [prterun-b3201-1303242@1,19] Exit code:    134
--------------------------------------------------------------------------


Job 1568012 completed at Thu Jul 9 15:06:20 CEST 2026
