Warning: recommended number of threads is 31
setting number of threads to omp_threads, 32
                                                                           
                                                                           
***************************************************************************
***                                                                     ***
***                                                                     ***
***          __  __ ____   ____ _                                       ***
***         |  \/  |  _ \ / ___| |__   ___ _ __ ___                     ***
***         | |\/| | |_) | |   | '_ \ / _ \ '_ ` _ \                    ***
***         | |  | |  _ <| |___| | | |  __/ | | | | |                   ***
***         |_|  |_|_| \_\\____|_| |_|\___|_| |_| |_|                   ***
***                                                                     ***
***         VERSION            1.2.0-alpha                              ***
***                                                                     ***
***         Git branch         master                                   ***
***         Git commit hash    d6a1a67ced60ba46a7d9-dirty               ***
***         Git commit author  Niklas Göllmann                         ***
***         Git commit date    Wed Jun 24 12:36:55 2026 +0200           ***
***                                                                     ***
***         Contact: luca.frediani@uit.no                               ***
***                                                                     ***
***         Radovan Bast            Magnar Bjorgve                      ***
***         Roberto Di Remigio      Antoine Durdek                      ***
***         Luca Frediani           Gabriel Gerez                       ***
***         Stig Rune Jensen        Jonas Juselius                      ***
***         Rune Monstad            Peter Wind                          ***
***                                                                     ***
***************************************************************************

---------------------------------------------------------------------------

 MPI processes           :       (16 bank)                              48
 OpenMP threads          :                                              32
 Total cores             :                                            1040
                                                                           
---------------------------------------------------------------------------


---------------------------------------------------------------------------

 MRCPP version         : 1.6.0-alpha
 Git branch            : HEAD
 Git commit hash       : 77187f0e2a0707410329
 Git commit author     : Valentyn113
 Git commit date       : Tue Jun 9 15:08:36 2026 +0200

 Linear algebra        : EIGEN v3.4.0
 Parallelization       : MPI/OpenMP (32 threads)

---------------------------------------------------------------------------


                                                                           
===========================================================================
                         MultiResolution Analysis
---------------------------------------------------------------------------
 polynomial order      : 7
 polynomial type       : Interpolating
---------------------------------------------------------------------------
 total boxes           : 8
 boxes                 : [          2           2           2 ]
 unit lengths          : [  128.00000   128.00000   128.00000 ]
 scaling factor        : [    1.00000     1.00000     1.00000 ]
 lower bounds          : [ -128.00000  -128.00000  -128.00000 ]
 upper bounds          : [  128.00000   128.00000   128.00000 ]
 total length          : [  256.00000   256.00000   256.00000 ]
===========================================================================


                                                                           
***************************************************************************
***                                                                     ***
***                        Initializing Molecule                        ***
***                                                                     ***
***************************************************************************
                                                                           
                                                                           
===========================================================================
                                 Molecule
---------------------------------------------------------------------------
 Charge                  :                                               0
 Multiplicity            :                                               1
---------------------------------------------------------------------------
    N    Atom            :               x               y               z
---------------------------------------------------------------------------
    0      Ru            :        4.580295       -6.775061       -2.187045
    1       P            :        2.334443       -7.211594       -5.840980
    2       H            :        3.059268       -8.847259       -7.846380
    3       H            :       -0.247548       -7.954039       -5.766918
    4       H            :        1.999595       -5.004959       -7.315792
    5       P            :        6.608602       -5.179243        1.266260
    6       H            :        7.151490       -2.559835        1.237787
    7       H            :        5.434863       -5.245439        3.683170
    8       H            :        9.028511       -6.012759        2.085996
    9       H            :        6.301574       -4.976284       -3.737413
   10       H            :        7.110385       -8.525778       -3.204519
   11       H            :        6.211320       -9.645551       -2.349151
   12       H            :        2.689425       -4.371771       -1.739099
---------------------------------------------------------------------------
 Center of mass          :        4.558464       -6.540795       -2.240891
===========================================================================


                                                                           
                                                                           
***************************************************************************
***                                                                     ***
***                           XC Functional                             ***
***                                                                     ***
***************************************************************************

Using Libxc (version 7.0.0) to evaluate density functionals. Libxc is free
software. It is distributed under the Mozilla Public License, version 2.0.
For more information, please check the Libxc manual. You should cite

S. Lehtola, C. Steigemann, M. J.T. Oliveira, and M. A.L. Marques., 
SoftwareX 7, 1–5 (2018) DOI: 10.1016/j.softx.2017.11.002

when reporting the results of your calculation in a scientific article.

Libxc functionals used in this calculation:
  - gga_x_b88 (ID 106): Becke 88
     * A. D. Becke.,  Phys. Rev. A 38, 3098 (1988),
       DOI:10.1103/PhysRevA.38.3098
  - gga_c_p86_ft (ID 217): Perdew 86 with more accurate value for ftilde
     * J. P. Perdew.,  Phys. Rev. B 33, 8822 (1986),
       DOI:10.1103/PhysRevB.33.8822
                                                                           
***************************************************************************
***                                                                     ***
***                Computing Initial Guess Wavefunction                 ***
***                                                                     ***
***************************************************************************
                                                                           
                                                                           
~~~~~~~~~~~~~~~~~~~~~~~~~~~~~~~~~~~~~~~~~~~~~~~~~~~~~~~~~~~~~~~~~~~~~~~~~~~
 Calculation             : Compute initial orbitals
 Method                  : Project GTO molecular orbitals
 Precision               : 1.00000e-06
 Screening               : 1.20000e+01 StdDev
 Restricted              : True
 MO file                 : ../initial_guess/opt1_x2csvp_ph3/15h_ph3/mrchem.mop
~~~~~~~~~~~~~~~~~~~~~~~~~~~~~~~~~~~~~~~~~~~~~~~~~~~~~~~~~~~~~~~~~~~~~~~~~~~


===========================================================================
                            Molecular Orbitals
---------------------------------------------------------------------------
 Alpha electrons         :                                          42.000
 Beta electrons          :                                          42.000
 Total electrons         :                                          84.000
---------------------------------------------------------------------------
    n     Occ Spin       :                                            Norm
---------------------------------------------------------------------------
    0    2.00    p       :                              9.999999181180e-01
    1    2.00    p       :                              9.999997113348e-01
    2    2.00    p       :                              9.999996992922e-01
    3    2.00    p       :                              9.999996794604e-01
    4    2.00    p       :                              1.000000166465e+00
    5    2.00    p       :                              9.999999261450e-01
    6    2.00    p       :                              9.999999302210e-01
    7    2.00    p       :                              1.000000214267e+00
    8    2.00    p       :                              1.000000548788e+00
    9    2.00    p       :                              1.000000545274e+00
   10    2.00    p       :                              1.000000467458e+00
   11    2.00    p       :                              9.999971235622e-01
   12    2.00    p       :                              9.999983965068e-01
   13    2.00    p       :                              9.999984627586e-01
   14    2.00    p       :                              9.999992251099e-01
   15    2.00    p       :                              9.999966697524e-01
   16    2.00    p       :                              1.000000146595e+00
   17    2.00    p       :                              1.000000147064e+00
   18    2.00    p       :                              1.000000150435e+00
   19    2.00    p       :                              9.999994061789e-01
   20    2.00    p       :                              1.000000136821e+00
   21    2.00    p       :                              9.999994984634e-01
   22    2.00    p       :                              9.999990863538e-01
   23    2.00    p       :                              1.000000071742e+00
   24    2.00    p       :                              1.000000062298e+00
   25    2.00    p       :                              9.999995934128e-01
   26    2.00    p       :                              9.999996162144e-01
   27    2.00    p       :                              9.999995885922e-01
   28    2.00    p       :                              9.999995900856e-01
   29    2.00    p       :                              9.999995761990e-01
   30    2.00    p       :                              9.999996045018e-01
   31    2.00    p       :                              9.999998347938e-01
   32    2.00    p       :                              1.000000226269e+00
   33    2.00    p       :                              1.000000097745e+00
   34    2.00    p       :                              1.000000137780e+00
   35    2.00    p       :                              9.999999184970e-01
   36    2.00    p       :                              1.000000108413e+00
   37    2.00    p       :                              1.000000279764e+00
   38    2.00    p       :                              1.000000045923e+00
   39    2.00    p       :                              9.999996165301e-01
   40    2.00    p       :                              9.999994448279e-01
   41    2.00    p       :                              9.999998033230e-01
===========================================================================


~~~~~~~~~~~~~~~~~~~~~~~~~~~~~~~~~~~~~~~~~~~~~~~~~~~~~~~~~~~~~~~~~~~~~~~~~~~
 Calculation             : Compute initial energy
 Method                  : DFT
 XC Library              : LibXC
 Relativity              : None
 Environment             : None
 External fields         : None
 Precision               : 1.00000e-06
 Density cutoff          : 0.00000e+00
 Localization            : On
~~~~~~~~~~~~~~~~~~~~~~~~~~~~~~~~~~~~~~~~~~~~~~~~~~~~~~~~~~~~~~~~~~~~~~~~~~~


===========================================================================
                        Molecular Energy (initial)
---------------------------------------------------------------------------
 Kinetic energy          :            (au)               5703.812226730485
 E-N energy              :            (au)             -13750.108947889523
 Coulomb energy          :            (au)               2655.587483248786
 Exchange energy         :            (au)                  0.000000000000
 X-C energy              :            (au)               -185.316804629827
 N-N energy              :            (au)                504.252224057042
 Non-local pp energy     :            (au)                  0.000000000000
---------------------------------------------------------------------------
 Electronic energy       :            (au)              -5576.026042540078
 Nuclear energy          :            (au)                504.252224057042
---------------------------------------------------------------------------
 Total energy            :            (au)             -5.071773818483e+03
                         :      (kcal/mol)             -3.182586121403e+06
                         :        (kJ/mol)             -1.331594033195e+07
                         :            (eV)             -1.380099963270e+05
===========================================================================


===========================================================================
                        Orbital Energies (initial)
---------------------------------------------------------------------------
    n     Occ Spin       :                                         Epsilon
---------------------------------------------------------------------------
    0    2.00    p       :            (au)               -757.283697418135
    1    2.00    p       :            (au)               -105.155157264441
    2    2.00    p       :            (au)               -101.364125489287
    3    2.00    p       :            (au)               -101.363220060511
    4    2.00    p       :            (au)               -101.362953406825
    5    2.00    p       :            (au)                -76.256614897625
    6    2.00    p       :            (au)                -76.256567100869
    7    2.00    p       :            (au)                -18.146642793832
    8    2.00    p       :            (au)                -16.001703692380
    9    2.00    p       :            (au)                -16.000209062738
   10    2.00    p       :            (au)                -15.999607978266
   11    2.00    p       :            (au)                -10.136471004424
   12    2.00    p       :            (au)                -10.135145415689
   13    2.00    p       :            (au)                -10.134196194625
   14    2.00    p       :            (au)                -10.133984443787
   15    2.00    p       :            (au)                -10.132888154997
   16    2.00    p       :            (au)                 -6.321395079689
   17    2.00    p       :            (au)                 -6.321362079515
   18    2.00    p       :            (au)                 -4.551414870015
   19    2.00    p       :            (au)                 -4.551386860291
   20    2.00    p       :            (au)                 -4.551211391164
   21    2.00    p       :            (au)                 -4.551180277994
   22    2.00    p       :            (au)                 -4.547652383269
   23    2.00    p       :            (au)                 -4.547610637932
   24    2.00    p       :            (au)                 -2.348335183286
   25    2.00    p       :            (au)                 -1.629120052832
   26    2.00    p       :            (au)                 -1.628984882381
   27    2.00    p       :            (au)                 -1.624227479185
   28    2.00    p       :            (au)                 -0.602353195096
   29    2.00    p       :            (au)                 -0.596824905768
   30    2.00    p       :            (au)                 -0.422992882705
   31    2.00    p       :            (au)                 -0.362523727835
   32    2.00    p       :            (au)                 -0.361066472645
   33    2.00    p       :            (au)                 -0.360949339133
   34    2.00    p       :            (au)                 -0.358751804574
   35    2.00    p       :            (au)                 -0.336694306119
   36    2.00    p       :            (au)                 -0.287385349690
   37    2.00    p       :            (au)                 -0.267693749672
   38    2.00    p       :            (au)                 -0.237341048280
   39    2.00    p       :            (au)                 -0.208731079789
   40    2.00    p       :            (au)                 -0.205760555263
   41    2.00    p       :            (au)                 -0.198011969685
---------------------------------------------------------------------------
 Sum occupied            :            (au)              -2975.688291884474
===========================================================================


                                                                           
***************************************************************************
***                                                                     ***
***                 Computing Ground State Wavefunction                 ***
***                                                                     ***
***************************************************************************
                                                                           
                                                                           
~~~~~~~~~~~~~~~~~~~~~~~~~~~~~~~~~~~~~~~~~~~~~~~~~~~~~~~~~~~~~~~~~~~~~~~~~~~
 Calculation             : Optimize ground state orbitals
 Method                  : DFT
 XC library              : LibXC
 Relativity              : None
 Environment             : None
 External fields         : None
 Checkpointing           : Off
 Max iterations          : 100
 KAIN solver             : 3
 Localization            : First two iterations
 Diagonalization         : Off
 Start precision         : 1.00000e-06
 Final precision         : 1.00000e-06
 Helmholtz precision     : Dynamic
 Energy threshold        : 1.00000e-04
 Orbital threshold       : 1.00000e-03
~~~~~~~~~~~~~~~~~~~~~~~~~~~~~~~~~~~~~~~~~~~~~~~~~~~~~~~~~~~~~~~~~~~~~~~~~~~


===========================================================================
 Iter           MO residual             Total energy                Update
---------------------------------------------------------------------------
    0          6.480741e+00       -5071.773818483037         -5.071774e+03
    1          1.103251e-01       -5128.455264177671         -5.668145e+01
    2          5.543382e-02       -5132.278577725369         -3.823314e+00
    3          4.122453e-02       -5132.911132205383         -6.325545e-01
    4          2.566678e-02       -5133.035286341234         -1.241541e-01
    5          3.129859e-02       -5133.117542272393         -8.225593e-02
    6          1.486831e-02       -5133.122834750294         -5.292478e-03
    7          9.226648e-03       -5133.123422681459         -5.879312e-04
    8          5.956611e-03       -5133.126144271042         -2.721590e-03
    9          4.075421e-03       -5133.126999600872         -8.553298e-04
   10          3.977211e-03       -5133.127402247370         -4.026465e-04
   11          2.899598e-03       -5133.127442383250         -4.013588e-05
   12          3.414530e-03       -5133.127466471660         -2.408841e-05
   13          2.268274e-03       -5133.127519611199         -5.313954e-05
---------------------------------------------------------------------------
                      SCF converged in 13 iterations!
===========================================================================


                                                                           
***************************************************************************
***                                                                     ***
***                    Printing Molecular Properties                    ***
***                                                                     ***
***************************************************************************
                                                                           
                                                                           
===========================================================================
                                 Molecule
---------------------------------------------------------------------------
 Charge                  :                                               0
 Multiplicity            :                                               1
---------------------------------------------------------------------------
    N    Atom            :               x               y               z
---------------------------------------------------------------------------
    0      Ru            :        4.580295       -6.775061       -2.187045
    1       P            :        2.334443       -7.211594       -5.840980
    2       H            :        3.059268       -8.847259       -7.846380
    3       H            :       -0.247548       -7.954039       -5.766918
    4       H            :        1.999595       -5.004959       -7.315792
    5       P            :        6.608602       -5.179243        1.266260
    6       H            :        7.151490       -2.559835        1.237787
    7       H            :        5.434863       -5.245439        3.683170
    8       H            :        9.028511       -6.012759        2.085996
    9       H            :        6.301574       -4.976284       -3.737413
   10       H            :        7.110385       -8.525778       -3.204519
   11       H            :        6.211320       -9.645551       -2.349151
   12       H            :        2.689425       -4.371771       -1.739099
---------------------------------------------------------------------------
 Center of mass          :        4.558464       -6.540795       -2.240891
===========================================================================


===========================================================================
                         Molecular Energy (final)
---------------------------------------------------------------------------
 Kinetic energy          :            (au)               5129.961782415702
 E-N energy              :            (au)             -13226.592274362954
 Coulomb energy          :            (au)               2641.331650003476
 Exchange energy         :            (au)                  0.000000000000
 X-C energy              :            (au)               -182.080901724464
 N-N energy              :            (au)                504.252224057042
 Non-local pp energy     :            (au)                  0.000000000000
---------------------------------------------------------------------------
 Electronic energy       :            (au)              -5637.379743668241
 Nuclear energy          :            (au)                504.252224057042
---------------------------------------------------------------------------
 Total energy            :            (au)             -5.133127519611e+03
                         :      (kcal/mol)             -3.221086150130e+06
                         :        (kJ/mol)             -1.347702445214e+07
                         :            (eV)             -1.396795155861e+05
===========================================================================


===========================================================================
                         Orbital Energies (final)
---------------------------------------------------------------------------
    n     Occ Spin       :                                         Epsilon
---------------------------------------------------------------------------
    0    2.00    p       :            (au)               -784.046281001526
    1    2.00    p       :            (au)               -110.638908925816
    2    2.00    p       :            (au)               -102.361418798124
    3    2.00    p       :            (au)               -102.360767492453
    4    2.00    p       :            (au)               -102.360622557261
    5    2.00    p       :            (au)                -76.358474395500
    6    2.00    p       :            (au)                -76.358436314696
    7    2.00    p       :            (au)                -19.376437365993
    8    2.00    p       :            (au)                -16.130619863203
    9    2.00    p       :            (au)                -16.129009462052
   10    2.00    p       :            (au)                -16.128743452089
   11    2.00    p       :            (au)                -10.158905645961
   12    2.00    p       :            (au)                -10.157803006404
   13    2.00    p       :            (au)                -10.155932951738
   14    2.00    p       :            (au)                -10.155766961019
   15    2.00    p       :            (au)                -10.154753054728
   16    2.00    p       :            (au)                 -6.327009805237
   17    2.00    p       :            (au)                 -6.326970338116
   18    2.00    p       :            (au)                 -4.543122250278
   19    2.00    p       :            (au)                 -4.543082805752
   20    2.00    p       :            (au)                 -4.542919496663
   21    2.00    p       :            (au)                 -4.542880350141
   22    2.00    p       :            (au)                 -4.539374126016
   23    2.00    p       :            (au)                 -4.539334866781
   24    2.00    p       :            (au)                 -2.595308524976
   25    2.00    p       :            (au)                 -1.635184868531
   26    2.00    p       :            (au)                 -1.634045667712
   27    2.00    p       :            (au)                 -1.631001952452
   28    2.00    p       :            (au)                 -0.604195116895
   29    2.00    p       :            (au)                 -0.598136532053
   30    2.00    p       :            (au)                 -0.428602084644
   31    2.00    p       :            (au)                 -0.364176944093
   32    2.00    p       :            (au)                 -0.363331814037
   33    2.00    p       :            (au)                 -0.362698907894
   34    2.00    p       :            (au)                 -0.360961429326
   35    2.00    p       :            (au)                 -0.337640766011
   36    2.00    p       :            (au)                 -0.291374163716
   37    2.00    p       :            (au)                 -0.268241256957
   38    2.00    p       :            (au)                 -0.244314889830
   39    2.00    p       :            (au)                 -0.201475818336
   40    2.00    p       :            (au)                 -0.198342937765
   41    2.00    p       :            (au)                 -0.191560944680
---------------------------------------------------------------------------
 Sum occupied            :            (au)              -3050.496339814906
===========================================================================


===========================================================================
                             Orbital Positions
---------------------------------------------------------------------------
  Index       Occ        :               x               y               z
---------------------------------------------------------------------------
      0      2.00        :        4.580295       -6.775062       -2.187045
      1      2.00        :        4.581119       -6.835790       -2.212870
      2      2.00        :        4.580490       -6.730310       -2.235559
      3      2.00        :        4.633519       -6.766592       -2.149179
      4      2.00        :        4.526066       -6.767529       -2.150466
      5      2.00        :        2.334434       -7.211594       -5.840994
      6      2.00        :        6.608609       -5.179235        1.266274
      7      2.00        :        4.580380       -6.653473       -2.418539
      8      2.00        :        4.422485       -6.927836       -2.048692
      9      2.00        :        4.572528       -6.706057       -1.953850
     10      2.00        :        4.793735       -6.815093       -2.303689
     11      2.00        :        4.744126       -6.575593       -2.146094
     12      2.00        :        4.366121       -6.804522       -2.297753
     13      2.00        :        4.740625       -6.924434       -2.042809
     14      2.00        :        4.575829       -7.003086       -2.317004
     15      2.00        :        4.425151       -6.565721       -2.154005
     16      2.00        :        2.466221       -7.199532       -5.633814
     17      2.00        :        6.498744       -5.281990        1.071832
     18      2.00        :        4.933314       -6.196437       -2.010391
     19      2.00        :        4.498460       -7.494737       -2.456666
     20      2.00        :        4.470780       -6.415591       -2.778240
     21      2.00        :        3.892791       -6.838152       -2.288534
     22      2.00        :        5.246429       -7.049634       -2.509143
     23      2.00        :        4.336629       -6.625755       -1.550132
     24      2.00        :        4.934891       -7.286652       -1.728739
     25      2.00        :        2.142284       -7.056656       -5.825605
     26      2.00        :        2.251694       -7.442417       -5.873040
     27      2.00        :        2.476564       -7.147671       -6.033013
     28      2.00        :        6.824570       -5.080925        1.196597
     29      2.00        :        6.648507       -5.351395        1.439252
     30      2.00        :        6.463357       -5.001719        1.358762
     31      2.00        :        3.114119       -7.178264       -4.616070
     32      2.00        :        2.875211       -8.390158       -7.260588
     33      2.00        :        0.501767       -7.745896       -5.749931
     34      2.00        :        2.101598       -5.640742       -6.882109
     35      2.00        :        5.968319       -5.820317        0.131513
     36      2.00        :        6.990406       -3.319403        1.237783
     37      2.00        :        5.745072       -5.248001        2.969874
     38      2.00        :        8.340380       -5.794267        1.831718
     39      2.00        :        5.736083       -5.618719       -3.213378
     40      2.00        :        3.184622       -4.976785       -1.863410
     41      2.00        :        6.491741       -8.957335       -2.711901
===========================================================================


===========================================================================
                           Dipole Moment (dip-1)
---------------------------------------------------------------------------
 r_O                     :        0.000000        0.000000        0.000000
---------------------------------------------------------------------------
 Electronic vector       :     -384.400137      546.802156      189.879300
 Magnitude               :            (au)                      694.845459
                         :         (Debye)                     1766.120995
---------------------------------------------------------------------------
 Nuclear vector          :      384.417561     -547.108928     -189.803082
 Magnitude               :            (au)                      695.075715
                         :         (Debye)                     1766.706248
---------------------------------------------------------------------------
 Total vector            :        0.017424       -0.306772        0.076217
 Magnitude               :            (au)                        0.316578
                         :         (Debye)                        0.804660
===========================================================================


                                                                           
                                                                           
***************************************************************************
***                                                                     ***
***                            Exiting MRChem                           ***
***                                                                     ***
***                       Wall time :  0h  6m  5s                       ***
***                                                                     ***
***************************************************************************
                                                                           
                                                                           
