Warning: recommended number of threads is 31
setting number of threads to omp_threads, 32
                                                                           
                                                                           
***************************************************************************
***                                                                     ***
***                                                                     ***
***          __  __ ____   ____ _                                       ***
***         |  \/  |  _ \ / ___| |__   ___ _ __ ___                     ***
***         | |\/| | |_) | |   | '_ \ / _ \ '_ ` _ \                    ***
***         | |  | |  _ <| |___| | | |  __/ | | | | |                   ***
***         |_|  |_|_| \_\\____|_| |_|\___|_| |_| |_|                   ***
***                                                                     ***
***         VERSION            1.2.0-alpha                              ***
***                                                                     ***
***         Git branch         master                                   ***
***         Git commit hash    d6a1a67ced60ba46a7d9-dirty               ***
***         Git commit author  Niklas Göllmann                         ***
***         Git commit date    Wed Jun 24 12:36:55 2026 +0200           ***
***                                                                     ***
***         Contact: luca.frediani@uit.no                               ***
***                                                                     ***
***         Radovan Bast            Magnar Bjorgve                      ***
***         Roberto Di Remigio      Antoine Durdek                      ***
***         Luca Frediani           Gabriel Gerez                       ***
***         Stig Rune Jensen        Jonas Juselius                      ***
***         Rune Monstad            Peter Wind                          ***
***                                                                     ***
***************************************************************************

---------------------------------------------------------------------------

 MPI processes           :       (16 bank)                              48
 OpenMP threads          :                                              32
 Total cores             :                                            1040
                                                                           
---------------------------------------------------------------------------


---------------------------------------------------------------------------

 MRCPP version         : 1.6.0-alpha
 Git branch            : HEAD
 Git commit hash       : 77187f0e2a0707410329
 Git commit author     : Valentyn113
 Git commit date       : Tue Jun 9 15:08:36 2026 +0200

 Linear algebra        : EIGEN v3.4.0
 Parallelization       : MPI/OpenMP (32 threads)

---------------------------------------------------------------------------


                                                                           
===========================================================================
                         MultiResolution Analysis
---------------------------------------------------------------------------
 polynomial order      : 7
 polynomial type       : Interpolating
---------------------------------------------------------------------------
 total boxes           : 8
 boxes                 : [          2           2           2 ]
 unit lengths          : [  128.00000   128.00000   128.00000 ]
 scaling factor        : [    1.00000     1.00000     1.00000 ]
 lower bounds          : [ -128.00000  -128.00000  -128.00000 ]
 upper bounds          : [  128.00000   128.00000   128.00000 ]
 total length          : [  256.00000   256.00000   256.00000 ]
===========================================================================


                                                                           
***************************************************************************
***                                                                     ***
***                        Initializing Molecule                        ***
***                                                                     ***
***************************************************************************
                                                                           
                                                                           
===========================================================================
                                 Molecule
---------------------------------------------------------------------------
 Charge                  :                                               0
 Multiplicity            :                                               1
---------------------------------------------------------------------------
    N    Atom            :               x               y               z
---------------------------------------------------------------------------
    0      Ru            :        0.491023        0.547121        1.053871
    1       P            :        4.435829        2.167736       -1.044984
    2       P            :       -3.755399        1.046543        1.387148
    3       P            :        0.345008       -3.845974        1.623947
    4       H            :       -4.922448        2.312285        3.443821
    5       H            :        1.380948        0.690932        4.255498
    6       H            :        1.148561        2.263697        3.759867
    7       H            :        0.144645        3.441768        0.144849
    8       H            :       -0.267114       -0.000790       -1.838814
    9       H            :        5.263543        3.698553        1.040376
   10       H            :        6.700239        0.677153       -0.816753
   11       H            :       -4.998837        2.400154       -0.561182
   12       H            :       -5.390340       -1.084197        1.387445
   13       H            :        3.650597       -0.131543        0.675040
   14       H            :       -0.349666       -5.039690        3.948632
   15       H            :       -1.367698       -5.144466        0.031780
   16       H            :        2.499446       -5.360418        1.150216
---------------------------------------------------------------------------
 Center of mass          :        0.410001        0.166325        0.889282
===========================================================================


                                                                           
                                                                           
***************************************************************************
***                                                                     ***
***                           XC Functional                             ***
***                                                                     ***
***************************************************************************

Using Libxc (version 7.0.0) to evaluate density functionals. Libxc is free
software. It is distributed under the Mozilla Public License, version 2.0.
For more information, please check the Libxc manual. You should cite

S. Lehtola, C. Steigemann, M. J.T. Oliveira, and M. A.L. Marques., 
SoftwareX 7, 1–5 (2018) DOI: 10.1016/j.softx.2017.11.002

when reporting the results of your calculation in a scientific article.

Libxc functionals used in this calculation:
  - gga_x_b88 (ID 106): Becke 88
     * A. D. Becke.,  Phys. Rev. A 38, 3098 (1988),
       DOI:10.1103/PhysRevA.38.3098
  - gga_c_p86_ft (ID 217): Perdew 86 with more accurate value for ftilde
     * J. P. Perdew.,  Phys. Rev. B 33, 8822 (1986),
       DOI:10.1103/PhysRevB.33.8822
                                                                           
***************************************************************************
***                                                                     ***
***                Computing Initial Guess Wavefunction                 ***
***                                                                     ***
***************************************************************************
                                                                           
                                                                           
~~~~~~~~~~~~~~~~~~~~~~~~~~~~~~~~~~~~~~~~~~~~~~~~~~~~~~~~~~~~~~~~~~~~~~~~~~~
 Calculation             : Compute initial orbitals
 Method                  : Project GTO molecular orbitals
 Precision               : 1.00000e-06
 Screening               : 1.20000e+01 StdDev
 Restricted              : True
 MO file                 : ../initial_guess/opt1_x2csvp_ph3/1b_ph3/mrchem.mop
~~~~~~~~~~~~~~~~~~~~~~~~~~~~~~~~~~~~~~~~~~~~~~~~~~~~~~~~~~~~~~~~~~~~~~~~~~~


===========================================================================
                            Molecular Orbitals
---------------------------------------------------------------------------
 Alpha electrons         :                                          51.000
 Beta electrons          :                                          51.000
 Total electrons         :                                         102.000
---------------------------------------------------------------------------
    n     Occ Spin       :                                            Norm
---------------------------------------------------------------------------
    0    2.00    p       :                              9.999999193394e-01
    1    2.00    p       :                              9.999996747838e-01
    2    2.00    p       :                              9.999996651368e-01
    3    2.00    p       :                              9.999996861271e-01
    4    2.00    p       :                              1.000000183271e+00
    5    2.00    p       :                              9.999999283213e-01
    6    2.00    p       :                              9.999999355755e-01
    7    2.00    p       :                              9.999999349402e-01
    8    2.00    p       :                              1.000000241667e+00
    9    2.00    p       :                              1.000000616181e+00
   10    2.00    p       :                              1.000000636451e+00
   11    2.00    p       :                              1.000000646649e+00
   12    2.00    p       :                              9.999992967198e-01
   13    2.00    p       :                              9.999961215439e-01
   14    2.00    p       :                              9.999991223174e-01
   15    2.00    p       :                              9.999984691784e-01
   16    2.00    p       :                              9.999969669060e-01
   17    2.00    p       :                              1.000000151706e+00
   18    2.00    p       :                              1.000000125274e+00
   19    2.00    p       :                              1.000000137839e+00
   20    2.00    p       :                              1.000000621549e+00
   21    2.00    p       :                              1.000000360079e+00
   22    2.00    p       :                              1.000000819231e+00
   23    2.00    p       :                              1.000000579909e+00
   24    2.00    p       :                              1.000000544834e+00
   25    2.00    p       :                              9.999996497938e-01
   26    2.00    p       :                              9.999996016826e-01
   27    2.00    p       :                              9.999995610731e-01
   28    2.00    p       :                              1.000000180903e+00
   29    2.00    p       :                              9.999996712438e-01
   30    2.00    p       :                              9.999995649528e-01
   31    2.00    p       :                              9.999995648713e-01
   32    2.00    p       :                              9.999996588627e-01
   33    2.00    p       :                              9.999995691282e-01
   34    2.00    p       :                              9.999995781903e-01
   35    2.00    p       :                              1.000000171859e+00
   36    2.00    p       :                              9.999995006649e-01
   37    2.00    p       :                              9.999996237659e-01
   38    2.00    p       :                              9.999998953207e-01
   39    2.00    p       :                              1.000000088753e+00
   40    2.00    p       :                              9.999980877620e-01
   41    2.00    p       :                              9.999985003183e-01
   42    2.00    p       :                              1.000000071489e+00
   43    2.00    p       :                              1.000000358458e+00
   44    2.00    p       :                              1.000000146451e+00
   45    2.00    p       :                              1.000000328988e+00
   46    2.00    p       :                              1.000000167065e+00
   47    2.00    p       :                              1.000000198648e+00
   48    2.00    p       :                              1.000000183443e+00
   49    2.00    p       :                              9.999992132033e-01
   50    2.00    p       :                              9.999993369496e-01
===========================================================================


~~~~~~~~~~~~~~~~~~~~~~~~~~~~~~~~~~~~~~~~~~~~~~~~~~~~~~~~~~~~~~~~~~~~~~~~~~~
 Calculation             : Compute initial energy
 Method                  : DFT
 XC Library              : LibXC
 Relativity              : None
 Environment             : None
 External fields         : None
 Precision               : 1.00000e-06
 Density cutoff          : 0.00000e+00
 Localization            : On
~~~~~~~~~~~~~~~~~~~~~~~~~~~~~~~~~~~~~~~~~~~~~~~~~~~~~~~~~~~~~~~~~~~~~~~~~~~


===========================================================================
                        Molecular Energy (initial)
---------------------------------------------------------------------------
 Kinetic energy          :            (au)               6051.020119207970
 E-N energy              :            (au)             -15132.560262679552
 Coulomb energy          :            (au)               3090.847138250981
 Exchange energy         :            (au)                  0.000000000000
 X-C energy              :            (au)               -209.769414705607
 N-N energy              :            (au)                785.690283295095
 Non-local pp energy     :            (au)                  0.000000000000
---------------------------------------------------------------------------
 Electronic energy       :            (au)              -6200.462419926209
 Nuclear energy          :            (au)                785.690283295095
---------------------------------------------------------------------------
 Total energy            :            (au)             -5.414772136631e+03
                         :      (kcal/mol)             -3.397820815629e+06
                         :        (kJ/mol)             -1.421648229259e+07
                         :            (eV)             -1.473434560439e+05
===========================================================================


===========================================================================
                        Orbital Energies (initial)
---------------------------------------------------------------------------
    n     Occ Spin       :                                         Epsilon
---------------------------------------------------------------------------
    0    2.00    p       :            (au)               -757.299568386827
    1    2.00    p       :            (au)               -105.172540776709
    2    2.00    p       :            (au)               -101.381454344137
    3    2.00    p       :            (au)               -101.381060391898
    4    2.00    p       :            (au)               -101.379901309066
    5    2.00    p       :            (au)                -76.270547680728
    6    2.00    p       :            (au)                -76.266905586146
    7    2.00    p       :            (au)                -76.224506615762
    8    2.00    p       :            (au)                -18.164514109410
    9    2.00    p       :            (au)                -16.019325581773
   10    2.00    p       :            (au)                -16.017623956641
   11    2.00    p       :            (au)                -16.015991773863
   12    2.00    p       :            (au)                -10.153745755259
   13    2.00    p       :            (au)                -10.152492880402
   14    2.00    p       :            (au)                -10.151746470375
   15    2.00    p       :            (au)                -10.151041136096
   16    2.00    p       :            (au)                -10.149728311644
   17    2.00    p       :            (au)                 -6.334312124801
   18    2.00    p       :            (au)                 -6.331796111444
   19    2.00    p       :            (au)                 -6.290823305176
   20    2.00    p       :            (au)                 -4.564398143645
   21    2.00    p       :            (au)                 -4.564068450063
   22    2.00    p       :            (au)                 -4.561768517148
   23    2.00    p       :            (au)                 -4.561692400339
   24    2.00    p       :            (au)                 -4.560855483879
   25    2.00    p       :            (au)                 -4.558095208922
   26    2.00    p       :            (au)                 -4.521372678706
   27    2.00    p       :            (au)                 -4.520323593446
   28    2.00    p       :            (au)                 -4.516369002687
   29    2.00    p       :            (au)                 -2.365102514944
   30    2.00    p       :            (au)                 -1.648487091991
   31    2.00    p       :            (au)                 -1.643576656775
   32    2.00    p       :            (au)                 -1.638969827104
   33    2.00    p       :            (au)                 -0.613577000825
   34    2.00    p       :            (au)                 -0.605626099000
   35    2.00    p       :            (au)                 -0.576704982563
   36    2.00    p       :            (au)                 -0.431063915103
   37    2.00    p       :            (au)                 -0.383457411053
   38    2.00    p       :            (au)                 -0.372585127151
   39    2.00    p       :            (au)                 -0.371118889922
   40    2.00    p       :            (au)                 -0.366363655792
   41    2.00    p       :            (au)                 -0.360337811012
   42    2.00    p       :            (au)                 -0.342777638827
   43    2.00    p       :            (au)                 -0.325150542197
   44    2.00    p       :            (au)                 -0.297741537463
   45    2.00    p       :            (au)                 -0.279735712394
   46    2.00    p       :            (au)                 -0.251633889173
   47    2.00    p       :            (au)                 -0.239105157194
   48    2.00    p       :            (au)                 -0.222591220615
   49    2.00    p       :            (au)                 -0.214328688947
   50    2.00    p       :            (au)                 -0.188269622781
---------------------------------------------------------------------------
 Sum occupied            :            (au)              -3171.953750159641
===========================================================================


                                                                           
***************************************************************************
***                                                                     ***
***                 Computing Ground State Wavefunction                 ***
***                                                                     ***
***************************************************************************
                                                                           
                                                                           
~~~~~~~~~~~~~~~~~~~~~~~~~~~~~~~~~~~~~~~~~~~~~~~~~~~~~~~~~~~~~~~~~~~~~~~~~~~
 Calculation             : Optimize ground state orbitals
 Method                  : DFT
 XC library              : LibXC
 Relativity              : None
 Environment             : None
 External fields         : None
 Checkpointing           : Off
 Max iterations          : 100
 KAIN solver             : 4
 Localization            : First two iterations
 Diagonalization         : Off
 Start precision         : 1.00000e-06
 Final precision         : 1.00000e-06
 Helmholtz precision     : Dynamic
 Energy threshold        : 1.00000e-04
 Orbital threshold       : 1.00000e-03
~~~~~~~~~~~~~~~~~~~~~~~~~~~~~~~~~~~~~~~~~~~~~~~~~~~~~~~~~~~~~~~~~~~~~~~~~~~


===========================================================================
 Iter           MO residual             Total energy                Update
---------------------------------------------------------------------------
    0          7.141428e+00       -5414.772136631113         -5.414772e+03
    1          1.220084e-01       -5471.658842677039         -5.688671e+01
    2          5.776968e-02       -5475.491473859187         -3.832631e+00
    3          4.193714e-02       -5476.125814644636         -6.343408e-01
    4          2.614126e-02       -5476.252220105406         -1.264055e-01
    5          3.242556e-02       -5476.332893418086         -8.067331e-02
    6          1.432307e-02       -5476.326952433112          5.940985e-03
    7          6.479648e-03       -5476.336845309605         -9.892876e-03
    8          6.158737e-03       -5476.341962154484         -5.116845e-03
    9          6.298786e-03       -5476.343073232631         -1.111078e-03
   10          3.452448e-03       -5476.343339671181         -2.664385e-04
   11          2.702395e-03       -5476.343474935248         -1.352641e-04
   12          3.657848e-03       -5476.343537937727         -6.300248e-05
   13          2.032090e-03       -5476.343590773421         -5.283569e-05
---------------------------------------------------------------------------
                      SCF converged in 13 iterations!
===========================================================================


                                                                           
***************************************************************************
***                                                                     ***
***                    Printing Molecular Properties                    ***
***                                                                     ***
***************************************************************************
                                                                           
                                                                           
===========================================================================
                                 Molecule
---------------------------------------------------------------------------
 Charge                  :                                               0
 Multiplicity            :                                               1
---------------------------------------------------------------------------
    N    Atom            :               x               y               z
---------------------------------------------------------------------------
    0      Ru            :        0.491023        0.547121        1.053871
    1       P            :        4.435829        2.167736       -1.044984
    2       P            :       -3.755399        1.046543        1.387148
    3       P            :        0.345008       -3.845974        1.623947
    4       H            :       -4.922448        2.312285        3.443821
    5       H            :        1.380948        0.690932        4.255498
    6       H            :        1.148561        2.263697        3.759867
    7       H            :        0.144645        3.441768        0.144849
    8       H            :       -0.267114       -0.000790       -1.838814
    9       H            :        5.263543        3.698553        1.040376
   10       H            :        6.700239        0.677153       -0.816753
   11       H            :       -4.998837        2.400154       -0.561182
   12       H            :       -5.390340       -1.084197        1.387445
   13       H            :        3.650597       -0.131543        0.675040
   14       H            :       -0.349666       -5.039690        3.948632
   15       H            :       -1.367698       -5.144466        0.031780
   16       H            :        2.499446       -5.360418        1.150216
---------------------------------------------------------------------------
 Center of mass          :        0.410001        0.166325        0.889282
===========================================================================


===========================================================================
                         Molecular Energy (final)
---------------------------------------------------------------------------
 Kinetic energy          :            (au)               5473.445596330504
 E-N energy              :            (au)             -14605.625433687674
 Coulomb energy          :            (au)               3076.622710964085
 Exchange energy         :            (au)                  0.000000000000
 X-C energy              :            (au)               -206.476747675433
 N-N energy              :            (au)                785.690283295095
 Non-local pp energy     :            (au)                  0.000000000000
---------------------------------------------------------------------------
 Electronic energy       :            (au)              -6262.033874068517
 Nuclear energy          :            (au)                785.690283295095
---------------------------------------------------------------------------
 Total energy            :            (au)             -5.476343590773e+03
                         :      (kcal/mol)             -3.436457486435e+06
                         :        (kJ/mol)             -1.437813812324e+07
                         :            (eV)             -1.490189006643e+05
===========================================================================


===========================================================================
                         Orbital Energies (final)
---------------------------------------------------------------------------
    n     Occ Spin       :                                         Epsilon
---------------------------------------------------------------------------
    0    2.00    p       :            (au)               -784.048002909293
    1    2.00    p       :            (au)               -110.650341034928
    2    2.00    p       :            (au)               -102.371987415736
    3    2.00    p       :            (au)               -102.371493904468
    4    2.00    p       :            (au)               -102.370673899432
    5    2.00    p       :            (au)                -76.373235313183
    6    2.00    p       :            (au)                -76.368252345146
    7    2.00    p       :            (au)                -76.336353250205
    8    2.00    p       :            (au)                -19.391316027793
    9    2.00    p       :            (au)                -16.145628418815
   10    2.00    p       :            (au)                -16.144205416226
   11    2.00    p       :            (au)                -16.142905814619
   12    2.00    p       :            (au)                -10.173828101552
   13    2.00    p       :            (au)                -10.172580118537
   14    2.00    p       :            (au)                -10.171488439743
   15    2.00    p       :            (au)                -10.170539888290
   16    2.00    p       :            (au)                -10.169195141008
   17    2.00    p       :            (au)                 -6.341016952157
   18    2.00    p       :            (au)                 -6.336773588335
   19    2.00    p       :            (au)                 -6.303434293814
   20    2.00    p       :            (au)                 -4.557163629050
   21    2.00    p       :            (au)                 -4.556893230095
   22    2.00    p       :            (au)                 -4.553609459649
   23    2.00    p       :            (au)                 -4.552812221027
   24    2.00    p       :            (au)                 -4.552724766151
   25    2.00    p       :            (au)                 -4.549196659150
   26    2.00    p       :            (au)                 -4.520190869651
   27    2.00    p       :            (au)                 -4.519131383810
   28    2.00    p       :            (au)                 -4.515593844063
   29    2.00    p       :            (au)                 -2.611782561304
   30    2.00    p       :            (au)                 -1.653672316429
   31    2.00    p       :            (au)                 -1.649561537067
   32    2.00    p       :            (au)                 -1.646386230875
   33    2.00    p       :            (au)                 -0.616263991859
   34    2.00    p       :            (au)                 -0.607049705541
   35    2.00    p       :            (au)                 -0.579876122055
   36    2.00    p       :            (au)                 -0.437575218951
   37    2.00    p       :            (au)                 -0.385047585547
   38    2.00    p       :            (au)                 -0.375864774910
   39    2.00    p       :            (au)                 -0.373391174891
   40    2.00    p       :            (au)                 -0.368700626819
   41    2.00    p       :            (au)                 -0.363050633478
   42    2.00    p       :            (au)                 -0.346468300361
   43    2.00    p       :            (au)                 -0.325392921045
   44    2.00    p       :            (au)                 -0.299222298925
   45    2.00    p       :            (au)                 -0.285409993836
   46    2.00    p       :            (au)                 -0.256511259300
   47    2.00    p       :            (au)                 -0.239017030726
   48    2.00    p       :            (au)                 -0.218251925145
   49    2.00    p       :            (au)                 -0.210091534263
   50    2.00    p       :            (au)                 -0.189314565340
---------------------------------------------------------------------------
 Sum occupied            :            (au)              -3246.936941289188
===========================================================================


===========================================================================
                             Orbital Positions
---------------------------------------------------------------------------
  Index       Occ        :               x               y               z
---------------------------------------------------------------------------
      0      2.00        :        0.491023        0.547121        1.053872
      1      2.00        :        0.482620        0.579327        0.997074
      2      2.00        :        0.463864        0.487136        1.049341
      3      2.00        :        0.555440        0.541182        1.066271
      4      2.00        :        0.462246        0.580880        1.102735
      5      2.00        :       -3.755412        1.046544        1.387148
      6      2.00        :        0.345007       -3.845991        1.623948
      7      2.00        :        4.435838        2.167720       -1.044950
      8      2.00        :        0.454137        0.470872        0.807182
      9      2.00        :        0.670168        0.357528        1.013771
     10      2.00        :        0.670937        0.673490        1.194696
     11      2.00        :        0.347316        0.644363        1.252347
     12      2.00        :        0.348293        0.329338        1.070619
     13      2.00        :        0.458798        0.799132        0.995832
     14      2.00        :        0.539174        0.426796        1.264121
     15      2.00        :        0.668328        0.626902        0.907779
     16      2.00        :        0.265756        0.593537        0.979381
     17      2.00        :       -3.863775        0.913872        1.208897
     18      2.00        :        0.114960       -3.912299        1.686003
     19      2.00        :        4.437057        1.919343       -1.037039
     20      2.00        :        0.843854        0.764205        0.502854
     21      2.00        :        0.109737        0.878273        1.617248
     22      2.00        :       -0.012463        0.823309        0.729787
     23      2.00        :        0.984450        0.961775        1.404772
     24      2.00        :        0.086987       -0.051745        1.010893
     25      2.00        :        4.367303        2.241611       -1.266242
     26      2.00        :        4.276372        2.254059       -0.875344
     27      2.00        :        4.663155        2.252907       -0.995184
     28      2.00        :        4.174184        2.457510       -1.869471
     29      2.00        :       -3.512444        1.007608        1.382142
     30      2.00        :       -3.801111        1.286704        1.350427
     31      2.00        :       -3.845484        0.978232        1.606957
     32      2.00        :        0.358226       -3.601081        1.607825
     33      2.00        :        0.403585       -3.946328        1.405657
     34      2.00        :        0.503103       -3.926039        1.796482
     35      2.00        :        0.931107       -0.028962        0.842106
     36      2.00        :        0.697524        0.160024        1.777659
     37      2.00        :       -2.234605        0.795270        1.396353
     38      2.00        :        0.426487       -2.442004        1.543472
     39      2.00        :       -4.558866        1.951858        2.870891
     40      2.00        :        0.273739        2.627755        0.427442
     41      2.00        :       -0.078894        0.113513       -1.005139
     42      2.00        :        5.013074        3.267801        0.435824
     43      2.00        :        5.995795        1.057642       -0.871491
     44      2.00        :       -4.628531        2.008380       -0.002066
     45      2.00        :       -4.899874       -0.503885        1.389521
     46      2.00        :       -0.158464       -4.671576        3.289237
     47      2.00        :       -0.886602       -4.766264        0.493100
     48      2.00        :        1.887049       -4.909634        1.281889
     49      2.00        :        3.429817        0.652340        0.208747
     50      2.00        :        1.208961        1.403113        3.806749
===========================================================================


===========================================================================
                           Dipole Moment (dip-1)
---------------------------------------------------------------------------
 r_O                     :        0.000000        0.000000        0.000000
---------------------------------------------------------------------------
 Electronic vector       :      -41.217887      -14.086328      -91.744252
 Magnitude               :            (au)                      101.559571
                         :         (Debye)                      258.138682
---------------------------------------------------------------------------
 Nuclear vector          :       40.478454       13.321356       92.482775
 Magnitude               :            (au)                      101.828422
                         :         (Debye)                      258.822032
---------------------------------------------------------------------------
 Total vector            :       -0.739433       -0.764972        0.738524
 Magnitude               :            (au)                        1.295129
                         :         (Debye)                        3.291891
===========================================================================


                                                                           
                                                                           
***************************************************************************
***                                                                     ***
***                            Exiting MRChem                           ***
***                                                                     ***
***                       Wall time :  0h  6m 43s                       ***
***                                                                     ***
***************************************************************************
                                                                           
                                                                           
