Warning: recommended number of threads is 31
setting number of threads to omp_threads, 32
                                                                           
                                                                           
***************************************************************************
***                                                                     ***
***                                                                     ***
***          __  __ ____   ____ _                                       ***
***         |  \/  |  _ \ / ___| |__   ___ _ __ ___                     ***
***         | |\/| | |_) | |   | '_ \ / _ \ '_ ` _ \                    ***
***         | |  | |  _ <| |___| | | |  __/ | | | | |                   ***
***         |_|  |_|_| \_\\____|_| |_|\___|_| |_| |_|                   ***
***                                                                     ***
***         VERSION            1.2.0-alpha                              ***
***                                                                     ***
***         Git branch         master                                   ***
***         Git commit hash    d6a1a67ced60ba46a7d9-dirty               ***
***         Git commit author  Niklas Göllmann                         ***
***         Git commit date    Wed Jun 24 12:36:55 2026 +0200           ***
***                                                                     ***
***         Contact: luca.frediani@uit.no                               ***
***                                                                     ***
***         Radovan Bast            Magnar Bjorgve                      ***
***         Roberto Di Remigio      Antoine Durdek                      ***
***         Luca Frediani           Gabriel Gerez                       ***
***         Stig Rune Jensen        Jonas Juselius                      ***
***         Rune Monstad            Peter Wind                          ***
***                                                                     ***
***************************************************************************

---------------------------------------------------------------------------

 MPI processes           :       (16 bank)                              48
 OpenMP threads          :                                              32
 Total cores             :                                            1040
                                                                           
---------------------------------------------------------------------------


---------------------------------------------------------------------------

 MRCPP version         : 1.6.0-alpha
 Git branch            : HEAD
 Git commit hash       : 77187f0e2a0707410329
 Git commit author     : Valentyn113
 Git commit date       : Tue Jun 9 15:08:36 2026 +0200

 Linear algebra        : EIGEN v3.4.0
 Parallelization       : MPI/OpenMP (32 threads)

---------------------------------------------------------------------------


                                                                           
===========================================================================
                         MultiResolution Analysis
---------------------------------------------------------------------------
 polynomial order      : 7
 polynomial type       : Interpolating
---------------------------------------------------------------------------
 total boxes           : 8
 boxes                 : [          2           2           2 ]
 unit lengths          : [   64.00000    64.00000    64.00000 ]
 scaling factor        : [    1.00000     1.00000     1.00000 ]
 lower bounds          : [  -64.00000   -64.00000   -64.00000 ]
 upper bounds          : [   64.00000    64.00000    64.00000 ]
 total length          : [  128.00000   128.00000   128.00000 ]
===========================================================================


                                                                           
***************************************************************************
***                                                                     ***
***                        Initializing Molecule                        ***
***                                                                     ***
***************************************************************************
                                                                           
                                                                           
===========================================================================
                                 Molecule
---------------------------------------------------------------------------
 Charge                  :                                               0
 Multiplicity            :                                               1
---------------------------------------------------------------------------
    N    Atom            :               x               y               z
---------------------------------------------------------------------------
    0       P            :        1.483350       -8.225161        0.450800
    1       H            :       -0.662338       -7.444485        1.876130
    2       H            :        1.515114      -10.691380        1.528655
    3       H            :        3.240626       -7.237719        2.234586
---------------------------------------------------------------------------
 Center of mass          :        1.472776       -8.245858        0.577898
===========================================================================


                                                                           
                                                                           
***************************************************************************
***                                                                     ***
***                           XC Functional                             ***
***                                                                     ***
***************************************************************************

Using Libxc (version 7.0.0) to evaluate density functionals. Libxc is free
software. It is distributed under the Mozilla Public License, version 2.0.
For more information, please check the Libxc manual. You should cite

S. Lehtola, C. Steigemann, M. J.T. Oliveira, and M. A.L. Marques., 
SoftwareX 7, 1–5 (2018) DOI: 10.1016/j.softx.2017.11.002

when reporting the results of your calculation in a scientific article.

Libxc functionals used in this calculation:
  - gga_x_b88 (ID 106): Becke 88
     * A. D. Becke.,  Phys. Rev. A 38, 3098 (1988),
       DOI:10.1103/PhysRevA.38.3098
  - gga_c_p86_ft (ID 217): Perdew 86 with more accurate value for ftilde
     * J. P. Perdew.,  Phys. Rev. B 33, 8822 (1986),
       DOI:10.1103/PhysRevB.33.8822
                                                                           
***************************************************************************
***                                                                     ***
***                Computing Initial Guess Wavefunction                 ***
***                                                                     ***
***************************************************************************
                                                                           
                                                                           
~~~~~~~~~~~~~~~~~~~~~~~~~~~~~~~~~~~~~~~~~~~~~~~~~~~~~~~~~~~~~~~~~~~~~~~~~~~
 Calculation             : Compute initial orbitals
 Method                  : Project GTO molecular orbitals
 Precision               : 1.00000e-06
 Screening               : 1.20000e+01 StdDev
 Restricted              : True
 MO file                 : ../initial_guess/opt1_x2csvp_ph3/TPhP_ph3/mrchem.mop
~~~~~~~~~~~~~~~~~~~~~~~~~~~~~~~~~~~~~~~~~~~~~~~~~~~~~~~~~~~~~~~~~~~~~~~~~~~


===========================================================================
                            Molecular Orbitals
---------------------------------------------------------------------------
 Alpha electrons         :                                           9.000
 Beta electrons          :                                           9.000
 Total electrons         :                                          18.000
---------------------------------------------------------------------------
    n     Occ Spin       :                                            Norm
---------------------------------------------------------------------------
    0    2.00    p       :                              9.999999225796e-01
    1    2.00    p       :                              1.000000124892e+00
    2    2.00    p       :                              9.999996614145e-01
    3    2.00    p       :                              9.999995680277e-01
    4    2.00    p       :                              9.999995286744e-01
    5    2.00    p       :                              1.000000084316e+00
    6    2.00    p       :                              1.000000025853e+00
    7    2.00    p       :                              1.000000044271e+00
    8    2.00    p       :                              1.000000009161e+00
===========================================================================


~~~~~~~~~~~~~~~~~~~~~~~~~~~~~~~~~~~~~~~~~~~~~~~~~~~~~~~~~~~~~~~~~~~~~~~~~~~
 Calculation             : Compute initial energy
 Method                  : DFT
 XC Library              : LibXC
 Relativity              : None
 Environment             : None
 External fields         : None
 Precision               : 1.00000e-06
 Density cutoff          : 0.00000e+00
 Localization            : On
~~~~~~~~~~~~~~~~~~~~~~~~~~~~~~~~~~~~~~~~~~~~~~~~~~~~~~~~~~~~~~~~~~~~~~~~~~~


===========================================================================
                        Molecular Energy (initial)
---------------------------------------------------------------------------
 Kinetic energy          :            (au)                347.257689469346
 E-N energy              :            (au)               -855.590592673867
 Coulomb energy          :            (au)                172.290156206199
 Exchange energy         :            (au)                  0.000000000000
 X-C energy              :            (au)                -24.427876833387
 N-N energy              :            (au)                 17.482728595693
 Non-local pp energy     :            (au)                  0.000000000000
---------------------------------------------------------------------------
 Electronic energy       :            (au)               -360.470623831709
 Nuclear energy          :            (au)                 17.482728595693
---------------------------------------------------------------------------
 Total energy            :            (au)             -3.429878952360e+02
                         :      (kcal/mol)             -2.152281537495e+05
                         :        (kJ/mol)             -9.005145952881e+05
                         :            (eV)             -9.333176094966e+03
===========================================================================


===========================================================================
                        Orbital Energies (initial)
---------------------------------------------------------------------------
    n     Occ Spin       :                                         Epsilon
---------------------------------------------------------------------------
    0    2.00    p       :            (au)                -76.225998628903
    1    2.00    p       :            (au)                 -6.297394963069
    2    2.00    p       :            (au)                 -4.527301509155
    3    2.00    p       :            (au)                 -4.527295003128
    4    2.00    p       :            (au)                 -4.522449393378
    5    2.00    p       :            (au)                 -0.586914478775
    6    2.00    p       :            (au)                 -0.347272486331
    7    2.00    p       :            (au)                 -0.347265829681
    8    2.00    p       :            (au)                 -0.242951721741
---------------------------------------------------------------------------
 Sum occupied            :            (au)               -195.249688028322
===========================================================================


                                                                           
***************************************************************************
***                                                                     ***
***                 Computing Ground State Wavefunction                 ***
***                                                                     ***
***************************************************************************
                                                                           
                                                                           
~~~~~~~~~~~~~~~~~~~~~~~~~~~~~~~~~~~~~~~~~~~~~~~~~~~~~~~~~~~~~~~~~~~~~~~~~~~
 Calculation             : Optimize ground state orbitals
 Method                  : DFT
 XC library              : LibXC
 Relativity              : None
 Environment             : None
 External fields         : None
 Checkpointing           : Off
 Max iterations          : 100
 KAIN solver             : 3
 Localization            : First two iterations
 Diagonalization         : Off
 Start precision         : 1.00000e-06
 Final precision         : 1.00000e-06
 Helmholtz precision     : Dynamic
 Energy threshold        : 1.00000e-04
 Orbital threshold       : 1.00000e-03
~~~~~~~~~~~~~~~~~~~~~~~~~~~~~~~~~~~~~~~~~~~~~~~~~~~~~~~~~~~~~~~~~~~~~~~~~~~


===========================================================================
 Iter           MO residual             Total energy                Update
---------------------------------------------------------------------------
    0          3.000000e+00        -342.987895236016         -3.429879e+02
    1          5.923644e-02        -343.193793306521         -2.058981e-01
    2          1.674840e-02        -343.202827946978         -9.034640e-03
    3          7.611672e-03        -343.204444201748         -1.616255e-03
    4          6.456049e-03        -343.204996852435         -5.526507e-04
    5          4.011874e-03        -343.205106251959         -1.093995e-04
    6          1.658735e-03        -343.205128466375         -2.221442e-05
---------------------------------------------------------------------------
                      SCF converged in 6 iterations!
===========================================================================


                                                                           
***************************************************************************
***                                                                     ***
***                    Printing Molecular Properties                    ***
***                                                                     ***
***************************************************************************
                                                                           
                                                                           
===========================================================================
                                 Molecule
---------------------------------------------------------------------------
 Charge                  :                                               0
 Multiplicity            :                                               1
---------------------------------------------------------------------------
    N    Atom            :               x               y               z
---------------------------------------------------------------------------
    0       P            :        1.483350       -8.225161        0.450800
    1       H            :       -0.662338       -7.444485        1.876130
    2       H            :        1.515114      -10.691380        1.528655
    3       H            :        3.240626       -7.237719        2.234586
---------------------------------------------------------------------------
 Center of mass          :        1.472776       -8.245858        0.577898
===========================================================================


===========================================================================
                         Molecular Energy (final)
---------------------------------------------------------------------------
 Kinetic energy          :            (au)                342.606763503447
 E-N energy              :            (au)               -851.157815655128
 Coulomb energy          :            (au)                172.218776263870
 Exchange energy         :            (au)                  0.000000000000
 X-C energy              :            (au)                -24.355581174257
 N-N energy              :            (au)                 17.482728595693
 Non-local pp energy     :            (au)                  0.000000000000
---------------------------------------------------------------------------
 Electronic energy       :            (au)               -360.687857062068
 Nuclear energy          :            (au)                 17.482728595693
---------------------------------------------------------------------------
 Total energy            :            (au)             -3.432051284664e+02
                         :      (kcal/mol)             -2.153644696597e+05
                         :        (kJ/mol)             -9.010849410561e+05
                         :            (eV)             -9.339087312302e+03
===========================================================================


===========================================================================
                         Orbital Energies (final)
---------------------------------------------------------------------------
    n     Occ Spin       :                                         Epsilon
---------------------------------------------------------------------------
    0    2.00    p       :            (au)                -76.339248703920
    1    2.00    p       :            (au)                 -6.309748143078
    2    2.00    p       :            (au)                 -4.525718965690
    3    2.00    p       :            (au)                 -4.525718591880
    4    2.00    p       :            (au)                 -4.521462019386
    5    2.00    p       :            (au)                 -0.589566805669
    6    2.00    p       :            (au)                 -0.350058007695
    7    2.00    p       :            (au)                 -0.350051185207
    8    2.00    p       :            (au)                 -0.249930985199
---------------------------------------------------------------------------
 Sum occupied            :            (au)               -195.523006815449
===========================================================================


===========================================================================
                             Orbital Positions
---------------------------------------------------------------------------
  Index       Occ        :               x               y               z
---------------------------------------------------------------------------
      0      2.00        :        1.483347       -8.225166        0.450833
      1      2.00        :        1.685459       -8.342871        0.532791
      2      2.00        :        1.503303       -8.186117        0.210999
      3      2.00        :        1.283205       -8.364225        0.495845
      4      2.00        :        1.461015       -8.008249        0.568599
      5      2.00        :        1.562946       -8.069393       -0.505880
      6      2.00        :       -0.044274       -7.664551        1.442043
      7      2.00        :        1.508056       -9.979338        1.194317
      8      2.00        :        2.738215       -7.517127        1.697589
===========================================================================


===========================================================================
                           Dipole Moment (dip-1)
---------------------------------------------------------------------------
 r_O                     :        0.000000        0.000000        0.000000
---------------------------------------------------------------------------
 Electronic vector       :      -26.362546      148.714076      -12.174272
 Magnitude               :            (au)                      151.522517
                         :         (Debye)                      385.131822
---------------------------------------------------------------------------
 Nuclear vector          :       26.343655     -148.750992       12.401369
 Magnitude               :            (au)                      151.573876
                         :         (Debye)                      385.262365
---------------------------------------------------------------------------
 Total vector            :       -0.018891       -0.036917        0.227098
 Magnitude               :            (au)                        0.230853
                         :         (Debye)                        0.586769
===========================================================================


                                                                           
                                                                           
***************************************************************************
***                                                                     ***
***                            Exiting MRChem                           ***
***                                                                     ***
***                       Wall time :  0h  0m 58s                       ***
***                                                                     ***
***************************************************************************
                                                                           
                                                                           
