Warning: recommended number of threads is 31
setting number of threads to omp_threads, 32
                                                                           
                                                                           
***************************************************************************
***                                                                     ***
***                                                                     ***
***          __  __ ____   ____ _                                       ***
***         |  \/  |  _ \ / ___| |__   ___ _ __ ___                     ***
***         | |\/| | |_) | |   | '_ \ / _ \ '_ ` _ \                    ***
***         | |  | |  _ <| |___| | | |  __/ | | | | |                   ***
***         |_|  |_|_| \_\\____|_| |_|\___|_| |_| |_|                   ***
***                                                                     ***
***         VERSION            1.2.0-alpha                              ***
***                                                                     ***
***         Git branch         master                                   ***
***         Git commit hash    d6a1a67ced60ba46a7d9-dirty               ***
***         Git commit author  Niklas Göllmann                         ***
***         Git commit date    Wed Jun 24 12:36:55 2026 +0200           ***
***                                                                     ***
***         Contact: luca.frediani@uit.no                               ***
***                                                                     ***
***         Radovan Bast            Magnar Bjorgve                      ***
***         Roberto Di Remigio      Antoine Durdek                      ***
***         Luca Frediani           Gabriel Gerez                       ***
***         Stig Rune Jensen        Jonas Juselius                      ***
***         Rune Monstad            Peter Wind                          ***
***                                                                     ***
***************************************************************************

---------------------------------------------------------------------------

 MPI processes           :       (16 bank)                              48
 OpenMP threads          :                                              32
 Total cores             :                                            1040
                                                                           
---------------------------------------------------------------------------


---------------------------------------------------------------------------

 MRCPP version         : 1.6.0-alpha
 Git branch            : HEAD
 Git commit hash       : 77187f0e2a0707410329
 Git commit author     : Valentyn113
 Git commit date       : Tue Jun 9 15:08:36 2026 +0200

 Linear algebra        : EIGEN v3.4.0
 Parallelization       : MPI/OpenMP (32 threads)

---------------------------------------------------------------------------


                                                                           
===========================================================================
                         MultiResolution Analysis
---------------------------------------------------------------------------
 polynomial order      : 7
 polynomial type       : Interpolating
---------------------------------------------------------------------------
 total boxes           : 8
 boxes                 : [          2           2           2 ]
 unit lengths          : [   64.00000    64.00000    64.00000 ]
 scaling factor        : [    1.00000     1.00000     1.00000 ]
 lower bounds          : [  -64.00000   -64.00000   -64.00000 ]
 upper bounds          : [   64.00000    64.00000    64.00000 ]
 total length          : [  128.00000   128.00000   128.00000 ]
===========================================================================


                                                                           
***************************************************************************
***                                                                     ***
***                        Initializing Molecule                        ***
***                                                                     ***
***************************************************************************
                                                                           
                                                                           
===========================================================================
                                 Molecule
---------------------------------------------------------------------------
 Charge                  :                                               0
 Multiplicity            :                                               1
---------------------------------------------------------------------------
    N    Atom            :               x               y               z
---------------------------------------------------------------------------
    0       P            :       -4.220424        2.392968       -0.273646
    1       C            :       -5.997132        1.375505       -3.083194
    2       C            :       -8.092483        2.659179       -4.063771
    3       C            :       -5.169025       -0.834901       -4.289112
    4       C            :       -9.343704        1.738635       -6.198136
    5       H            :       -8.757748        4.390254       -3.154624
    6       C            :       -6.430995       -1.768314       -6.405636
    7       H            :       -3.514008       -1.836621       -3.554250
    8       C            :       -8.522895       -0.477557       -7.367966
    9       H            :      -10.976477        2.761436       -6.947971
   10       H            :       -5.768651       -3.500270       -7.319442
   11       H            :       -9.507506       -1.196232       -9.037525
   12       C            :       -5.787446        0.548074        2.221515
   13       C            :       -4.635564        0.540707        4.608603
   14       C            :       -8.026494       -0.818870        1.877333
   15       C            :       -5.717572       -0.770032        6.622373
   16       H            :       -2.868161        1.579977        4.889100
   17       C            :       -9.099373       -2.151901        3.887283
   18       H            :       -8.944084       -0.842852        0.027115
   19       C            :       -7.954314       -2.124709        6.262688
   20       H            :       -4.802206       -0.749613        8.475761
   21       H            :      -10.847395       -3.215905        3.592963
   22       H            :       -8.799626       -3.167861        7.834532
   23       C            :       -5.568806        5.550378        0.271583
   24       C            :       -7.589183        6.043257        1.907106
   25       C            :       -4.476557        7.565572       -1.059437
   26       C            :       -8.508681        8.501432        2.190418
   27       H            :       -8.456367        4.497513        2.967505
   28       C            :       -5.408210       10.016325       -0.795943
   29       H            :       -2.876263        7.204099       -2.320760
   30       C            :       -7.428087       10.489547        0.836289
   31       H            :      -10.086072        8.862260        3.477260
   32       H            :       -4.543014       11.566850       -1.854570
   33       H            :       -8.153305       12.412510        1.059156
---------------------------------------------------------------------------
 Center of mass          :       -6.584018        2.541787       -0.157538
===========================================================================


                                                                           
                                                                           
***************************************************************************
***                                                                     ***
***                           XC Functional                             ***
***                                                                     ***
***************************************************************************

Error: /cluster/projects/nn14654k/ylvaos/mrchem/src/utils/gto_utils/Intgrl.cpp: Intgrl(), line 42: Failed to open basis set file: mrchem/initial_guess/geomopt_wb97x-d4/TPhP_opt/mrchem.bas
Error: /cluster/projects/nn14654k/ylvaos/mrchem/src/utils/gto_utils/Intgrl.cpp: Intgrl(), line 42: Failed to open basis set file: mrchem/initial_guess/geomopt_wb97x-d4/TPhP_opt/mrchem.bas
Error: /cluster/projects/nn14654k/ylvaos/mrchem/src/utils/gto_utils/Intgrl.cpp: Intgrl(), line 42: Failed to open basis set file: mrchem/initial_guess/geomopt_wb97x-d4/TPhP_opt/mrchem.bas
Error: /cluster/projects/nn14654k/ylvaos/mrchem/src/utils/gto_utils/Intgrl.cpp: Intgrl(), line 42: Failed to open basis set file: mrchem/initial_guess/geomopt_wb97x-d4/TPhP_opt/mrchem.bas
Error: /cluster/projects/nn14654k/ylvaos/mrchem/src/utils/gto_utils/Intgrl.cpp: Intgrl(), line 42: Failed to open basis set file: mrchem/initial_guess/geomopt_wb97x-d4/TPhP_opt/mrchem.bas
Error: /cluster/projects/nn14654k/ylvaos/mrchem/src/utils/gto_utils/Intgrl.cpp: Intgrl(), line 42: Failed to open basis set file: mrchem/initial_guess/geomopt_wb97x-d4/TPhP_opt/mrchem.bas
Error: /cluster/projects/nn14654k/ylvaos/mrchem/src/utils/gto_utils/Intgrl.cpp: Intgrl(), line 42: Failed to open basis set file: mrchem/initial_guess/geomopt_wb97x-d4/TPhP_opt/mrchem.bas
Error: /cluster/projects/nn14654k/ylvaos/mrchem/src/utils/gto_utils/Intgrl.cpp: Intgrl(), line 42: Failed to open basis set file: mrchem/initial_guess/geomopt_wb97x-d4/TPhP_opt/mrchem.bas
Error: /cluster/projects/nn14654k/ylvaos/mrchem/src/utils/gto_utils/Intgrl.cpp: Intgrl(), line 42: Failed to open basis set file: mrchem/initial_guess/geomopt_wb97x-d4/TPhP_opt/mrchem.bas
Error: /cluster/projects/nn14654k/ylvaos/mrchem/src/utils/gto_utils/Intgrl.cpp: Intgrl(), line 42: Failed to open basis set file: mrchem/initial_guess/geomopt_wb97x-d4/TPhP_opt/mrchem.bas
Error: /cluster/projects/nn14654k/ylvaos/mrchem/src/utils/gto_utils/Intgrl.cpp: Intgrl(), line 42: Failed to open basis set file: mrchem/initial_guess/geomopt_wb97x-d4/TPhP_opt/mrchem.bas
Error: /cluster/projects/nn14654k/ylvaos/mrchem/src/utils/gto_utils/Intgrl.cpp: Intgrl(), line 42: Failed to open basis set file: mrchem/initial_guess/geomopt_wb97x-d4/TPhP_opt/mrchem.bas
Error: /cluster/projects/nn14654k/ylvaos/mrchem/src/utils/gto_utils/Intgrl.cpp: Intgrl(), line 42: Failed to open basis set file: mrchem/initial_guess/geomopt_wb97x-d4/TPhP_opt/mrchem.bas
Error: /cluster/projects/nn14654k/ylvaos/mrchem/src/utils/gto_utils/Intgrl.cpp: Intgrl(), line 42: Failed to open basis set file: mrchem/initial_guess/geomopt_wb97x-d4/TPhP_opt/mrchem.bas
Error: /cluster/projects/nn14654k/ylvaos/mrchem/src/utils/gto_utils/Intgrl.cpp: Intgrl(), line 42: Failed to open basis set file: mrchem/initial_guess/geomopt_wb97x-d4/TPhP_opt/mrchem.bas
Error: /cluster/projects/nn14654k/ylvaos/mrchem/src/utils/gto_utils/Intgrl.cpp: Intgrl(), line 42: Failed to open basis set file: mrchem/initial_guess/geomopt_wb97x-d4/TPhP_opt/mrchem.bas
Error: /cluster/projects/nn14654k/ylvaos/mrchem/src/utils/gto_utils/Intgrl.cpp: Intgrl(), line 42: Failed to open basis set file: mrchem/initial_guess/geomopt_wb97x-d4/TPhP_opt/mrchem.bas
Error: /cluster/projects/nn14654k/ylvaos/mrchem/src/utils/gto_utils/Intgrl.cpp: Intgrl(), line 42: Failed to open basis set file: mrchem/initial_guess/geomopt_wb97x-d4/TPhP_opt/mrchem.bas
Error: /cluster/projects/nn14654k/ylvaos/mrchem/src/utils/gto_utils/Intgrl.cpp: Intgrl(), line 42: Failed to open basis set file: mrchem/initial_guess/geomopt_wb97x-d4/TPhP_opt/mrchem.bas
Error: /cluster/projects/nn14654k/ylvaos/mrchem/src/utils/gto_utils/Intgrl.cpp: Intgrl(), line 42: Failed to open basis set file: mrchem/initial_guess/geomopt_wb97x-d4/TPhP_opt/mrchem.bas
Error: /cluster/projects/nn14654k/ylvaos/mrchem/src/utils/gto_utils/Intgrl.cpp: Intgrl(), line 42: Failed to open basis set file: mrchem/initial_guess/geomopt_wb97x-d4/TPhP_opt/mrchem.bas
Error: /cluster/projects/nn14654k/ylvaos/mrchem/src/utils/gto_utils/Intgrl.cpp: Intgrl(), line 42: Failed to open basis set file: mrchem/initial_guess/geomopt_wb97x-d4/TPhP_opt/mrchem.bas
Error: /cluster/projects/nn14654k/ylvaos/mrchem/src/utils/gto_utils/Intgrl.cpp: Intgrl(), line 42: Failed to open basis set file: mrchem/initial_guess/geomopt_wb97x-d4/TPhP_opt/mrchem.bas
Error: /cluster/projects/nn14654k/ylvaos/mrchem/src/utils/gto_utils/Intgrl.cpp: Intgrl(), line 42: Failed to open basis set file: mrchem/initial_guess/geomopt_wb97x-d4/TPhP_opt/mrchem.bas
Error: /cluster/projects/nn14654k/ylvaos/mrchem/src/utils/gto_utils/Intgrl.cpp: Intgrl(), line 42: Failed to open basis set file: mrchem/initial_guess/geomopt_wb97x-d4/TPhP_opt/mrchem.bas
Error: /cluster/projects/nn14654k/ylvaos/mrchem/src/utils/gto_utils/Intgrl.cpp: Intgrl(), line 42: Failed to open basis set file: mrchem/initial_guess/geomopt_wb97x-d4/TPhP_opt/mrchem.bas
Error: /cluster/projects/nn14654k/ylvaos/mrchem/src/utils/gto_utils/Intgrl.cpp: Intgrl(), line 42: Failed to open basis set file: mrchem/initial_guess/geomopt_wb97x-d4/TPhP_opt/mrchem.bas
Error: /cluster/projects/nn14654k/ylvaos/mrchem/src/utils/gto_utils/Intgrl.cpp: Intgrl(), line 42: Failed to open basis set file: mrchem/initial_guess/geomopt_wb97x-d4/TPhP_opt/mrchem.bas
Error: /cluster/projects/nn14654k/ylvaos/mrchem/src/utils/gto_utils/Intgrl.cpp: Intgrl(), line 42: Failed to open basis set file: mrchem/initial_guess/geomopt_wb97x-d4/TPhP_opt/mrchem.bas
Error: /cluster/projects/nn14654k/ylvaos/mrchem/src/utils/gto_utils/Intgrl.cpp: Intgrl(), line 42: Failed to open basis set file: mrchem/initial_guess/geomopt_wb97x-d4/TPhP_opt/mrchem.bas
Error: /cluster/projects/nn14654k/ylvaos/mrchem/src/utils/gto_utils/Intgrl.cpp: Intgrl(), line 42: Failed to open basis set file: mrchem/initial_guess/geomopt_wb97x-d4/TPhP_opt/mrchem.bas
Using Libxc (version 7.0.0) to evaluate density functionals. Libxc is free
software. It is distributed under the Mozilla Public License, version 2.0.
For more information, please check the Libxc manual. You should cite

S. Lehtola, C. Steigemann, M. J.T. Oliveira, and M. A.L. Marques., 
SoftwareX 7, 1–5 (2018) DOI: 10.1016/j.softx.2017.11.002

when reporting the results of your calculation in a scientific article.

Libxc functionals used in this calculation:
  - gga_x_b88 (ID 106): Becke 88
     * A. D. Becke.,  Phys. Rev. A 38, 3098 (1988),
       DOI:10.1103/PhysRevA.38.3098
  - gga_c_p86_ft (ID 217): Perdew 86 with more accurate value for ftilde
     * J. P. Perdew.,  Phys. Rev. B 33, 8822 (1986),
       DOI:10.1103/PhysRevB.33.8822
                                                                           
***************************************************************************
***                                                                     ***
***                Computing Initial Guess Wavefunction                 ***
***                                                                     ***
***************************************************************************
                                                                           
                                                                           
~~~~~~~~~~~~~~~~~~~~~~~~~~~~~~~~~~~~~~~~~~~~~~~~~~~~~~~~~~~~~~~~~~~~~~~~~~~
 Calculation             : Compute initial orbitals
 Method                  : Project GTO molecular orbitals
 Precision               : 1.00000e-06
 Screening               : 1.20000e+01 StdDev
 Restricted              : True
 MO file                 : mrchem/initial_guess/geomopt_wb97x-d4/TPhP_opt/mrchem.mop
~~~~~~~~~~~~~~~~~~~~~~~~~~~~~~~~~~~~~~~~~~~~~~~~~~~~~~~~~~~~~~~~~~~~~~~~~~~


Error: /cluster/projects/nn14654k/ylvaos/mrchem/src/utils/gto_utils/Intgrl.cpp: Intgrl(), line 42: Failed to open basis set file: mrchem/initial_guess/geomopt_wb97x-d4/TPhP_opt/mrchem.bas
