Warning: recommended number of threads is 31
setting number of threads to omp_threads, 32
                                                                           
                                                                           
***************************************************************************
***                                                                     ***
***                                                                     ***
***          __  __ ____   ____ _                                       ***
***         |  \/  |  _ \ / ___| |__   ___ _ __ ___                     ***
***         | |\/| | |_) | |   | '_ \ / _ \ '_ ` _ \                    ***
***         | |  | |  _ <| |___| | | |  __/ | | | | |                   ***
***         |_|  |_|_| \_\\____|_| |_|\___|_| |_| |_|                   ***
***                                                                     ***
***         VERSION            1.2.0-alpha                              ***
***                                                                     ***
***         Git branch         master                                   ***
***         Git commit hash    d6a1a67ced60ba46a7d9-dirty               ***
***         Git commit author  Niklas Göllmann                         ***
***         Git commit date    Wed Jun 24 12:36:55 2026 +0200           ***
***                                                                     ***
***         Contact: luca.frediani@uit.no                               ***
***                                                                     ***
***         Radovan Bast            Magnar Bjorgve                      ***
***         Roberto Di Remigio      Antoine Durdek                      ***
***         Luca Frediani           Gabriel Gerez                       ***
***         Stig Rune Jensen        Jonas Juselius                      ***
***         Rune Monstad            Peter Wind                          ***
***                                                                     ***
***************************************************************************

---------------------------------------------------------------------------

 MPI processes           :       (16 bank)                              48
 OpenMP threads          :                                              32
 Total cores             :                                            1040
                                                                           
---------------------------------------------------------------------------


---------------------------------------------------------------------------

 MRCPP version         : 1.6.0-alpha
 Git branch            : HEAD
 Git commit hash       : 77187f0e2a0707410329
 Git commit author     : Valentyn113
 Git commit date       : Tue Jun 9 15:08:36 2026 +0200

 Linear algebra        : EIGEN v3.4.0
 Parallelization       : MPI/OpenMP (32 threads)

---------------------------------------------------------------------------


                                                                           
===========================================================================
                         MultiResolution Analysis
---------------------------------------------------------------------------
 polynomial order      : 7
 polynomial type       : Interpolating
---------------------------------------------------------------------------
 total boxes           : 8
 boxes                 : [          2           2           2 ]
 unit lengths          : [   64.00000    64.00000    64.00000 ]
 scaling factor        : [    1.00000     1.00000     1.00000 ]
 lower bounds          : [  -64.00000   -64.00000   -64.00000 ]
 upper bounds          : [   64.00000    64.00000    64.00000 ]
 total length          : [  128.00000   128.00000   128.00000 ]
===========================================================================


                                                                           
***************************************************************************
***                                                                     ***
***                        Initializing Molecule                        ***
***                                                                     ***
***************************************************************************
                                                                           
                                                                           
===========================================================================
                                 Molecule
---------------------------------------------------------------------------
 Charge                  :                                               0
 Multiplicity            :                                               1
---------------------------------------------------------------------------
    N    Atom            :               x               y               z
---------------------------------------------------------------------------
    0       P            :       -4.342097        2.402955       -0.266911
    1       C            :       -6.094939        1.326208       -3.116841
    2       C            :       -8.185145        2.604678       -4.177149
    3       C            :       -5.191076       -0.882277       -4.325375
    4       C            :       -9.351255        1.684617       -6.381947
    5       H            :       -8.904788        4.335755       -3.272936
    6       C            :       -6.373914       -1.813306       -6.511051
    7       H            :       -3.534969       -1.876708       -3.541755
    8       C            :       -8.456226       -0.526977       -7.549834
    9       H            :      -10.977179        2.705506       -7.189255
   10       H            :       -5.651396       -3.540708       -7.422342
   11       H            :       -9.372887       -1.243311       -9.276509
   12       C            :       -5.877872        0.549204        2.294063
   13       C            :       -4.644854        0.519036        4.667421
   14       C            :       -8.119446       -0.869818        1.994644
   15       C            :       -5.650394       -0.858476        6.700965
   16       H            :       -2.871191        1.585692        4.916221
   17       C            :       -9.110071       -2.269845        4.025731
   18       H            :       -9.096393       -0.882260        0.156826
   19       C            :       -7.885360       -2.263168        6.383022
   20       H            :       -4.670915       -0.853945        8.538622
   21       H            :      -10.857701       -3.371474        3.761589
   22       H            :       -8.664954       -3.361708        7.970562
   23       C            :       -5.662406        5.619331        0.247618
   24       C            :       -7.666772        6.179265        1.919949
   25       C            :       -4.498922        7.627683       -1.081980
   26       C            :       -8.496471        8.684688        2.238813
   27       H            :       -8.584442        4.643864        2.984165
   28       C            :       -5.347010       10.124499       -0.781834
   29       H            :       -2.904498        7.223503       -2.362640
   30       C            :       -7.346881       10.660850        0.886236
   31       H            :      -10.059192        9.092058        3.553923
   32       H            :       -4.425907       11.664060       -1.839053
   33       H            :       -8.000303       12.621369        1.139639
---------------------------------------------------------------------------
 Center of mass          :       -6.606414        2.543509       -0.156330
===========================================================================


                                                                           
                                                                           
***************************************************************************
***                                                                     ***
***                           XC Functional                             ***
***                                                                     ***
***************************************************************************

Using Libxc (version 7.0.0) to evaluate density functionals. Libxc is free
software. It is distributed under the Mozilla Public License, version 2.0.
For more information, please check the Libxc manual. You should cite

S. Lehtola, C. Steigemann, M. J.T. Oliveira, and M. A.L. Marques., 
SoftwareX 7, 1–5 (2018) DOI: 10.1016/j.softx.2017.11.002

when reporting the results of your calculation in a scientific article.

Libxc functionals used in this calculation:
  - gga_x_b88 (ID 106): Becke 88
     * A. D. Becke.,  Phys. Rev. A 38, 3098 (1988),
       DOI:10.1103/PhysRevA.38.3098
  - gga_c_p86_ft (ID 217): Perdew 86 with more accurate value for ftilde
     * J. P. Perdew.,  Phys. Rev. B 33, 8822 (1986),
       DOI:10.1103/PhysRevB.33.8822
                                                                           
***************************************************************************
***                                                                     ***
***                Computing Initial Guess Wavefunction                 ***
***                                                                     ***
***************************************************************************
                                                                           
                                                                           
~~~~~~~~~~~~~~~~~~~~~~~~~~~~~~~~~~~~~~~~~~~~~~~~~~~~~~~~~~~~~~~~~~~~~~~~~~~
 Calculation             : Compute initial orbitals
 Method                  : Project GTO molecular orbitals
 Precision               : 1.00000e-06
 Screening               : 1.20000e+01 StdDev
 Restricted              : True
 MO file                 : initial_guess/mrchem.mop
~~~~~~~~~~~~~~~~~~~~~~~~~~~~~~~~~~~~~~~~~~~~~~~~~~~~~~~~~~~~~~~~~~~~~~~~~~~


===========================================================================
                            Molecular Orbitals
---------------------------------------------------------------------------
 Alpha electrons         :                                          69.000
 Beta electrons          :                                          69.000
 Total electrons         :                                         138.000
---------------------------------------------------------------------------
    n     Occ Spin       :                                            Norm
---------------------------------------------------------------------------
    0    2.00    p       :                              9.999999285526e-01
    1    2.00    p       :                              9.999999335835e-01
    2    2.00    p       :                              9.999999337777e-01
    3    2.00    p       :                              9.999999171456e-01
    4    2.00    p       :                              9.999999295908e-01
    5    2.00    p       :                              9.999999238074e-01
    6    2.00    p       :                              9.999999231276e-01
    7    2.00    p       :                              9.999999226854e-01
    8    2.00    p       :                              9.999999303719e-01
    9    2.00    p       :                              9.999999375877e-01
   10    2.00    p       :                              9.999999307779e-01
   11    2.00    p       :                              9.999999300544e-01
   12    2.00    p       :                              9.999999258678e-01
   13    2.00    p       :                              9.999999344101e-01
   14    2.00    p       :                              9.999999247829e-01
   15    2.00    p       :                              9.999999226002e-01
   16    2.00    p       :                              9.999999243509e-01
   17    2.00    p       :                              9.999999336389e-01
   18    2.00    p       :                              9.999999305613e-01
   19    2.00    p       :                              1.000000156734e+00
   20    2.00    p       :                              9.999995933481e-01
   21    2.00    p       :                              9.999995574366e-01
   22    2.00    p       :                              9.999995567539e-01
   23    2.00    p       :                              9.999999962120e-01
   24    2.00    p       :                              1.000000120087e+00
   25    2.00    p       :                              9.999994524238e-01
   26    2.00    p       :                              9.999993956433e-01
   27    2.00    p       :                              9.999997809411e-01
   28    2.00    p       :                              9.999998282643e-01
   29    2.00    p       :                              9.999997832686e-01
   30    2.00    p       :                              9.999994431146e-01
   31    2.00    p       :                              9.999993266876e-01
   32    2.00    p       :                              9.999997469363e-01
   33    2.00    p       :                              9.999993800979e-01
   34    2.00    p       :                              9.999994506848e-01
   35    2.00    p       :                              9.999998042375e-01
   36    2.00    p       :                              9.999997397681e-01
   37    2.00    p       :                              9.999997378940e-01
   38    2.00    p       :                              9.999997394828e-01
   39    2.00    p       :                              1.000000094214e+00
   40    2.00    p       :                              9.999998169069e-01
   41    2.00    p       :                              9.999994498555e-01
   42    2.00    p       :                              9.999994439221e-01
   43    2.00    p       :                              9.999994523888e-01
   44    2.00    p       :                              9.999994190727e-01
   45    2.00    p       :                              9.999997106139e-01
   46    2.00    p       :                              9.999997417884e-01
   47    2.00    p       :                              9.999996503047e-01
   48    2.00    p       :                              9.999997859016e-01
   49    2.00    p       :                              9.999994796364e-01
   50    2.00    p       :                              9.999994256462e-01
   51    2.00    p       :                              9.999996443975e-01
   52    2.00    p       :                              9.999997280392e-01
   53    2.00    p       :                              9.999997363670e-01
   54    2.00    p       :                              1.000000210685e+00
   55    2.00    p       :                              9.999993456125e-01
   56    2.00    p       :                              9.999993537875e-01
   57    2.00    p       :                              9.999997817727e-01
   58    2.00    p       :                              9.999999308886e-01
   59    2.00    p       :                              9.999997326474e-01
   60    2.00    p       :                              9.999995500874e-01
   61    2.00    p       :                              9.999995568132e-01
   62    2.00    p       :                              9.999997419221e-01
   63    2.00    p       :                              9.999994189573e-01
   64    2.00    p       :                              9.999993934967e-01
   65    2.00    p       :                              9.999997439375e-01
   66    2.00    p       :                              9.999996994316e-01
   67    2.00    p       :                              9.999997808663e-01
   68    2.00    p       :                              9.999995944333e-01
===========================================================================


~~~~~~~~~~~~~~~~~~~~~~~~~~~~~~~~~~~~~~~~~~~~~~~~~~~~~~~~~~~~~~~~~~~~~~~~~~~
 Calculation             : Compute initial energy
 Method                  : DFT
 XC Library              : LibXC
 Relativity              : None
 Environment             : None
 External fields         : None
 Precision               : 1.00000e-06
 Density cutoff          : 0.00000e+00
 Localization            : On
~~~~~~~~~~~~~~~~~~~~~~~~~~~~~~~~~~~~~~~~~~~~~~~~~~~~~~~~~~~~~~~~~~~~~~~~~~~


===========================================================================
                        Molecular Energy (initial)
---------------------------------------------------------------------------
 Kinetic energy          :            (au)               1032.930112270764
 E-N energy              :            (au)              -5211.583329403634
 Coulomb energy          :            (au)               1875.504451483712
 Exchange energy         :            (au)                  0.000000000000
 X-C energy              :            (au)               -126.341872014982
 N-N energy              :            (au)               1393.842343403584
 Non-local pp energy     :            (au)                  0.000000000000
---------------------------------------------------------------------------
 Electronic energy       :            (au)              -2429.490637664140
 Nuclear energy          :            (au)               1393.842343403584
---------------------------------------------------------------------------
 Total energy            :            (au)             -1.035648294261e+03
                         :      (kcal/mol)             -6.498791164457e+05
                         :        (kJ/mol)             -2.719094223209e+06
                         :            (eV)             -2.818142575012e+04
===========================================================================


===========================================================================
                        Orbital Energies (initial)
---------------------------------------------------------------------------
    n     Occ Spin       :                                         Epsilon
---------------------------------------------------------------------------
    0    2.00    p       :            (au)                -76.230624726340
    1    2.00    p       :            (au)                 -9.925771317127
    2    2.00    p       :            (au)                 -9.925749356494
    3    2.00    p       :            (au)                 -9.925666022141
    4    2.00    p       :            (au)                 -9.922527256540
    5    2.00    p       :            (au)                 -9.922481836107
    6    2.00    p       :            (au)                 -9.922423885920
    7    2.00    p       :            (au)                 -9.922278255023
    8    2.00    p       :            (au)                 -9.922179754880
    9    2.00    p       :            (au)                 -9.922137333163
   10    2.00    p       :            (au)                 -9.921713087831
   11    2.00    p       :            (au)                 -9.921655075442
   12    2.00    p       :            (au)                 -9.921615840058
   13    2.00    p       :            (au)                 -9.921574889797
   14    2.00    p       :            (au)                 -9.921500233739
   15    2.00    p       :            (au)                 -9.921478433160
   16    2.00    p       :            (au)                 -9.921312059624
   17    2.00    p       :            (au)                 -9.921237937641
   18    2.00    p       :            (au)                 -9.921214872428
   19    2.00    p       :            (au)                 -6.297123881153
   20    2.00    p       :            (au)                 -4.527541648742
   21    2.00    p       :            (au)                 -4.527534947421
   22    2.00    p       :            (au)                 -4.521829021687
   23    2.00    p       :            (au)                 -0.776633229995
   24    2.00    p       :            (au)                 -0.769330971623
   25    2.00    p       :            (au)                 -0.769269714526
   26    2.00    p       :            (au)                 -0.695041418485
   27    2.00    p       :            (au)                 -0.670648111366
   28    2.00    p       :            (au)                 -0.670623262833
   29    2.00    p       :            (au)                 -0.669374125976
   30    2.00    p       :            (au)                 -0.665317514734
   31    2.00    p       :            (au)                 -0.665300355710
   32    2.00    p       :            (au)                 -0.584277945253
   33    2.00    p       :            (au)                 -0.543571123161
   34    2.00    p       :            (au)                 -0.543521650259
   35    2.00    p       :            (au)                 -0.541847943982
   36    2.00    p       :            (au)                 -0.532554850466
   37    2.00    p       :            (au)                 -0.532544019451
   38    2.00    p       :            (au)                 -0.500630245167
   39    2.00    p       :            (au)                 -0.464908135060
   40    2.00    p       :            (au)                 -0.464868635864
   41    2.00    p       :            (au)                 -0.442299871428
   42    2.00    p       :            (au)                 -0.408377474535
   43    2.00    p       :            (au)                 -0.408341420118
   44    2.00    p       :            (au)                 -0.406936046106
   45    2.00    p       :            (au)                 -0.399322893453
   46    2.00    p       :            (au)                 -0.399306184677
   47    2.00    p       :            (au)                 -0.392587763109
   48    2.00    p       :            (au)                 -0.376166701577
   49    2.00    p       :            (au)                 -0.375542003363
   50    2.00    p       :            (au)                 -0.375500353821
   51    2.00    p       :            (au)                 -0.364634525119
   52    2.00    p       :            (au)                 -0.364549788058
   53    2.00    p       :            (au)                 -0.334369906377
   54    2.00    p       :            (au)                 -0.331615797854
   55    2.00    p       :            (au)                 -0.331522968906
   56    2.00    p       :            (au)                 -0.324361574902
   57    2.00    p       :            (au)                 -0.305525766533
   58    2.00    p       :            (au)                 -0.305484241423
   59    2.00    p       :            (au)                 -0.304803890670
   60    2.00    p       :            (au)                 -0.287649884822
   61    2.00    p       :            (au)                 -0.287606974298
   62    2.00    p       :            (au)                 -0.249532600343
   63    2.00    p       :            (au)                 -0.237574949679
   64    2.00    p       :            (au)                 -0.237444650712
   65    2.00    p       :            (au)                 -0.237075936752
   66    2.00    p       :            (au)                 -0.230907161324
   67    2.00    p       :            (au)                 -0.230886132111
   68    2.00    p       :            (au)                 -0.192981728517
---------------------------------------------------------------------------
 Sum occupied            :            (au)               -589.824688233913
===========================================================================


                                                                           
***************************************************************************
***                                                                     ***
***                 Computing Ground State Wavefunction                 ***
***                                                                     ***
***************************************************************************
                                                                           
                                                                           
~~~~~~~~~~~~~~~~~~~~~~~~~~~~~~~~~~~~~~~~~~~~~~~~~~~~~~~~~~~~~~~~~~~~~~~~~~~
 Calculation             : Optimize ground state orbitals
 Method                  : DFT
 XC library              : LibXC
 Relativity              : None
 Environment             : None
 External fields         : None
 Checkpointing           : Off
 Max iterations          : 100
 KAIN solver             : 3
 Localization            : First two iterations
 Diagonalization         : Off
 Start precision         : 1.00000e-06
 Final precision         : 1.00000e-06
 Helmholtz precision     : Dynamic
 Energy threshold        : 1.00000e-04
 Orbital threshold       : 1.00000e-03
~~~~~~~~~~~~~~~~~~~~~~~~~~~~~~~~~~~~~~~~~~~~~~~~~~~~~~~~~~~~~~~~~~~~~~~~~~~


===========================================================================
 Iter           MO residual             Total energy                Update
---------------------------------------------------------------------------
    0          8.306624e+00       -1035.648294260556         -1.035648e+03
    1          1.565395e-01       -1036.578347598965         -9.300533e-01
    2          4.699285e-02       -1036.635449324879         -5.710173e-02
    3          1.898535e-02       -1036.643565997716         -8.116673e-03
    4          1.333701e-02       -1036.645424320144         -1.858322e-03
    5          6.380663e-03       -1036.645671995737         -2.476756e-04
    6          3.180442e-03       -1036.645723337122         -5.134139e-05
    7          2.191772e-03       -1036.645761272508         -3.793539e-05
---------------------------------------------------------------------------
                      SCF converged in 7 iterations!
===========================================================================


                                                                           
***************************************************************************
***                                                                     ***
***                    Printing Molecular Properties                    ***
***                                                                     ***
***************************************************************************
                                                                           
                                                                           
===========================================================================
                                 Molecule
---------------------------------------------------------------------------
 Charge                  :                                               0
 Multiplicity            :                                               1
---------------------------------------------------------------------------
    N    Atom            :               x               y               z
---------------------------------------------------------------------------
    0       P            :       -4.342097        2.402955       -0.266911
    1       C            :       -6.094939        1.326208       -3.116841
    2       C            :       -8.185145        2.604678       -4.177149
    3       C            :       -5.191076       -0.882277       -4.325375
    4       C            :       -9.351255        1.684617       -6.381947
    5       H            :       -8.904788        4.335755       -3.272936
    6       C            :       -6.373914       -1.813306       -6.511051
    7       H            :       -3.534969       -1.876708       -3.541755
    8       C            :       -8.456226       -0.526977       -7.549834
    9       H            :      -10.977179        2.705506       -7.189255
   10       H            :       -5.651396       -3.540708       -7.422342
   11       H            :       -9.372887       -1.243311       -9.276509
   12       C            :       -5.877872        0.549204        2.294063
   13       C            :       -4.644854        0.519036        4.667421
   14       C            :       -8.119446       -0.869818        1.994644
   15       C            :       -5.650394       -0.858476        6.700965
   16       H            :       -2.871191        1.585692        4.916221
   17       C            :       -9.110071       -2.269845        4.025731
   18       H            :       -9.096393       -0.882260        0.156826
   19       C            :       -7.885360       -2.263168        6.383022
   20       H            :       -4.670915       -0.853945        8.538622
   21       H            :      -10.857701       -3.371474        3.761589
   22       H            :       -8.664954       -3.361708        7.970562
   23       C            :       -5.662406        5.619331        0.247618
   24       C            :       -7.666772        6.179265        1.919949
   25       C            :       -4.498922        7.627683       -1.081980
   26       C            :       -8.496471        8.684688        2.238813
   27       H            :       -8.584442        4.643864        2.984165
   28       C            :       -5.347010       10.124499       -0.781834
   29       H            :       -2.904498        7.223503       -2.362640
   30       C            :       -7.346881       10.660850        0.886236
   31       H            :      -10.059192        9.092058        3.553923
   32       H            :       -4.425907       11.664060       -1.839053
   33       H            :       -8.000303       12.621369        1.139639
---------------------------------------------------------------------------
 Center of mass          :       -6.606414        2.543509       -0.156330
===========================================================================


===========================================================================
                         Molecular Energy (final)
---------------------------------------------------------------------------
 Kinetic energy          :            (au)               1032.217129309660
 E-N energy              :            (au)              -5212.364738839024
 Coulomb energy          :            (au)               1876.106212921617
 Exchange energy         :            (au)                  0.000000000000
 X-C energy              :            (au)               -126.446708068344
 N-N energy              :            (au)               1393.842343403584
 Non-local pp energy     :            (au)                  0.000000000000
---------------------------------------------------------------------------
 Electronic energy       :            (au)              -2430.488104676091
 Nuclear energy          :            (au)               1393.842343403584
---------------------------------------------------------------------------
 Total energy            :            (au)             -1.036645761273e+03
                         :      (kcal/mol)             -6.505050364458e+05
                         :        (kJ/mol)             -2.721713072489e+06
                         :            (eV)             -2.820856821025e+04
===========================================================================


===========================================================================
                         Orbital Energies (final)
---------------------------------------------------------------------------
    n     Occ Spin       :                                         Epsilon
---------------------------------------------------------------------------
    0    2.00    p       :            (au)                -76.341090549701
    1    2.00    p       :            (au)                 -9.920355520112
    2    2.00    p       :            (au)                 -9.920345856746
    3    2.00    p       :            (au)                 -9.920322833285
    4    2.00    p       :            (au)                 -9.914261269405
    5    2.00    p       :            (au)                 -9.914208891962
    6    2.00    p       :            (au)                 -9.914175654093
    7    2.00    p       :            (au)                 -9.913704079065
    8    2.00    p       :            (au)                 -9.913610345496
    9    2.00    p       :            (au)                 -9.913578690480
   10    2.00    p       :            (au)                 -9.913189974608
   11    2.00    p       :            (au)                 -9.913126566028
   12    2.00    p       :            (au)                 -9.913098638267
   13    2.00    p       :            (au)                 -9.913055821380
   14    2.00    p       :            (au)                 -9.912977616007
   15    2.00    p       :            (au)                 -9.912953852345
   16    2.00    p       :            (au)                 -9.912703311443
   17    2.00    p       :            (au)                 -9.912624063928
   18    2.00    p       :            (au)                 -9.912600715351
   19    2.00    p       :            (au)                 -6.308325382252
   20    2.00    p       :            (au)                 -4.524784365612
   21    2.00    p       :            (au)                 -4.524781622765
   22    2.00    p       :            (au)                 -4.519917813412
   23    2.00    p       :            (au)                 -0.785965514325
   24    2.00    p       :            (au)                 -0.779076395489
   25    2.00    p       :            (au)                 -0.779017848702
   26    2.00    p       :            (au)                 -0.703087724911
   27    2.00    p       :            (au)                 -0.680831135311
   28    2.00    p       :            (au)                 -0.680810378209
   29    2.00    p       :            (au)                 -0.679732170963
   30    2.00    p       :            (au)                 -0.675458006342
   31    2.00    p       :            (au)                 -0.675436885221
   32    2.00    p       :            (au)                 -0.590099392910
   33    2.00    p       :            (au)                 -0.551241881388
   34    2.00    p       :            (au)                 -0.551195530591
   35    2.00    p       :            (au)                 -0.549675784127
   36    2.00    p       :            (au)                 -0.540403788852
   37    2.00    p       :            (au)                 -0.540392666236
   38    2.00    p       :            (au)                 -0.506000281770
   39    2.00    p       :            (au)                 -0.468708163810
   40    2.00    p       :            (au)                 -0.468669471581
   41    2.00    p       :            (au)                 -0.447306908028
   42    2.00    p       :            (au)                 -0.412325873549
   43    2.00    p       :            (au)                 -0.412281934792
   44    2.00    p       :            (au)                 -0.409423937455
   45    2.00    p       :            (au)                 -0.404301723598
   46    2.00    p       :            (au)                 -0.404291225999
   47    2.00    p       :            (au)                 -0.397575466034
   48    2.00    p       :            (au)                 -0.379293463526
   49    2.00    p       :            (au)                 -0.378658872529
   50    2.00    p       :            (au)                 -0.378619837816
   51    2.00    p       :            (au)                 -0.367165151653
   52    2.00    p       :            (au)                 -0.367081837468
   53    2.00    p       :            (au)                 -0.337852251993
   54    2.00    p       :            (au)                 -0.335126309062
   55    2.00    p       :            (au)                 -0.335034891641
   56    2.00    p       :            (au)                 -0.327440387352
   57    2.00    p       :            (au)                 -0.308209579135
   58    2.00    p       :            (au)                 -0.308169313406
   59    2.00    p       :            (au)                 -0.307504057459
   60    2.00    p       :            (au)                 -0.289624755319
   61    2.00    p       :            (au)                 -0.289580481942
   62    2.00    p       :            (au)                 -0.253005454232
   63    2.00    p       :            (au)                 -0.241333168627
   64    2.00    p       :            (au)                 -0.241241147986
   65    2.00    p       :            (au)                 -0.241189276723
   66    2.00    p       :            (au)                 -0.234603263575
   67    2.00    p       :            (au)                 -0.234585976095
   68    2.00    p       :            (au)                 -0.197376789514
---------------------------------------------------------------------------
 Sum occupied            :            (au)               -590.251599581975
===========================================================================


===========================================================================
                             Orbital Positions
---------------------------------------------------------------------------
  Index       Occ        :               x               y               z
---------------------------------------------------------------------------
      0      2.00        :       -4.342141        2.402958       -0.266908
      1      2.00        :       -5.877812        0.549263        2.293965
      2      2.00        :       -5.662352        5.619214        0.247608
      3      2.00        :       -6.094870        1.326255       -3.116742
      4      2.00        :       -4.644869        0.519051        4.667401
      5      2.00        :       -4.498938        7.627658       -1.081980
      6      2.00        :       -5.191088       -0.882264       -4.325351
      7      2.00        :       -7.885363       -2.263174        6.383023
      8      2.00        :       -7.346882       10.660854        0.886242
      9      2.00        :       -8.456228       -0.526974       -7.549839
     10      2.00        :       -5.650392       -0.858470        6.700961
     11      2.00        :       -5.347008       10.124492       -0.781838
     12      2.00        :       -6.373911       -1.813306       -6.511044
     13      2.00        :       -9.110071       -2.269843        4.025739
     14      2.00        :       -8.496472        8.684695        2.238808
     15      2.00        :       -9.351257        1.684609       -6.381950
     16      2.00        :       -8.119397       -0.869801        1.994647
     17      2.00        :       -7.666725        6.179256        1.919926
     18      2.00        :       -8.185097        2.604659       -4.177136
     19      2.00        :       -4.411082        2.640776       -0.273896
     20      2.00        :       -4.098979        2.387935       -0.279083
     21      2.00        :       -4.421165        2.300730       -0.055570
     22      2.00        :       -4.442462        2.282708       -0.458833
     23      2.00        :       -3.329637        2.340277       -0.317381
     24      2.00        :       -5.397960        1.834148       -1.864479
     25      2.00        :       -7.446904        1.485874       -3.480876
     26      2.00        :       -6.758737        2.076008       -4.074174
     27      2.00        :       -5.620834        0.226475       -3.679540
     28      2.00        :       -8.774011        2.158673       -5.277588
     29      2.00        :       -8.664170        3.748038       -3.582289
     30      2.00        :       -6.290620       -1.464268       -5.122382
     31      2.00        :       -5.638611       -0.852537       -5.731941
     32      2.00        :       -4.093063       -1.539508       -3.796559
     33      2.00        :       -8.401862        0.889139       -7.063375
     34      2.00        :       -9.072066        0.295416       -6.463713
     35      2.00        :       -7.421193       -1.195590       -7.048529
     36      2.00        :      -10.434032        2.367483       -6.915138
     37      2.00        :       -5.895132       -2.962763       -7.119390
     38      2.00        :       -9.064196       -1.007502       -8.700872
     39      2.00        :       -5.279762        1.350338        1.148480
     40      2.00        :       -5.240711        0.566675        3.453643
     41      2.00        :       -7.232962        0.237309        2.516700
     42      2.00        :       -6.631185       -0.609035        2.208309
     43      2.00        :       -5.074367       -0.693557        5.393146
     44      2.00        :       -5.637508        0.175120        5.707468
     45      2.00        :       -3.469427        1.233205        4.826219
     46      2.00        :       -8.622708       -1.574575        2.997927
     47      2.00        :       -8.768412       -0.879836        0.782469
     48      2.00        :       -6.769942       -1.563854        6.573551
     49      2.00        :       -8.045834       -2.533116        4.917022
     50      2.00        :       -8.629188       -1.680536        5.223239
     51      2.00        :       -5.000594       -0.857039        7.924981
     52      2.00        :      -10.274374       -3.001052        3.845087
     53      2.00        :       -8.401551       -2.994203        7.443453
     54      2.00        :       -5.156525        4.198767        0.052884
     55      2.00        :       -6.964056        6.035552        0.590377
     56      2.00        :       -6.238582        6.159716        1.385320
     57      2.00        :       -5.064183        6.582598       -0.434333
     58      2.00        :       -8.088332        7.424157        2.090643
     59      2.00        :       -8.276201        5.167645        2.624064
     60      2.00        :       -4.767073        8.880925       -0.348821
     61      2.00        :       -5.457609        8.748552       -1.171337
     62      2.00        :       -3.443143        7.350751       -1.933895
     63      2.00        :       -7.428554        9.534826        1.871550
     64      2.00        :       -8.136746        9.404651        1.069856
     65      2.00        :       -6.349413       10.421627        0.039219
     66      2.00        :       -9.537864        8.950691        3.114999
     67      2.00        :       -4.735837       11.150875       -1.484335
     68      2.00        :       -7.779239       11.968856        1.052497
===========================================================================


===========================================================================
                           Dipole Moment (dip-1)
---------------------------------------------------------------------------
 r_O                     :        0.000000        0.000000        0.000000
---------------------------------------------------------------------------
 Electronic vector       :      916.958949     -351.333353       21.319390
 Magnitude               :            (au)                      982.193135
                         :         (Debye)                     2496.485939
---------------------------------------------------------------------------
 Nuclear vector          :     -917.462268      351.363168      -21.291890
 Magnitude               :            (au)                      982.673106
                         :         (Debye)                     2497.705902
---------------------------------------------------------------------------
 Total vector            :       -0.503319        0.029814        0.027500
 Magnitude               :            (au)                        0.504951
                         :         (Debye)                        1.283457
===========================================================================


                                                                           
                                                                           
***************************************************************************
***                                                                     ***
***                            Exiting MRChem                           ***
***                                                                     ***
***                       Wall time :  0h  5m 47s                       ***
***                                                                     ***
***************************************************************************
                                                                           
                                                                           
