                                                                           
                                                                           
***************************************************************************
***                                                                     ***
***                                                                     ***
***          __  __ ____   ____ _                                       ***
***         |  \/  |  _ \ / ___| |__   ___ _ __ ___                     ***
***         | |\/| | |_) | |   | '_ \ / _ \ '_ ` _ \                    ***
***         | |  | |  _ <| |___| | | |  __/ | | | | |                   ***
***         |_|  |_|_| \_\\____|_| |_|\___|_| |_| |_|                   ***
***                                                                     ***
***         VERSION            1.2.0-alpha                              ***
***                                                                     ***
***         Git branch         master                                   ***
***         Git commit hash    d6a1a67ced60ba46a7d9-dirty               ***
***         Git commit author  Niklas Göllmann                         ***
***         Git commit date    Wed Jun 24 12:36:55 2026 +0200           ***
***                                                                     ***
***         Contact: luca.frediani@uit.no                               ***
***                                                                     ***
***         Radovan Bast            Magnar Bjorgve                      ***
***         Roberto Di Remigio      Antoine Durdek                      ***
***         Luca Frediani           Gabriel Gerez                       ***
***         Stig Rune Jensen        Jonas Juselius                      ***
***         Rune Monstad            Peter Wind                          ***
***                                                                     ***
***************************************************************************

---------------------------------------------------------------------------

 MPI processes           :       (16 bank)                              48
 OpenMP threads          :                                              31
 Total cores             :                                            1008
                                                                           
---------------------------------------------------------------------------


---------------------------------------------------------------------------

 MRCPP version         : 1.6.0-alpha
 Git branch            : HEAD
 Git commit hash       : 77187f0e2a0707410329
 Git commit author     : Valentyn113
 Git commit date       : Tue Jun 9 15:08:36 2026 +0200

 Linear algebra        : EIGEN v3.4.0
 Parallelization       : MPI/OpenMP (31 threads)

---------------------------------------------------------------------------


                                                                           
===========================================================================
                         MultiResolution Analysis
---------------------------------------------------------------------------
 polynomial order      : 7
 polynomial type       : Interpolating
---------------------------------------------------------------------------
 total boxes           : 8
 boxes                 : [          2           2           2 ]
 unit lengths          : [  128.00000   128.00000   128.00000 ]
 scaling factor        : [    1.00000     1.00000     1.00000 ]
 lower bounds          : [ -128.00000  -128.00000  -128.00000 ]
 upper bounds          : [  128.00000   128.00000   128.00000 ]
 total length          : [  256.00000   256.00000   256.00000 ]
===========================================================================


                                                                           
***************************************************************************
***                                                                     ***
***                        Initializing Molecule                        ***
***                                                                     ***
***************************************************************************
                                                                           
                                                                           
===========================================================================
                                 Molecule
---------------------------------------------------------------------------
 Charge                  :                                               0
 Multiplicity            :                                               1
---------------------------------------------------------------------------
    N    Atom            :               x               y               z
---------------------------------------------------------------------------
    0      Ru            :       -5.116908        2.839810       -0.353604
    1       P            :       -6.396810        6.953173       -0.306277
    2       P            :       -3.062404       -4.157706        4.341372
    3       H            :       -5.085593       -0.013483        1.039114
    4       H            :       -4.511748        3.358139        2.482755
    5       H            :       -4.181804       -0.308389       -0.352875
    6       H            :       -7.958157        2.272267        0.175983
    7       C            :       -8.465336        7.656158        2.374928
    8       H            :      -10.128093        6.413547        2.284543
    9       H            :       -9.070102        9.648570        2.377701
   10       H            :       -7.447439        7.226431        4.134645
   11       C            :       -3.971913        9.426884       -0.005277
   12       H            :       -4.813021       11.326635        0.136662
   13       H            :       -2.699291        9.372749       -1.650694
   14       H            :       -2.837981        9.050932        1.697466
   15       C            :       -8.260376        8.135703       -2.991942
   16       H            :       -9.931180        6.922154       -3.240230
   17       H            :       -7.120635        8.032098       -4.729678
   18       H            :       -8.876229       10.104096       -2.707540
   19       C            :       -0.335724       -1.971096        4.407457
   20       H            :       -0.571018       -0.505416        2.949308
   21       H            :       -0.279160       -1.006218        6.251719
   22       H            :        1.475884       -2.960297        4.113410
   23       C            :       -2.313958       -5.957500        1.438357
   24       H            :       -3.598530       -7.589782        1.281708
   25       H            :       -0.345493       -6.643495        1.407174
   26       H            :       -2.636577       -4.759214       -0.231146
   27       C            :       -1.974697       -6.479110        6.722261
   28       H            :       -0.043401       -7.169891        6.348372
   29       H            :       -2.020762       -5.609338        8.612639
   30       H            :       -3.274315       -8.105814        6.748489
---------------------------------------------------------------------------
 Center of mass          :       -4.707381        2.110035        1.057941
===========================================================================


                                                                           
                                                                           
***************************************************************************
***                                                                     ***
***                           XC Functional                             ***
***                                                                     ***
***************************************************************************

Using Libxc (version 7.0.0) to evaluate density functionals. Libxc is free
software. It is distributed under the Mozilla Public License, version 2.0.
For more information, please check the Libxc manual. You should cite

S. Lehtola, C. Steigemann, M. J.T. Oliveira, and M. A.L. Marques., 
SoftwareX 7, 1–5 (2018) DOI: 10.1016/j.softx.2017.11.002

when reporting the results of your calculation in a scientific article.

Libxc functionals used in this calculation:
  - gga_x_b88 (ID 106): Becke 88
     * A. D. Becke.,  Phys. Rev. A 38, 3098 (1988),
       DOI:10.1103/PhysRevA.38.3098
  - gga_c_p86_ft (ID 217): Perdew 86 with more accurate value for ftilde
     * J. P. Perdew.,  Phys. Rev. B 33, 8822 (1986),
       DOI:10.1103/PhysRevB.33.8822
                                                                           
***************************************************************************
***                                                                     ***
***                Computing Initial Guess Wavefunction                 ***
***                                                                     ***
***************************************************************************
                                                                           
                                                                           
~~~~~~~~~~~~~~~~~~~~~~~~~~~~~~~~~~~~~~~~~~~~~~~~~~~~~~~~~~~~~~~~~~~~~~~~~~~
 Calculation             : Compute initial orbitals
 Method                  : Project GTO molecular orbitals
 Precision               : 1.00000e-06
 Screening               : 1.20000e+01 StdDev
 Restricted              : True
 MO file                 : ../initial_guess/opt1_x2csvp_pme3/15h_pme3/mrchem.mop
~~~~~~~~~~~~~~~~~~~~~~~~~~~~~~~~~~~~~~~~~~~~~~~~~~~~~~~~~~~~~~~~~~~~~~~~~~~


===========================================================================
                            Molecular Orbitals
---------------------------------------------------------------------------
 Alpha electrons         :                                          66.000
 Beta electrons          :                                          66.000
 Total electrons         :                                         132.000
---------------------------------------------------------------------------
    n     Occ Spin       :                                            Norm
---------------------------------------------------------------------------
    0    2.00    p       :                              9.999999166266e-01
    1    2.00    p       :                              9.999996960404e-01
    2    2.00    p       :                              9.999997048713e-01
    3    2.00    p       :                              9.999996832128e-01
    4    2.00    p       :                              1.000000190158e+00
    5    2.00    p       :                              9.999999291907e-01
    6    2.00    p       :                              9.999999292570e-01
    7    2.00    p       :                              1.000000245270e+00
    8    2.00    p       :                              1.000000559319e+00
    9    2.00    p       :                              1.000000528926e+00
   10    2.00    p       :                              1.000000602286e+00
   11    2.00    p       :                              9.999999267558e-01
   12    2.00    p       :                              9.999999522142e-01
   13    2.00    p       :                              9.999999292784e-01
   14    2.00    p       :                              9.999999155021e-01
   15    2.00    p       :                              9.999999311772e-01
   16    2.00    p       :                              9.999999234899e-01
   17    2.00    p       :                              9.999980374153e-01
   18    2.00    p       :                              9.999981262572e-01
   19    2.00    p       :                              9.999977981301e-01
   20    2.00    p       :                              9.999973826914e-01
   21    2.00    p       :                              9.999982982849e-01
   22    2.00    p       :                              1.000000138574e+00
   23    2.00    p       :                              1.000000166420e+00
   24    2.00    p       :                              1.000000543925e+00
   25    2.00    p       :                              1.000000170295e+00
   26    2.00    p       :                              1.000000164546e+00
   27    2.00    p       :                              1.000000179111e+00
   28    2.00    p       :                              1.000000178801e+00
   29    2.00    p       :                              1.000000195071e+00
   30    2.00    p       :                              9.999996155865e-01
   31    2.00    p       :                              9.999995096813e-01
   32    2.00    p       :                              9.999995292964e-01
   33    2.00    p       :                              9.999996137038e-01
   34    2.00    p       :                              9.999995315770e-01
   35    2.00    p       :                              9.999995403914e-01
   36    2.00    p       :                              1.000000143015e+00
   37    2.00    p       :                              9.999995875622e-01
   38    2.00    p       :                              1.000000200119e+00
   39    2.00    p       :                              9.999978797757e-01
   40    2.00    p       :                              9.999976714549e-01
   41    2.00    p       :                              1.000000103153e+00
   42    2.00    p       :                              9.999996839605e-01
   43    2.00    p       :                              9.999996590892e-01
   44    2.00    p       :                              9.999995608760e-01
   45    2.00    p       :                              1.000000357885e+00
   46    2.00    p       :                              9.999992650190e-01
   47    2.00    p       :                              9.999997472403e-01
   48    2.00    p       :                              9.999997339233e-01
   49    2.00    p       :                              1.000000148100e+00
   50    2.00    p       :                              9.999997045312e-01
   51    2.00    p       :                              9.999995630941e-01
   52    2.00    p       :                              9.999996746471e-01
   53    2.00    p       :                              1.000000008215e+00
   54    2.00    p       :                              9.999997037767e-01
   55    2.00    p       :                              9.999996819560e-01
   56    2.00    p       :                              9.999995495680e-01
   57    2.00    p       :                              1.000000008142e+00
   58    2.00    p       :                              9.999997014402e-01
   59    2.00    p       :                              9.999997181313e-01
   60    2.00    p       :                              9.999996101247e-01
   61    2.00    p       :                              1.000000015113e+00
   62    2.00    p       :                              9.999997353722e-01
   63    2.00    p       :                              9.999995875015e-01
   64    2.00    p       :                              9.999996946153e-01
   65    2.00    p       :                              9.999991565955e-01
===========================================================================


~~~~~~~~~~~~~~~~~~~~~~~~~~~~~~~~~~~~~~~~~~~~~~~~~~~~~~~~~~~~~~~~~~~~~~~~~~~
 Calculation             : Compute initial energy
 Method                  : DFT
 XC Library              : LibXC
 Relativity              : None
 Environment             : None
 External fields         : None
 Precision               : 1.00000e-06
 Density cutoff          : 0.00000e+00
 Localization            : On
~~~~~~~~~~~~~~~~~~~~~~~~~~~~~~~~~~~~~~~~~~~~~~~~~~~~~~~~~~~~~~~~~~~~~~~~~~~


===========================================================================
                        Molecular Energy (initial)
---------------------------------------------------------------------------
 Kinetic energy          :            (au)               5937.247883318732
 E-N energy              :            (au)             -15499.343715625806
 Coulomb energy          :            (au)               3371.100730369505
 Exchange energy         :            (au)                  0.000000000000
 X-C energy              :            (au)               -222.351970665706
 N-N energy              :            (au)               1105.894748884751
 Non-local pp energy     :            (au)                  0.000000000000
---------------------------------------------------------------------------
 Electronic energy       :            (au)              -6413.347072603276
 Nuclear energy          :            (au)               1105.894748884751
---------------------------------------------------------------------------
 Total energy            :            (au)             -5.307452323719e+03
                         :      (kcal/mol)             -3.330476616271e+06
                         :        (kJ/mol)             -1.393471416248e+07
                         :            (eV)             -1.444231351629e+05
===========================================================================


===========================================================================
                        Orbital Energies (initial)
---------------------------------------------------------------------------
    n     Occ Spin       :                                         Epsilon
---------------------------------------------------------------------------
    0    2.00    p       :            (au)               -757.253880592819
    1    2.00    p       :            (au)               -105.124446615748
    2    2.00    p       :            (au)               -101.332324283223
    3    2.00    p       :            (au)               -101.331552649784
    4    2.00    p       :            (au)               -101.330943850750
    5    2.00    p       :            (au)                -76.250223373881
    6    2.00    p       :            (au)                -76.203650559065
    7    2.00    p       :            (au)                -18.117067071793
    8    2.00    p       :            (au)                -15.973218554122
    9    2.00    p       :            (au)                -15.970742480737
   10    2.00    p       :            (au)                -15.970417071879
   11    2.00    p       :            (au)                -10.107022647582
   12    2.00    p       :            (au)                -10.106441535990
   13    2.00    p       :            (au)                -10.105407077354
   14    2.00    p       :            (au)                -10.103993435620
   15    2.00    p       :            (au)                -10.103586323384
   16    2.00    p       :            (au)                 -9.916218861548
   17    2.00    p       :            (au)                 -9.916041267391
   18    2.00    p       :            (au)                 -9.911851437556
   19    2.00    p       :            (au)                 -9.901078872634
   20    2.00    p       :            (au)                 -9.900263888332
   21    2.00    p       :            (au)                 -9.897410204604
   22    2.00    p       :            (au)                 -6.313627544915
   23    2.00    p       :            (au)                 -6.273041169052
   24    2.00    p       :            (au)                 -4.543840081618
   25    2.00    p       :            (au)                 -4.543774101744
   26    2.00    p       :            (au)                 -4.539733916239
   27    2.00    p       :            (au)                 -4.503477196348
   28    2.00    p       :            (au)                 -4.503360891941
   29    2.00    p       :            (au)                 -4.497423278822
   30    2.00    p       :            (au)                 -2.321649476175
   31    2.00    p       :            (au)                 -1.608970462970
   32    2.00    p       :            (au)                 -1.598712291335
   33    2.00    p       :            (au)                 -1.597506447843
   34    2.00    p       :            (au)                 -0.701681025411
   35    2.00    p       :            (au)                 -0.678474251944
   36    2.00    p       :            (au)                 -0.627445027738
   37    2.00    p       :            (au)                 -0.624954395948
   38    2.00    p       :            (au)                 -0.608246341630
   39    2.00    p       :            (au)                 -0.606413546879
   40    2.00    p       :            (au)                 -0.492178454709
   41    2.00    p       :            (au)                 -0.465437326470
   42    2.00    p       :            (au)                 -0.417612691244
   43    2.00    p       :            (au)                 -0.400251870307
   44    2.00    p       :            (au)                 -0.391172611427
   45    2.00    p       :            (au)                 -0.389903382951
   46    2.00    p       :            (au)                 -0.381184828983
   47    2.00    p       :            (au)                 -0.372373556459
   48    2.00    p       :            (au)                 -0.367514320007
   49    2.00    p       :            (au)                 -0.366270383304
   50    2.00    p       :            (au)                 -0.364862495677
   51    2.00    p       :            (au)                 -0.349008569106
   52    2.00    p       :            (au)                 -0.346620206720
   53    2.00    p       :            (au)                 -0.345199968410
   54    2.00    p       :            (au)                 -0.332192661205
   55    2.00    p       :            (au)                 -0.306534318916
   56    2.00    p       :            (au)                 -0.305081523207
   57    2.00    p       :            (au)                 -0.282279701695
   58    2.00    p       :            (au)                 -0.281683075464
   59    2.00    p       :            (au)                 -0.270522231249
   60    2.00    p       :            (au)                 -0.261309083382
   61    2.00    p       :            (au)                 -0.247027791336
   62    2.00    p       :            (au)                 -0.194029160509
   63    2.00    p       :            (au)                 -0.183986072459
   64    2.00    p       :            (au)                 -0.179954922297
   65    2.00    p       :            (au)                 -0.164447905264
---------------------------------------------------------------------------
 Sum occupied            :            (au)              -3107.957506434206
===========================================================================


                                                                           
***************************************************************************
***                                                                     ***
***                 Computing Ground State Wavefunction                 ***
***                                                                     ***
***************************************************************************
                                                                           
                                                                           
~~~~~~~~~~~~~~~~~~~~~~~~~~~~~~~~~~~~~~~~~~~~~~~~~~~~~~~~~~~~~~~~~~~~~~~~~~~
 Calculation             : Optimize ground state orbitals
 Method                  : DFT
 XC library              : LibXC
 Relativity              : None
 Environment             : None
 External fields         : None
 Checkpointing           : Off
 Max iterations          : 100
 KAIN solver             : 3
 Localization            : First two iterations
 Diagonalization         : Off
 Start precision         : 1.00000e-06
 Final precision         : 1.00000e-06
 Helmholtz precision     : Dynamic
 Energy threshold        : 1.00000e-04
 Orbital threshold       : 1.00000e-03
~~~~~~~~~~~~~~~~~~~~~~~~~~~~~~~~~~~~~~~~~~~~~~~~~~~~~~~~~~~~~~~~~~~~~~~~~~~


===========================================================================
 Iter           MO residual             Total energy                Update
---------------------------------------------------------------------------
    0          8.124038e+00       -5307.452323718525         -5.307452e+03
    1          1.505388e-01       -5364.407244730103         -5.695492e+01
    2          6.241676e-02       -5368.250361996527         -3.843117e+00
    3          4.139709e-02       -5368.885641507033         -6.352795e-01
    4          2.601092e-02       -5369.012444215545         -1.268027e-01
    5          2.956897e-02       -5369.093662970212         -8.121875e-02
    6          1.469852e-02       -5369.097639881934         -3.976912e-03
    7          8.852138e-03       -5369.098383824213         -7.439423e-04
    8          5.775211e-03       -5369.100354090353         -1.970266e-03
    9          3.833116e-03       -5369.101077020501         -7.229301e-04
   10          3.082860e-03       -5369.101359204123         -2.821836e-04
   11          2.436750e-03       -5369.101389556614         -3.035249e-05
---------------------------------------------------------------------------
                      SCF converged in 11 iterations!
===========================================================================


                                                                           
***************************************************************************
***                                                                     ***
***                    Printing Molecular Properties                    ***
***                                                                     ***
***************************************************************************
                                                                           
                                                                           
===========================================================================
                                 Molecule
---------------------------------------------------------------------------
 Charge                  :                                               0
 Multiplicity            :                                               1
---------------------------------------------------------------------------
    N    Atom            :               x               y               z
---------------------------------------------------------------------------
    0      Ru            :       -5.116908        2.839810       -0.353604
    1       P            :       -6.396810        6.953173       -0.306277
    2       P            :       -3.062404       -4.157706        4.341372
    3       H            :       -5.085593       -0.013483        1.039114
    4       H            :       -4.511748        3.358139        2.482755
    5       H            :       -4.181804       -0.308389       -0.352875
    6       H            :       -7.958157        2.272267        0.175983
    7       C            :       -8.465336        7.656158        2.374928
    8       H            :      -10.128093        6.413547        2.284543
    9       H            :       -9.070102        9.648570        2.377701
   10       H            :       -7.447439        7.226431        4.134645
   11       C            :       -3.971913        9.426884       -0.005277
   12       H            :       -4.813021       11.326635        0.136662
   13       H            :       -2.699291        9.372749       -1.650694
   14       H            :       -2.837981        9.050932        1.697466
   15       C            :       -8.260376        8.135703       -2.991942
   16       H            :       -9.931180        6.922154       -3.240230
   17       H            :       -7.120635        8.032098       -4.729678
   18       H            :       -8.876229       10.104096       -2.707540
   19       C            :       -0.335724       -1.971096        4.407457
   20       H            :       -0.571018       -0.505416        2.949308
   21       H            :       -0.279160       -1.006218        6.251719
   22       H            :        1.475884       -2.960297        4.113410
   23       C            :       -2.313958       -5.957500        1.438357
   24       H            :       -3.598530       -7.589782        1.281708
   25       H            :       -0.345493       -6.643495        1.407174
   26       H            :       -2.636577       -4.759214       -0.231146
   27       C            :       -1.974697       -6.479110        6.722261
   28       H            :       -0.043401       -7.169891        6.348372
   29       H            :       -2.020762       -5.609338        8.612639
   30       H            :       -3.274315       -8.105814        6.748489
---------------------------------------------------------------------------
 Center of mass          :       -4.707381        2.110035        1.057941
===========================================================================


===========================================================================
                         Molecular Energy (final)
---------------------------------------------------------------------------
 Kinetic energy          :            (au)               5364.172217821575
 E-N energy              :            (au)             -14977.081791991150
 Coulomb energy          :            (au)               3357.080236205737
 Exchange energy         :            (au)                  0.000000000000
 X-C energy              :            (au)               -219.166800477527
 N-N energy              :            (au)               1105.894748884751
 Non-local pp energy     :            (au)                  0.000000000000
---------------------------------------------------------------------------
 Electronic energy       :            (au)              -6474.996138441365
 Nuclear energy          :            (au)               1105.894748884751
---------------------------------------------------------------------------
 Total energy            :            (au)             -5.369101389557e+03
                         :      (kcal/mol)             -3.369161989152e+06
                         :        (kJ/mol)             -1.409657376261e+07
                         :            (eV)             -1.461006917051e+05
===========================================================================


===========================================================================
                         Orbital Energies (final)
---------------------------------------------------------------------------
    n     Occ Spin       :                                         Epsilon
---------------------------------------------------------------------------
    0    2.00    p       :            (au)               -784.026095668702
    1    2.00    p       :            (au)               -110.611587218900
    2    2.00    p       :            (au)               -102.335120764765
    3    2.00    p       :            (au)               -102.333977365022
    4    2.00    p       :            (au)               -102.333774437314
    5    2.00    p       :            (au)                -76.351553999378
    6    2.00    p       :            (au)                -76.316746460531
    7    2.00    p       :            (au)                -19.347669699818
    8    2.00    p       :            (au)                -16.102044160750
    9    2.00    p       :            (au)                -16.100212267028
   10    2.00    p       :            (au)                -16.099931107258
   11    2.00    p       :            (au)                -10.130013782082
   12    2.00    p       :            (au)                -10.129267896130
   13    2.00    p       :            (au)                -10.127478428696
   14    2.00    p       :            (au)                -10.126223876732
   15    2.00    p       :            (au)                -10.125543703908
   16    2.00    p       :            (au)                 -9.903611711864
   17    2.00    p       :            (au)                 -9.903465607671
   18    2.00    p       :            (au)                 -9.898971022614
   19    2.00    p       :            (au)                 -9.888970198224
   20    2.00    p       :            (au)                 -9.888111134045
   21    2.00    p       :            (au)                 -9.885845619971
   22    2.00    p       :            (au)                 -6.317503773127
   23    2.00    p       :            (au)                 -6.284621770041
   24    2.00    p       :            (au)                 -4.533863614225
   25    2.00    p       :            (au)                 -4.533763554410
   26    2.00    p       :            (au)                 -4.529866364575
   27    2.00    p       :            (au)                 -4.501186232598
   28    2.00    p       :            (au)                 -4.501101131712
   29    2.00    p       :            (au)                 -4.495953480832
   30    2.00    p       :            (au)                 -2.567043112171
   31    2.00    p       :            (au)                 -1.611675566999
   32    2.00    p       :            (au)                 -1.603219431669
   33    2.00    p       :            (au)                 -1.602173851546
   34    2.00    p       :            (au)                 -0.705425831843
   35    2.00    p       :            (au)                 -0.683657296194
   36    2.00    p       :            (au)                 -0.635267666989
   37    2.00    p       :            (au)                 -0.632637194100
   38    2.00    p       :            (au)                 -0.616612967607
   39    2.00    p       :            (au)                 -0.615210083988
   40    2.00    p       :            (au)                 -0.494863176226
   41    2.00    p       :            (au)                 -0.469377886006
   42    2.00    p       :            (au)                 -0.420024358213
   43    2.00    p       :            (au)                 -0.402142421488
   44    2.00    p       :            (au)                 -0.393065209837
   45    2.00    p       :            (au)                 -0.391702477866
   46    2.00    p       :            (au)                 -0.384385141056
   47    2.00    p       :            (au)                 -0.375032382387
   48    2.00    p       :            (au)                 -0.370098051858
   49    2.00    p       :            (au)                 -0.368744764436
   50    2.00    p       :            (au)                 -0.367238316323
   51    2.00    p       :            (au)                 -0.351757925806
   52    2.00    p       :            (au)                 -0.349730601313
   53    2.00    p       :            (au)                 -0.348643639403
   54    2.00    p       :            (au)                 -0.335336924202
   55    2.00    p       :            (au)                 -0.307102255787
   56    2.00    p       :            (au)                 -0.305850810049
   57    2.00    p       :            (au)                 -0.283932679475
   58    2.00    p       :            (au)                 -0.283459594863
   59    2.00    p       :            (au)                 -0.268945750971
   60    2.00    p       :            (au)                 -0.263652624207
   61    2.00    p       :            (au)                 -0.251541436417
   62    2.00    p       :            (au)                 -0.189494356272
   63    2.00    p       :            (au)                 -0.183558721205
   64    2.00    p       :            (au)                 -0.169099969344
   65    2.00    p       :            (au)                 -0.152757882810
---------------------------------------------------------------------------
 Sum occupied            :            (au)              -3182.837076827697
===========================================================================


===========================================================================
                             Orbital Positions
---------------------------------------------------------------------------
  Index       Occ        :               x               y               z
---------------------------------------------------------------------------
      0      2.00        :       -5.116907        2.839810       -0.353604
      1      2.00        :       -5.147506        2.893355       -0.330484
      2      2.00        :       -5.054138        2.854629       -0.367006
      3      2.00        :       -5.118991        2.791959       -0.308204
      4      2.00        :       -5.146910        2.819431       -0.408783
      5      2.00        :       -6.396817        6.953194       -0.306275
      6      2.00        :       -3.062366       -4.157721        4.341367
      7      2.00        :       -5.351573        2.808539       -0.292818
      8      2.00        :       -5.143573        2.635222       -0.190355
      9      2.00        :       -4.988169        2.896192       -0.574580
     10      2.00        :       -4.891053        2.833411       -0.222906
     11      2.00        :       -8.260321        8.135670       -2.991886
     12      2.00        :       -3.971964        9.426821       -0.005295
     13      2.00        :       -8.465273        7.656156        2.374840
     14      2.00        :       -1.974734       -6.479059        6.722216
     15      2.00        :       -2.313988       -5.957461        1.438420
     16      2.00        :       -0.335792       -1.971150        4.407469
     17      2.00        :       -5.269894        3.015513       -0.473083
     18      2.00        :       -4.979822        2.651208       -0.425153
     19      2.00        :       -5.018994        3.064553       -0.340383
     20      2.00        :       -5.171079        2.951589       -0.124212
     21      2.00        :       -5.242993        2.698869       -0.534093
     22      2.00        :       -6.204107        7.107134       -0.288641
     23      2.00        :       -3.030046       -4.244417        4.111597
     24      2.00        :       -5.532525        3.189307        0.116483
     25      2.00        :       -4.493875        2.578785       -0.069587
     26      2.00        :       -4.708237        3.497546       -0.229132
     27      2.00        :       -5.617214        3.205370       -0.826342
     28      2.00        :       -4.681285        2.816189       -0.991319
     29      2.00        :       -5.434534        2.273602       -0.694994
     30      2.00        :       -6.315906        6.721644       -0.322534
     31      2.00        :       -6.539469        6.976857       -0.105754
     32      2.00        :       -6.528563        7.009167       -0.507904
     33      2.00        :       -3.286683       -4.063541        4.362490
     34      2.00        :       -3.034340       -4.342754        4.503639
     35      2.00        :       -2.893917       -3.982044        4.387274
     36      2.00        :       -4.056902       -3.742626        4.438838
     37      2.00        :       -5.873082        5.503734       -0.437707
     38      2.00        :       -5.261904        2.285209        0.135099
     39      2.00        :       -4.696070        3.210346        1.568432
     40      2.00        :       -7.045166        2.474559       -0.007157
     41      2.00        :       -7.582372        7.371376        1.222974
     42      2.00        :       -9.538388        6.850791        2.284369
     43      2.00        :       -8.840972        8.974355        2.341481
     44      2.00        :       -7.778455        7.384207        3.498936
     45      2.00        :       -4.992595        8.387115       -0.139447
     46      2.00        :       -4.558695       10.651878        0.083615
     47      2.00        :       -3.161538        9.369302       -1.094559
     48      2.00        :       -3.254209        9.163817        1.108680
     49      2.00        :       -7.471302        7.640528       -1.862974
     50      2.00        :       -9.340027        7.335794       -3.128692
     51      2.00        :       -7.489720        8.059780       -4.108268
     52      2.00        :       -8.643077        9.422149       -2.769739
     53      2.00        :       -1.470356       -2.915043        4.371445
     54      2.00        :       -0.507244       -1.033427        3.442666
     55      2.00        :       -0.319531       -1.360711        5.625876
     56      2.00        :        0.845244       -2.654668        4.209467
     57      2.00        :       -2.602995       -5.202544        2.668105
     58      2.00        :       -3.163868       -7.021450        1.364912
     59      2.00        :       -1.008739       -6.395826        1.448195
     60      2.00        :       -2.527130       -5.148809        0.364033
     61      2.00        :       -2.409873       -5.502647        5.707084
     62      2.00        :       -0.697829       -6.915260        6.447459
     63      2.00        :       -2.009495       -5.884291        7.948331
     64      2.00        :       -2.838097       -7.534777        6.715773
     65      2.00        :       -4.601852        0.044859        0.199453
===========================================================================


===========================================================================
                           Dipole Moment (dip-1)
---------------------------------------------------------------------------
 r_O                     :        0.000000        0.000000        0.000000
---------------------------------------------------------------------------
 Electronic vector       :      615.239592     -269.842588     -156.254304
 Magnitude               :            (au)                      689.746464
                         :         (Debye)                     1753.160644
---------------------------------------------------------------------------
 Nuclear vector          :     -614.918819      270.806174      155.772074
 Magnitude               :            (au)                      689.728988
                         :         (Debye)                     1753.116223
---------------------------------------------------------------------------
 Total vector            :        0.320773        0.963585       -0.482229
 Magnitude               :            (au)                        1.124250
                         :         (Debye)                        2.857557
===========================================================================


                                                                           
                                                                           
***************************************************************************
***                                                                     ***
***                            Exiting MRChem                           ***
***                                                                     ***
***                       Wall time :  0h  7m 44s                       ***
***                                                                     ***
***************************************************************************
                                                                           
                                                                           
