                                                                           
                                                                           
***************************************************************************
***                                                                     ***
***                                                                     ***
***          __  __ ____   ____ _                                       ***
***         |  \/  |  _ \ / ___| |__   ___ _ __ ___                     ***
***         | |\/| | |_) | |   | '_ \ / _ \ '_ ` _ \                    ***
***         | |  | |  _ <| |___| | | |  __/ | | | | |                   ***
***         |_|  |_|_| \_\\____|_| |_|\___|_| |_| |_|                   ***
***                                                                     ***
***         VERSION            1.2.0-alpha                              ***
***                                                                     ***
***         Git branch         master                                   ***
***         Git commit hash    d6a1a67ced60ba46a7d9-dirty               ***
***         Git commit author  Niklas Göllmann                         ***
***         Git commit date    Wed Jun 24 12:36:55 2026 +0200           ***
***                                                                     ***
***         Contact: luca.frediani@uit.no                               ***
***                                                                     ***
***         Radovan Bast            Magnar Bjorgve                      ***
***         Roberto Di Remigio      Antoine Durdek                      ***
***         Luca Frediani           Gabriel Gerez                       ***
***         Stig Rune Jensen        Jonas Juselius                      ***
***         Rune Monstad            Peter Wind                          ***
***                                                                     ***
***************************************************************************

---------------------------------------------------------------------------

 MPI processes           :       (16 bank)                              48
 OpenMP threads          :                                              31
 Total cores             :                                            1008
                                                                           
---------------------------------------------------------------------------


---------------------------------------------------------------------------

 MRCPP version         : 1.6.0-alpha
 Git branch            : HEAD
 Git commit hash       : 77187f0e2a0707410329
 Git commit author     : Valentyn113
 Git commit date       : Tue Jun 9 15:08:36 2026 +0200

 Linear algebra        : EIGEN v3.4.0
 Parallelization       : MPI/OpenMP (31 threads)

---------------------------------------------------------------------------


                                                                           
===========================================================================
                         MultiResolution Analysis
---------------------------------------------------------------------------
 polynomial order      : 7
 polynomial type       : Interpolating
---------------------------------------------------------------------------
 total boxes           : 8
 boxes                 : [          2           2           2 ]
 unit lengths          : [  128.00000   128.00000   128.00000 ]
 scaling factor        : [    1.00000     1.00000     1.00000 ]
 lower bounds          : [ -128.00000  -128.00000  -128.00000 ]
 upper bounds          : [  128.00000   128.00000   128.00000 ]
 total length          : [  256.00000   256.00000   256.00000 ]
===========================================================================


                                                                           
***************************************************************************
***                                                                     ***
***                        Initializing Molecule                        ***
***                                                                     ***
***************************************************************************
                                                                           
                                                                           
===========================================================================
                                 Molecule
---------------------------------------------------------------------------
 Charge                  :                                               0
 Multiplicity            :                                               1
---------------------------------------------------------------------------
    N    Atom            :               x               y               z
---------------------------------------------------------------------------
    0      Ru            :        1.358973        2.828861        0.396572
    1       P            :        3.948646        5.328832       -1.988763
    2       P            :       -2.439837        1.131260        1.558376
    3       P            :        3.478494       -0.939897       -0.218778
    4       C            :       -2.902895       -0.027964        4.806991
    5       H            :        3.311132        3.654413        2.869800
    6       H            :        1.957249        2.918578        3.595026
    7       H            :       -0.147745        5.496252        0.815657
    8       H            :       -0.026498        2.621255       -2.344073
    9       H            :       -1.523937       -1.528347        5.219958
   10       H            :       -4.827812       -0.761137        5.116555
   11       H            :       -2.551518        1.542856        6.124973
   12       C            :        6.955723        6.471647       -0.662333
   13       H            :        8.148612        4.852067       -0.135181
   14       H            :        7.997701        7.685433       -1.996323
   15       H            :        6.545398        7.552929        1.066914
   16       C            :        2.514753        8.315848       -3.007677
   17       H            :        2.036204        9.432616       -1.322481
   18       H            :        0.741874        7.883146       -4.001139
   19       H            :        3.779905        9.409177       -4.249894
   20       C            :       -5.128685        3.298435        1.258399
   21       H            :       -6.936984        2.373573        1.721344
   22       H            :       -5.175167        4.015681       -0.691235
   23       H            :       -4.818616        4.920426        2.518955
   24       C            :       -3.630156       -1.573371       -0.279495
   25       H            :       -2.354849       -3.202872       -0.090360
   26       H            :       -3.687338       -1.029780       -2.285328
   27       H            :       -5.536171       -2.141156        0.338022
   28       C            :        5.014270        4.089763       -5.061720
   29       H            :        6.193030        2.399054       -4.799979
   30       H            :        6.108536        5.508539       -6.122477
   31       H            :        3.339648        3.543030       -6.165331
   32       C            :        2.968662       -3.501781        2.098706
   33       H            :        3.465661       -2.793305        3.991268
   34       H            :        0.965451       -4.052691        2.134197
   35       H            :        4.118115       -5.187575        1.679830
   36       C            :        2.954386       -2.660525       -3.197166
   37       H            :        4.052610       -4.427121       -3.306674
   38       H            :        3.470307       -1.425452       -4.787136
   39       H            :        0.929836       -3.092161       -3.382329
   40       C            :        6.968602       -0.884138       -0.125252
   41       H            :        7.706614        0.359010       -1.618126
   42       H            :        7.795607       -2.780531       -0.366123
   43       H            :        7.575792       -0.104918        1.706525
---------------------------------------------------------------------------
 Center of mass          :        1.600924        2.020316       -0.116821
===========================================================================


                                                                           
                                                                           
***************************************************************************
***                                                                     ***
***                           XC Functional                             ***
***                                                                     ***
***************************************************************************

Using Libxc (version 7.0.0) to evaluate density functionals. Libxc is free
software. It is distributed under the Mozilla Public License, version 2.0.
For more information, please check the Libxc manual. You should cite

S. Lehtola, C. Steigemann, M. J.T. Oliveira, and M. A.L. Marques., 
SoftwareX 7, 1–5 (2018) DOI: 10.1016/j.softx.2017.11.002

when reporting the results of your calculation in a scientific article.

Libxc functionals used in this calculation:
  - gga_x_b88 (ID 106): Becke 88
     * A. D. Becke.,  Phys. Rev. A 38, 3098 (1988),
       DOI:10.1103/PhysRevA.38.3098
  - gga_c_p86_ft (ID 217): Perdew 86 with more accurate value for ftilde
     * J. P. Perdew.,  Phys. Rev. B 33, 8822 (1986),
       DOI:10.1103/PhysRevB.33.8822
                                                                           
***************************************************************************
***                                                                     ***
***                Computing Initial Guess Wavefunction                 ***
***                                                                     ***
***************************************************************************
                                                                           
                                                                           
~~~~~~~~~~~~~~~~~~~~~~~~~~~~~~~~~~~~~~~~~~~~~~~~~~~~~~~~~~~~~~~~~~~~~~~~~~~
 Calculation             : Compute initial orbitals
 Method                  : Project GTO molecular orbitals
 Precision               : 1.00000e-06
 Screening               : 1.20000e+01 StdDev
 Restricted              : True
 MO file                 : ../initial_guess/opt1_x2csvp_pme3/1b_pme3/mrchem.mop
~~~~~~~~~~~~~~~~~~~~~~~~~~~~~~~~~~~~~~~~~~~~~~~~~~~~~~~~~~~~~~~~~~~~~~~~~~~


===========================================================================
                            Molecular Orbitals
---------------------------------------------------------------------------
 Alpha electrons         :                                          87.000
 Beta electrons          :                                          87.000
 Total electrons         :                                         174.000
---------------------------------------------------------------------------
    n     Occ Spin       :                                            Norm
---------------------------------------------------------------------------
    0    2.00    p       :                              9.999999148474e-01
    1    2.00    p       :                              9.999996846248e-01
    2    2.00    p       :                              9.999996722467e-01
    3    2.00    p       :                              9.999996756376e-01
    4    2.00    p       :                              1.000000198385e+00
    5    2.00    p       :                              9.999999211246e-01
    6    2.00    p       :                              9.999999281515e-01
    7    2.00    p       :                              9.999999354527e-01
    8    2.00    p       :                              1.000000233578e+00
    9    2.00    p       :                              1.000000546800e+00
   10    2.00    p       :                              1.000000525988e+00
   11    2.00    p       :                              1.000000545688e+00
   12    2.00    p       :                              9.999999344418e-01
   13    2.00    p       :                              9.999999356857e-01
   14    2.00    p       :                              9.999999346010e-01
   15    2.00    p       :                              9.999999271432e-01
   16    2.00    p       :                              9.999999357436e-01
   17    2.00    p       :                              9.999999333693e-01
   18    2.00    p       :                              9.999999310428e-01
   19    2.00    p       :                              9.999999327204e-01
   20    2.00    p       :                              9.999999221494e-01
   21    2.00    p       :                              9.999975031357e-01
   22    2.00    p       :                              9.999985806667e-01
   23    2.00    p       :                              9.999971285170e-01
   24    2.00    p       :                              9.999990092280e-01
   25    2.00    p       :                              9.999974750559e-01
   26    2.00    p       :                              1.000000144295e+00
   27    2.00    p       :                              1.000000158172e+00
   28    2.00    p       :                              1.000000152941e+00
   29    2.00    p       :                              1.000000490951e+00
   30    2.00    p       :                              9.999994033383e-01
   31    2.00    p       :                              1.000000178000e+00
   32    2.00    p       :                              1.000000148768e+00
   33    2.00    p       :                              9.999998223714e-01
   34    2.00    p       :                              9.999996400130e-01
   35    2.00    p       :                              9.999995878091e-01
   36    2.00    p       :                              9.999996147560e-01
   37    2.00    p       :                              9.999995424229e-01
   38    2.00    p       :                              9.999995507490e-01
   39    2.00    p       :                              9.999995762248e-01
   40    2.00    p       :                              9.999994957313e-01
   41    2.00    p       :                              9.999995201761e-01
   42    2.00    p       :                              9.999995509783e-01
   43    2.00    p       :                              9.999992360120e-01
   44    2.00    p       :                              1.000000162112e+00
   45    2.00    p       :                              9.999999218142e-01
   46    2.00    p       :                              1.000000000948e+00
   47    2.00    p       :                              9.999999047834e-01
   48    2.00    p       :                              1.000000378681e+00
   49    2.00    p       :                              9.999992554598e-01
   50    2.00    p       :                              9.999990260022e-01
   51    2.00    p       :                              9.999997260482e-01
   52    2.00    p       :                              9.999996965162e-01
   53    2.00    p       :                              9.999995894969e-01
   54    2.00    p       :                              1.000000154391e+00
   55    2.00    p       :                              9.999997797555e-01
   56    2.00    p       :                              9.999997535009e-01
   57    2.00    p       :                              9.999996419287e-01
   58    2.00    p       :                              1.000000167723e+00
   59    2.00    p       :                              9.999997855213e-01
   60    2.00    p       :                              9.999996821030e-01
   61    2.00    p       :                              9.999997421053e-01
   62    2.00    p       :                              1.000000390413e+00
   63    2.00    p       :                              9.999993594872e-01
   64    2.00    p       :                              9.999997970222e-01
   65    2.00    p       :                              9.999996776490e-01
   66    2.00    p       :                              1.000000202400e+00
   67    2.00    p       :                              9.999996713849e-01
   68    2.00    p       :                              9.999996005636e-01
   69    2.00    p       :                              9.999997297568e-01
   70    2.00    p       :                              1.000000122857e+00
   71    2.00    p       :                              9.999996887227e-01
   72    2.00    p       :                              9.999997253785e-01
   73    2.00    p       :                              9.999997256699e-01
   74    2.00    p       :                              1.000000256311e+00
   75    2.00    p       :                              9.999995744078e-01
   76    2.00    p       :                              9.999997463522e-01
   77    2.00    p       :                              9.999995443479e-01
   78    2.00    p       :                              1.000000289150e+00
   79    2.00    p       :                              9.999996588600e-01
   80    2.00    p       :                              9.999995724617e-01
   81    2.00    p       :                              9.999996759758e-01
   82    2.00    p       :                              1.000000685772e+00
   83    2.00    p       :                              9.999997752136e-01
   84    2.00    p       :                              9.999996699841e-01
   85    2.00    p       :                              9.999997309484e-01
   86    2.00    p       :                              9.999993863363e-01
===========================================================================


~~~~~~~~~~~~~~~~~~~~~~~~~~~~~~~~~~~~~~~~~~~~~~~~~~~~~~~~~~~~~~~~~~~~~~~~~~~
 Calculation             : Compute initial energy
 Method                  : DFT
 XC Library              : LibXC
 Relativity              : None
 Environment             : None
 External fields         : None
 Precision               : 1.00000e-06
 Density cutoff          : 0.00000e+00
 Localization            : On
~~~~~~~~~~~~~~~~~~~~~~~~~~~~~~~~~~~~~~~~~~~~~~~~~~~~~~~~~~~~~~~~~~~~~~~~~~~


===========================================================================
                        Molecular Energy (initial)
---------------------------------------------------------------------------
 Kinetic energy          :            (au)               6400.638000871388
 E-N energy              :            (au)             -18804.242450516886
 Coulomb energy          :            (au)               4688.239982358162
 Exchange energy         :            (au)                  0.000000000000
 X-C energy              :            (au)               -265.408870536013
 N-N energy              :            (au)               2212.362706762509
 Non-local pp energy     :            (au)                  0.000000000000
---------------------------------------------------------------------------
 Electronic energy       :            (au)              -7980.773337823350
 Nuclear energy          :            (au)               2212.362706762509
---------------------------------------------------------------------------
 Total energy            :            (au)             -5.768410631061e+03
                         :      (kcal/mol)             -3.619732321277e+06
                         :        (kJ/mol)             -1.514496003222e+07
                         :            (eV)             -1.569664497073e+05
===========================================================================


===========================================================================
                        Orbital Energies (initial)
---------------------------------------------------------------------------
    n     Occ Spin       :                                         Epsilon
---------------------------------------------------------------------------
    0    2.00    p       :            (au)               -757.261488243736
    1    2.00    p       :            (au)               -105.134476845156
    2    2.00    p       :            (au)               -101.343790113666
    3    2.00    p       :            (au)               -101.342204194390
    4    2.00    p       :            (au)               -101.342065867613
    5    2.00    p       :            (au)                -76.243011295933
    6    2.00    p       :            (au)                -76.242800528214
    7    2.00    p       :            (au)                -76.236218748932
    8    2.00    p       :            (au)                -18.126733232419
    9    2.00    p       :            (au)                -15.980792696421
   10    2.00    p       :            (au)                -15.979077782271
   11    2.00    p       :            (au)                -15.976896786985
   12    2.00    p       :            (au)                -10.115404930471
   13    2.00    p       :            (au)                -10.113870457926
   14    2.00    p       :            (au)                -10.112839188299
   15    2.00    p       :            (au)                -10.112415422434
   16    2.00    p       :            (au)                -10.111039303568
   17    2.00    p       :            (au)                 -9.903210035344
   18    2.00    p       :            (au)                 -9.903135918057
   19    2.00    p       :            (au)                 -9.903098577186
   20    2.00    p       :            (au)                 -9.903040593392
   21    2.00    p       :            (au)                 -9.902850637069
   22    2.00    p       :            (au)                 -9.902691127204
   23    2.00    p       :            (au)                 -9.899876932500
   24    2.00    p       :            (au)                 -9.895653506876
   25    2.00    p       :            (au)                 -9.895468333247
   26    2.00    p       :            (au)                 -6.303496352963
   27    2.00    p       :            (au)                 -6.303303410037
   28    2.00    p       :            (au)                 -6.297160701154
   29    2.00    p       :            (au)                 -4.533990083226
   30    2.00    p       :            (au)                 -4.533792890993
   31    2.00    p       :            (au)                 -4.533650974069
   32    2.00    p       :            (au)                 -4.533455546243
   33    2.00    p       :            (au)                 -4.529924518290
   34    2.00    p       :            (au)                 -4.529734301926
   35    2.00    p       :            (au)                 -4.527680926082
   36    2.00    p       :            (au)                 -4.527530206993
   37    2.00    p       :            (au)                 -4.523240273685
   38    2.00    p       :            (au)                 -2.325166121496
   39    2.00    p       :            (au)                 -1.608180178198
   40    2.00    p       :            (au)                 -1.604121506628
   41    2.00    p       :            (au)                 -1.596428901214
   42    2.00    p       :            (au)                 -0.691009042407
   43    2.00    p       :            (au)                 -0.687491705750
   44    2.00    p       :            (au)                 -0.684608071166
   45    2.00    p       :            (au)                 -0.616172936692
   46    2.00    p       :            (au)                 -0.615663397280
   47    2.00    p       :            (au)                 -0.614353987185
   48    2.00    p       :            (au)                 -0.611987406908
   49    2.00    p       :            (au)                 -0.609640237559
   50    2.00    p       :            (au)                 -0.608321727326
   51    2.00    p       :            (au)                 -0.484493659308
   52    2.00    p       :            (au)                 -0.476522277466
   53    2.00    p       :            (au)                 -0.475105901698
   54    2.00    p       :            (au)                 -0.407946432072
   55    2.00    p       :            (au)                 -0.398111277476
   56    2.00    p       :            (au)                 -0.394471537622
   57    2.00    p       :            (au)                 -0.386614723651
   58    2.00    p       :            (au)                 -0.383257463946
   59    2.00    p       :            (au)                 -0.382860498908
   60    2.00    p       :            (au)                 -0.376985798760
   61    2.00    p       :            (au)                 -0.376285244945
   62    2.00    p       :            (au)                 -0.372173282135
   63    2.00    p       :            (au)                 -0.370460590231
   64    2.00    p       :            (au)                 -0.355736170647
   65    2.00    p       :            (au)                 -0.353785069039
   66    2.00    p       :            (au)                 -0.351428121213
   67    2.00    p       :            (au)                 -0.350327927454
   68    2.00    p       :            (au)                 -0.348670791750
   69    2.00    p       :            (au)                 -0.347304485618
   70    2.00    p       :            (au)                 -0.338372828404
   71    2.00    p       :            (au)                 -0.335142618522
   72    2.00    p       :            (au)                 -0.333808963175
   73    2.00    p       :            (au)                 -0.298365281944
   74    2.00    p       :            (au)                 -0.293027952518
   75    2.00    p       :            (au)                 -0.292108332398
   76    2.00    p       :            (au)                 -0.290285531072
   77    2.00    p       :            (au)                 -0.287434708004
   78    2.00    p       :            (au)                 -0.283001405511
   79    2.00    p       :            (au)                 -0.282473826921
   80    2.00    p       :            (au)                 -0.274594196556
   81    2.00    p       :            (au)                 -0.226370464799
   82    2.00    p       :            (au)                 -0.222740488851
   83    2.00    p       :            (au)                 -0.192553502989
   84    2.00    p       :            (au)                 -0.184025624979
   85    2.00    p       :            (au)                 -0.172829867239
   86    2.00    p       :            (au)                 -0.169506345598
---------------------------------------------------------------------------
 Sum occupied            :            (au)              -3370.606879796405
===========================================================================


                                                                           
***************************************************************************
***                                                                     ***
***                 Computing Ground State Wavefunction                 ***
***                                                                     ***
***************************************************************************
                                                                           
                                                                           
~~~~~~~~~~~~~~~~~~~~~~~~~~~~~~~~~~~~~~~~~~~~~~~~~~~~~~~~~~~~~~~~~~~~~~~~~~~
 Calculation             : Optimize ground state orbitals
 Method                  : DFT
 XC library              : LibXC
 Relativity              : None
 Environment             : None
 External fields         : None
 Checkpointing           : Off
 Max iterations          : 100
 KAIN solver             : 4
 Localization            : First two iterations
 Diagonalization         : Off
 Start precision         : 1.00000e-06
 Final precision         : 1.00000e-06
 Helmholtz precision     : Dynamic
 Energy threshold        : 1.00000e-04
 Orbital threshold       : 1.00000e-03
~~~~~~~~~~~~~~~~~~~~~~~~~~~~~~~~~~~~~~~~~~~~~~~~~~~~~~~~~~~~~~~~~~~~~~~~~~~


===========================================================================
 Iter           MO residual             Total energy                Update
---------------------------------------------------------------------------
    0          9.327379e+00       -5768.410631060840         -5.768411e+03
    1          1.680300e-01       -5825.699949093689         -5.728932e+01
    2          6.673485e-02       -5829.561665730536         -3.861717e+00
    3          4.233346e-02       -5830.200393306632         -6.387276e-01
    4          2.685799e-02       -5830.332022121653         -1.316288e-01
    5          1.639893e-01       -5830.336675742936         -4.653621e-03
    6          6.524947e-02       -5830.386909750263         -5.023401e-02
    7          4.452567e-02       -5830.412500569983         -2.559082e-02
    8          2.018244e-02       -5830.415993268067         -3.492698e-03
    9          2.039752e-02       -5830.416957056039         -9.637880e-04
   10          8.424645e-03       -5830.418072707138         -1.115651e-03
   11          8.681591e-03       -5830.418554708631         -4.820015e-04
   12          7.088922e-03       -5830.418819679569         -2.649709e-04
   13          4.578521e-03       -5830.418911060664         -9.138109e-05
   14          3.269537e-03       -5830.418943393242         -3.233258e-05
   15          3.335540e-03       -5830.418958169534         -1.477629e-05
   16          2.751592e-03       -5830.418863037561          9.513197e-05
   17          1.601165e-03       -5830.418959219673         -9.618211e-05
---------------------------------------------------------------------------
                      SCF converged in 17 iterations!
===========================================================================


                                                                           
***************************************************************************
***                                                                     ***
***                    Printing Molecular Properties                    ***
***                                                                     ***
***************************************************************************
                                                                           
                                                                           
===========================================================================
                                 Molecule
---------------------------------------------------------------------------
 Charge                  :                                               0
 Multiplicity            :                                               1
---------------------------------------------------------------------------
    N    Atom            :               x               y               z
---------------------------------------------------------------------------
    0      Ru            :        1.358973        2.828861        0.396572
    1       P            :        3.948646        5.328832       -1.988763
    2       P            :       -2.439837        1.131260        1.558376
    3       P            :        3.478494       -0.939897       -0.218778
    4       C            :       -2.902895       -0.027964        4.806991
    5       H            :        3.311132        3.654413        2.869800
    6       H            :        1.957249        2.918578        3.595026
    7       H            :       -0.147745        5.496252        0.815657
    8       H            :       -0.026498        2.621255       -2.344073
    9       H            :       -1.523937       -1.528347        5.219958
   10       H            :       -4.827812       -0.761137        5.116555
   11       H            :       -2.551518        1.542856        6.124973
   12       C            :        6.955723        6.471647       -0.662333
   13       H            :        8.148612        4.852067       -0.135181
   14       H            :        7.997701        7.685433       -1.996323
   15       H            :        6.545398        7.552929        1.066914
   16       C            :        2.514753        8.315848       -3.007677
   17       H            :        2.036204        9.432616       -1.322481
   18       H            :        0.741874        7.883146       -4.001139
   19       H            :        3.779905        9.409177       -4.249894
   20       C            :       -5.128685        3.298435        1.258399
   21       H            :       -6.936984        2.373573        1.721344
   22       H            :       -5.175167        4.015681       -0.691235
   23       H            :       -4.818616        4.920426        2.518955
   24       C            :       -3.630156       -1.573371       -0.279495
   25       H            :       -2.354849       -3.202872       -0.090360
   26       H            :       -3.687338       -1.029780       -2.285328
   27       H            :       -5.536171       -2.141156        0.338022
   28       C            :        5.014270        4.089763       -5.061720
   29       H            :        6.193030        2.399054       -4.799979
   30       H            :        6.108536        5.508539       -6.122477
   31       H            :        3.339648        3.543030       -6.165331
   32       C            :        2.968662       -3.501781        2.098706
   33       H            :        3.465661       -2.793305        3.991268
   34       H            :        0.965451       -4.052691        2.134197
   35       H            :        4.118115       -5.187575        1.679830
   36       C            :        2.954386       -2.660525       -3.197166
   37       H            :        4.052610       -4.427121       -3.306674
   38       H            :        3.470307       -1.425452       -4.787136
   39       H            :        0.929836       -3.092161       -3.382329
   40       C            :        6.968602       -0.884138       -0.125252
   41       H            :        7.706614        0.359010       -1.618126
   42       H            :        7.795607       -2.780531       -0.366123
   43       H            :        7.575792       -0.104918        1.706525
---------------------------------------------------------------------------
 Center of mass          :        1.600924        2.020316       -0.116821
===========================================================================


===========================================================================
                         Molecular Energy (final)
---------------------------------------------------------------------------
 Kinetic energy          :            (au)               5824.760984317160
 E-N energy              :            (au)             -18279.734454506543
 Coulomb energy          :            (au)               4674.413414798130
 Exchange energy         :            (au)                  0.000000000000
 X-C energy              :            (au)               -262.221610590929
 N-N energy              :            (au)               2212.362706762509
 Non-local pp energy     :            (au)                  0.000000000000
---------------------------------------------------------------------------
 Electronic energy       :            (au)              -8042.781665982182
 Nuclear energy          :            (au)               2212.362706762509
---------------------------------------------------------------------------
 Total energy            :            (au)             -5.830418959220e+03
                         :      (kcal/mol)             -3.658643134667e+06
                         :        (kJ/mol)             -1.530776287545e+07
                         :            (eV)             -1.586537822753e+05
===========================================================================


===========================================================================
                         Orbital Energies (final)
---------------------------------------------------------------------------
    n     Occ Spin       :                                         Epsilon
---------------------------------------------------------------------------
    0    2.00    p       :            (au)               -784.020659634419
    1    2.00    p       :            (au)               -110.615480036678
    2    2.00    p       :            (au)               -102.338053672608
    3    2.00    p       :            (au)               -102.337325855847
    4    2.00    p       :            (au)               -102.336348332476
    5    2.00    p       :            (au)                -76.344161597708
    6    2.00    p       :            (au)                -76.344010525193
    7    2.00    p       :            (au)                -76.337558480175
    8    2.00    p       :            (au)                -19.353050553630
    9    2.00    p       :            (au)                -16.107588121865
   10    2.00    p       :            (au)                -16.106160337435
   11    2.00    p       :            (au)                -16.104425226194
   12    2.00    p       :            (au)                -10.135897124315
   13    2.00    p       :            (au)                -10.133795802608
   14    2.00    p       :            (au)                -10.133715877215
   15    2.00    p       :            (au)                -10.132391524096
   16    2.00    p       :            (au)                -10.130982367762
   17    2.00    p       :            (au)                 -9.892037350283
   18    2.00    p       :            (au)                 -9.891844648435
   19    2.00    p       :            (au)                 -9.891834889530
   20    2.00    p       :            (au)                 -9.891789248454
   21    2.00    p       :            (au)                 -9.891461234971
   22    2.00    p       :            (au)                 -9.891339396255
   23    2.00    p       :            (au)                 -9.888964275861
   24    2.00    p       :            (au)                 -9.884927049497
   25    2.00    p       :            (au)                 -9.884679429400
   26    2.00    p       :            (au)                 -6.309034488339
   27    2.00    p       :            (au)                 -6.308868841974
   28    2.00    p       :            (au)                 -6.302697357214
   29    2.00    p       :            (au)                 -4.525545803678
   30    2.00    p       :            (au)                 -4.525381162177
   31    2.00    p       :            (au)                 -4.525229379465
   32    2.00    p       :            (au)                 -4.525058186421
   33    2.00    p       :            (au)                 -4.521634329321
   34    2.00    p       :            (au)                 -4.521477883431
   35    2.00    p       :            (au)                 -4.519219545024
   36    2.00    p       :            (au)                 -4.519094244664
   37    2.00    p       :            (au)                 -4.514963640401
   38    2.00    p       :            (au)                 -2.572047064988
   39    2.00    p       :            (au)                 -1.613726773363
   40    2.00    p       :            (au)                 -1.611617857812
   41    2.00    p       :            (au)                 -1.604185794360
   42    2.00    p       :            (au)                 -0.696871287204
   43    2.00    p       :            (au)                 -0.693226469994
   44    2.00    p       :            (au)                 -0.690398700372
   45    2.00    p       :            (au)                 -0.625342633663
   46    2.00    p       :            (au)                 -0.624715413252
   47    2.00    p       :            (au)                 -0.623522930861
   48    2.00    p       :            (au)                 -0.621337116564
   49    2.00    p       :            (au)                 -0.619061207034
   50    2.00    p       :            (au)                 -0.617778475718
   51    2.00    p       :            (au)                 -0.490392560404
   52    2.00    p       :            (au)                 -0.480533808216
   53    2.00    p       :            (au)                 -0.479396802767
   54    2.00    p       :            (au)                 -0.414220504103
   55    2.00    p       :            (au)                 -0.401550248231
   56    2.00    p       :            (au)                 -0.397963190494
   57    2.00    p       :            (au)                 -0.389941160467
   58    2.00    p       :            (au)                 -0.386727331231
   59    2.00    p       :            (au)                 -0.386423783008
   60    2.00    p       :            (au)                 -0.380484236897
   61    2.00    p       :            (au)                 -0.379755093152
   62    2.00    p       :            (au)                 -0.375783716255
   63    2.00    p       :            (au)                 -0.373853773687
   64    2.00    p       :            (au)                 -0.359655897766
   65    2.00    p       :            (au)                 -0.357513763831
   66    2.00    p       :            (au)                 -0.355393967454
   67    2.00    p       :            (au)                 -0.354177400512
   68    2.00    p       :            (au)                 -0.352476119804
   69    2.00    p       :            (au)                 -0.350820328291
   70    2.00    p       :            (au)                 -0.342376870956
   71    2.00    p       :            (au)                 -0.339337477706
   72    2.00    p       :            (au)                 -0.337935636766
   73    2.00    p       :            (au)                 -0.300341690814
   74    2.00    p       :            (au)                 -0.295641788248
   75    2.00    p       :            (au)                 -0.294319407642
   76    2.00    p       :            (au)                 -0.292495194597
   77    2.00    p       :            (au)                 -0.290041956843
   78    2.00    p       :            (au)                 -0.285594712782
   79    2.00    p       :            (au)                 -0.283552860654
   80    2.00    p       :            (au)                 -0.278353386814
   81    2.00    p       :            (au)                 -0.229817665651
   82    2.00    p       :            (au)                 -0.225471610023
   83    2.00    p       :            (au)                 -0.190362066365
   84    2.00    p       :            (au)                 -0.188580513282
   85    2.00    p       :            (au)                 -0.169796087068
   86    2.00    p       :            (au)                 -0.164350473880
---------------------------------------------------------------------------
 Sum occupied            :            (au)              -3445.655904533735
===========================================================================


===========================================================================
                             Orbital Positions
---------------------------------------------------------------------------
  Index       Occ        :               x               y               z
---------------------------------------------------------------------------
      0      2.00        :        1.358973        2.828861        0.396572
      1      2.00        :        1.388830        2.870650        0.438064
      2      2.00        :        1.403354        2.803569        0.354791
      3      2.00        :        1.312701        2.861072        0.362566
      4      2.00        :        1.330900        2.780164        0.430905
      5      2.00        :       -2.439856        1.131253        1.558380
      6      2.00        :        3.948657        5.328843       -1.988775
      7      2.00        :        3.478506       -0.939918       -0.218781
      8      2.00        :        1.241246        2.807416        0.163227
      9      2.00        :        1.121155        2.797486        0.420949
     10      2.00        :        1.542200        2.978495        0.512462
     11      2.00        :        1.545109        2.735292        0.236033
     12      2.00        :       -3.630122       -1.573331       -0.279450
     13      2.00        :        2.968655       -3.501735        2.098674
     14      2.00        :        6.968548       -0.884123       -0.125259
     15      2.00        :        5.014263        4.089776       -5.061654
     16      2.00        :       -2.902881       -0.027945        4.806926
     17      2.00        :        6.955665        6.471619       -0.662359
     18      2.00        :        2.954396       -2.660492       -3.197109
     19      2.00        :       -5.128636        3.298364        1.258412
     20      2.00        :        2.514807        8.315782       -3.007667
     21      2.00        :        1.295665        2.817097        0.652107
     22      2.00        :        1.432342        3.000805        0.244788
     23      2.00        :        1.298151        2.574171        0.375435
     24      2.00        :        1.519320        2.689184        0.519262
     25      2.00        :        1.237993        3.057048        0.446004
     26      2.00        :       -2.584207        1.148137        1.358223
     27      2.00        :        3.830601        5.361264       -2.203708
     28      2.00        :        3.619103       -0.987072       -0.020631
     29      2.00        :        1.409452        3.315304       -0.065467
     30      2.00        :        1.199615        2.097195        0.228416
     31      2.00        :        0.693297        2.850386        0.353748
     32      2.00        :        1.859525        2.350420        0.761194
     33      2.00        :        1.847567        2.512073       -0.100535
     34      2.00        :        3.817252        5.178820       -1.844862
     35      2.00        :        4.170917        5.228933       -2.031200
     36      2.00        :        3.976716        5.547377       -1.876431
     37      2.00        :       -2.536929        1.266122        1.741557
     38      2.00        :       -2.424814        0.894765        1.629303
     39      2.00        :       -2.215081        1.215382        1.504706
     40      2.00        :        3.622289       -0.922673       -0.419478
     41      2.00        :        3.315641       -1.123676       -0.249730
     42      2.00        :        3.358233       -0.728409       -0.185601
     43      2.00        :        1.203336        2.911253        1.164722
     44      2.00        :        3.117086        4.351310       -1.045385
     45      2.00        :        1.801243        3.318123        0.810976
     46      2.00        :       -0.978497        1.663810        1.228260
     47      2.00        :        2.762385        0.322108       -0.017517
     48      2.00        :       -2.712169        0.445831        3.444457
     49      2.00        :        0.236106        4.820609        0.711354
     50      2.00        :        0.326065        2.674316       -1.647552
     51      2.00        :       -1.995036       -1.012848        5.047960
     52      2.00        :       -4.176770       -0.504244        4.976173
     53      2.00        :       -2.673216        1.012497        5.644904
     54      2.00        :        5.704309        5.989206       -1.226199
     55      2.00        :        7.719279        5.393819       -0.333940
     56      2.00        :        7.615737        7.264376       -1.564522
     57      2.00        :        6.662457        7.175333        0.458203
     58      2.00        :        3.135087        7.060293       -2.586881
     59      2.00        :        2.228410        9.029588       -1.899425
     60      2.00        :        1.376681        8.011986       -3.663864
     61      2.00        :        3.377198        9.013877       -3.828016
     62      2.00        :       -4.005869        2.370588        1.390729
     63      2.00        :       -6.308670        2.655187        1.571072
     64      2.00        :       -5.150624        3.738053       -0.016094
     65      2.00        :       -4.913301        4.333112        2.096637
     66      2.00        :       -3.126496       -0.455187        0.498698
     67      2.00        :       -2.771350       -2.629981       -0.132939
     68      2.00        :       -3.664615       -1.200055       -1.578220
     69      2.00        :       -4.882114       -1.924580        0.151303
     70      2.00        :        4.583459        4.600746       -3.772230
     71      2.00        :        5.789118        2.979411       -4.856012
     72      2.00        :        5.732404        5.043298       -5.733255
     73      2.00        :        3.913287        3.744301       -5.765924
     74      2.00        :        3.175672       -2.446842        1.123514
     75      2.00        :        3.302337       -3.017951        3.325921
     76      2.00        :        1.641436       -3.844626        2.098838
     77      2.00        :        3.736074       -4.597861        1.797270
     78      2.00        :        3.186270       -1.957490       -1.946347
     79      2.00        :        3.691945       -3.820879       -3.239857
     80      2.00        :        3.309425       -1.837911       -4.216889
     81      2.00        :        1.628995       -2.940164       -3.287556
     82      2.00        :        5.518182       -0.913411       -0.177672
     83      2.00        :        7.425996       -0.059239       -1.120032
     84      2.00        :        7.484679       -2.144540       -0.287682
     85      2.00        :        7.342055       -0.375086        1.080356
     86      2.00        :        2.558438        3.238258        3.027583
===========================================================================


===========================================================================
                           Dipole Moment (dip-1)
---------------------------------------------------------------------------
 r_O                     :        0.000000        0.000000        0.000000
---------------------------------------------------------------------------
 Electronic vector       :     -281.231082     -342.664296       25.962147
 Magnitude               :            (au)                      444.053796
                         :         (Debye)                     1128.672171
---------------------------------------------------------------------------
 Nuclear vector          :      281.544945      342.081289      -26.070741
 Magnitude               :            (au)                      443.809473
                         :         (Debye)                     1128.051163
---------------------------------------------------------------------------
 Total vector            :        0.313863       -0.583007       -0.108593
 Magnitude               :            (au)                        0.670969
                         :         (Debye)                        1.705433
===========================================================================


                                                                           
                                                                           
***************************************************************************
***                                                                     ***
***                            Exiting MRChem                           ***
***                                                                     ***
***                       Wall time :  0h 17m 36s                       ***
***                                                                     ***
***************************************************************************
                                                                           
                                                                           
