                                                                           
                                                                           
***************************************************************************
***                                                                     ***
***                                                                     ***
***          __  __ ____   ____ _                                       ***
***         |  \/  |  _ \ / ___| |__   ___ _ __ ___                     ***
***         | |\/| | |_) | |   | '_ \ / _ \ '_ ` _ \                    ***
***         | |  | |  _ <| |___| | | |  __/ | | | | |                   ***
***         |_|  |_|_| \_\\____|_| |_|\___|_| |_| |_|                   ***
***                                                                     ***
***         VERSION            1.2.0-alpha                              ***
***                                                                     ***
***         Git branch         master                                   ***
***         Git commit hash    d6a1a67ced60ba46a7d9-dirty               ***
***         Git commit author  Niklas Göllmann                         ***
***         Git commit date    Wed Jun 24 12:36:55 2026 +0200           ***
***                                                                     ***
***         Contact: luca.frediani@uit.no                               ***
***                                                                     ***
***         Radovan Bast            Magnar Bjorgve                      ***
***         Roberto Di Remigio      Antoine Durdek                      ***
***         Luca Frediani           Gabriel Gerez                       ***
***         Stig Rune Jensen        Jonas Juselius                      ***
***         Rune Monstad            Peter Wind                          ***
***                                                                     ***
***************************************************************************

---------------------------------------------------------------------------

 MPI processes           :       (16 bank)                              48
 OpenMP threads          :                                              31
 Total cores             :                                            1008
                                                                           
---------------------------------------------------------------------------


---------------------------------------------------------------------------

 MRCPP version         : 1.6.0-alpha
 Git branch            : HEAD
 Git commit hash       : 77187f0e2a0707410329
 Git commit author     : Valentyn113
 Git commit date       : Tue Jun 9 15:08:36 2026 +0200

 Linear algebra        : EIGEN v3.4.0
 Parallelization       : MPI/OpenMP (31 threads)

---------------------------------------------------------------------------


                                                                           
===========================================================================
                         MultiResolution Analysis
---------------------------------------------------------------------------
 polynomial order      : 7
 polynomial type       : Interpolating
---------------------------------------------------------------------------
 total boxes           : 8
 boxes                 : [          2           2           2 ]
 unit lengths          : [   64.00000    64.00000    64.00000 ]
 scaling factor        : [    1.00000     1.00000     1.00000 ]
 lower bounds          : [  -64.00000   -64.00000   -64.00000 ]
 upper bounds          : [   64.00000    64.00000    64.00000 ]
 total length          : [  128.00000   128.00000   128.00000 ]
===========================================================================


                                                                           
***************************************************************************
***                                                                     ***
***                        Initializing Molecule                        ***
***                                                                     ***
***************************************************************************
                                                                           
                                                                           
===========================================================================
                                 Molecule
---------------------------------------------------------------------------
 Charge                  :                                               0
 Multiplicity            :                                               1
---------------------------------------------------------------------------
    N    Atom            :               x               y               z
---------------------------------------------------------------------------
    0       P            :        1.493126       -8.203647        0.322023
    1       C            :       -1.395510       -7.095869        1.956048
    2       H            :       -1.593244       -5.038243        1.709150
    3       H            :       -1.369053       -7.526788        3.995716
    4       H            :       -3.069446       -7.993392        1.103853
    5       C            :        1.563449      -11.503606        1.482594
    6       H            :        1.379450      -11.620531        3.556033
    7       H            :        3.352493      -12.405761        0.917502
    8       H            :        0.012974      -12.585286        0.610913
    9       C            :        3.904305       -6.812879        2.441839
   10       H            :        5.789929       -7.521929        1.916911
   11       H            :        3.553441       -7.262586        4.447157
   12       H            :        3.926611       -4.743756        2.213726
---------------------------------------------------------------------------
 Center of mass          :        1.409572       -8.368136        1.330714
===========================================================================


                                                                           
                                                                           
***************************************************************************
***                                                                     ***
***                           XC Functional                             ***
***                                                                     ***
***************************************************************************

Using Libxc (version 7.0.0) to evaluate density functionals. Libxc is free
software. It is distributed under the Mozilla Public License, version 2.0.
For more information, please check the Libxc manual. You should cite

S. Lehtola, C. Steigemann, M. J.T. Oliveira, and M. A.L. Marques., 
SoftwareX 7, 1–5 (2018) DOI: 10.1016/j.softx.2017.11.002

when reporting the results of your calculation in a scientific article.

Libxc functionals used in this calculation:
  - gga_x_b88 (ID 106): Becke 88
     * A. D. Becke.,  Phys. Rev. A 38, 3098 (1988),
       DOI:10.1103/PhysRevA.38.3098
  - gga_c_p86_ft (ID 217): Perdew 86 with more accurate value for ftilde
     * J. P. Perdew.,  Phys. Rev. B 33, 8822 (1986),
       DOI:10.1103/PhysRevB.33.8822
                                                                           
***************************************************************************
***                                                                     ***
***                Computing Initial Guess Wavefunction                 ***
***                                                                     ***
***************************************************************************
                                                                           
                                                                           
~~~~~~~~~~~~~~~~~~~~~~~~~~~~~~~~~~~~~~~~~~~~~~~~~~~~~~~~~~~~~~~~~~~~~~~~~~~
 Calculation             : Compute initial orbitals
 Method                  : Project GTO molecular orbitals
 Precision               : 1.00000e-06
 Screening               : 1.20000e+01 StdDev
 Restricted              : True
 MO file                 : ../initial_guess/opt1_x2csvp_pme3/TPhP_pme3/mrchem.mop
~~~~~~~~~~~~~~~~~~~~~~~~~~~~~~~~~~~~~~~~~~~~~~~~~~~~~~~~~~~~~~~~~~~~~~~~~~~


===========================================================================
                            Molecular Orbitals
---------------------------------------------------------------------------
 Alpha electrons         :                                          21.000
 Beta electrons          :                                          21.000
 Total electrons         :                                          42.000
---------------------------------------------------------------------------
    n     Occ Spin       :                                            Norm
---------------------------------------------------------------------------
    0    2.00    p       :                              9.999999300098e-01
    1    2.00    p       :                              9.999999334350e-01
    2    2.00    p       :                              9.999999402797e-01
    3    2.00    p       :                              9.999999240373e-01
    4    2.00    p       :                              1.000000159406e+00
    5    2.00    p       :                              9.999996368438e-01
    6    2.00    p       :                              9.999995665244e-01
    7    2.00    p       :                              9.999995911479e-01
    8    2.00    p       :                              1.000000088697e+00
    9    2.00    p       :                              1.000000107199e+00
   10    2.00    p       :                              9.999996091906e-01
   11    2.00    p       :                              9.999997362140e-01
   12    2.00    p       :                              9.999995433321e-01
   13    2.00    p       :                              1.000000353460e+00
   14    2.00    p       :                              9.999996286619e-01
   15    2.00    p       :                              9.999996644545e-01
   16    2.00    p       :                              9.999996221857e-01
   17    2.00    p       :                              1.000000010972e+00
   18    2.00    p       :                              9.999995564515e-01
   19    2.00    p       :                              9.999996589421e-01
   20    2.00    p       :                              9.999996059243e-01
===========================================================================


~~~~~~~~~~~~~~~~~~~~~~~~~~~~~~~~~~~~~~~~~~~~~~~~~~~~~~~~~~~~~~~~~~~~~~~~~~~
 Calculation             : Compute initial energy
 Method                  : DFT
 XC Library              : LibXC
 Relativity              : None
 Environment             : None
 External fields         : None
 Precision               : 1.00000e-06
 Density cutoff          : 0.00000e+00
 Localization            : On
~~~~~~~~~~~~~~~~~~~~~~~~~~~~~~~~~~~~~~~~~~~~~~~~~~~~~~~~~~~~~~~~~~~~~~~~~~~


===========================================================================
                        Molecular Energy (initial)
---------------------------------------------------------------------------
 Kinetic energy          :            (au)                463.852310176496
 E-N energy              :            (au)              -1446.147565668758
 Coulomb energy          :            (au)                387.700588409616
 Exchange energy         :            (au)                  0.000000000000
 X-C energy              :            (au)                -42.961320194764
 N-N energy              :            (au)                176.705970464798
 Non-local pp energy     :            (au)                  0.000000000000
---------------------------------------------------------------------------
 Electronic energy       :            (au)               -637.555987277410
 Nuclear energy          :            (au)                176.705970464798
---------------------------------------------------------------------------
 Total energy            :            (au)             -4.608500168126e+02
                         :      (kcal/mol)             -2.891877516720e+05
                         :        (kJ/mol)             -1.209961552996e+06
                         :            (eV)             -1.254036780896e+04
===========================================================================


===========================================================================
                        Orbital Energies (initial)
---------------------------------------------------------------------------
    n     Occ Spin       :                                         Epsilon
---------------------------------------------------------------------------
    0    2.00    p       :            (au)                -76.209286147852
    1    2.00    p       :            (au)                 -9.906971455810
    2    2.00    p       :            (au)                 -9.906969713892
    3    2.00    p       :            (au)                 -9.906894403584
    4    2.00    p       :            (au)                 -6.279581539752
    5    2.00    p       :            (au)                 -4.509944852998
    6    2.00    p       :            (au)                 -4.509940302771
    7    2.00    p       :            (au)                 -4.503919944917
    8    2.00    p       :            (au)                 -0.685436547719
    9    2.00    p       :            (au)                 -0.614381956654
   10    2.00    p       :            (au)                 -0.614371648943
   11    2.00    p       :            (au)                 -0.472583530134
   12    2.00    p       :            (au)                 -0.389094901497
   13    2.00    p       :            (au)                 -0.378643459084
   14    2.00    p       :            (au)                 -0.378628025670
   15    2.00    p       :            (au)                 -0.352438501076
   16    2.00    p       :            (au)                 -0.352437259034
   17    2.00    p       :            (au)                 -0.339748652097
   18    2.00    p       :            (au)                 -0.289118070832
   19    2.00    p       :            (au)                 -0.289113655334
   20    2.00    p       :            (au)                 -0.191764363552
---------------------------------------------------------------------------
 Sum occupied            :            (au)               -262.162537866407
===========================================================================


                                                                           
***************************************************************************
***                                                                     ***
***                 Computing Ground State Wavefunction                 ***
***                                                                     ***
***************************************************************************
                                                                           
                                                                           
~~~~~~~~~~~~~~~~~~~~~~~~~~~~~~~~~~~~~~~~~~~~~~~~~~~~~~~~~~~~~~~~~~~~~~~~~~~
 Calculation             : Optimize ground state orbitals
 Method                  : DFT
 XC library              : LibXC
 Relativity              : None
 Environment             : None
 External fields         : None
 Checkpointing           : Off
 Max iterations          : 100
 KAIN solver             : 3
 Localization            : First two iterations
 Diagonalization         : Off
 Start precision         : 1.00000e-06
 Final precision         : 1.00000e-06
 Helmholtz precision     : Dynamic
 Energy threshold        : 1.00000e-04
 Orbital threshold       : 1.00000e-03
~~~~~~~~~~~~~~~~~~~~~~~~~~~~~~~~~~~~~~~~~~~~~~~~~~~~~~~~~~~~~~~~~~~~~~~~~~~


===========================================================================
 Iter           MO residual             Total energy                Update
---------------------------------------------------------------------------
    0          4.582576e+00        -460.850016812612         -4.608500e+02
    1          9.294541e-02        -461.191235675923         -3.412189e-01
    2          2.634809e-02        -461.209714528840         -1.847885e-02
    3          1.079604e-02        -461.212637176930         -2.922648e-03
    4          8.736552e-03        -461.213507730431         -8.705535e-04
    5          4.550010e-03        -461.213645056265         -1.373258e-04
    6          2.550109e-03        -461.213685332054         -4.027579e-05
    7          2.176697e-03        -461.213700383849         -1.505180e-05
---------------------------------------------------------------------------
                      SCF converged in 7 iterations!
===========================================================================


                                                                           
***************************************************************************
***                                                                     ***
***                    Printing Molecular Properties                    ***
***                                                                     ***
***************************************************************************
                                                                           
                                                                           
===========================================================================
                                 Molecule
---------------------------------------------------------------------------
 Charge                  :                                               0
 Multiplicity            :                                               1
---------------------------------------------------------------------------
    N    Atom            :               x               y               z
---------------------------------------------------------------------------
    0       P            :        1.493126       -8.203647        0.322023
    1       C            :       -1.395510       -7.095869        1.956048
    2       H            :       -1.593244       -5.038243        1.709150
    3       H            :       -1.369053       -7.526788        3.995716
    4       H            :       -3.069446       -7.993392        1.103853
    5       C            :        1.563449      -11.503606        1.482594
    6       H            :        1.379450      -11.620531        3.556033
    7       H            :        3.352493      -12.405761        0.917502
    8       H            :        0.012974      -12.585286        0.610913
    9       C            :        3.904305       -6.812879        2.441839
   10       H            :        5.789929       -7.521929        1.916911
   11       H            :        3.553441       -7.262586        4.447157
   12       H            :        3.926611       -4.743756        2.213726
---------------------------------------------------------------------------
 Center of mass          :        1.409572       -8.368136        1.330714
===========================================================================


===========================================================================
                         Molecular Energy (final)
---------------------------------------------------------------------------
 Kinetic energy          :            (au)                459.979127942751
 E-N energy              :            (au)              -1442.723505296177
 Coulomb energy          :            (au)                387.744821381900
 Exchange energy         :            (au)                  0.000000000000
 X-C energy              :            (au)                -42.920114877121
 N-N energy              :            (au)                176.705970464798
 Non-local pp energy     :            (au)                  0.000000000000
---------------------------------------------------------------------------
 Electronic energy       :            (au)               -637.919670848647
 Nuclear energy          :            (au)                176.705970464798
---------------------------------------------------------------------------
 Total energy            :            (au)             -4.612137003838e+02
                         :      (kcal/mol)             -2.894159665585e+05
                         :        (kJ/mol)             -1.210916404081e+06
                         :            (eV)             -1.255026414309e+04
===========================================================================


===========================================================================
                         Orbital Energies (final)
---------------------------------------------------------------------------
    n     Occ Spin       :                                         Epsilon
---------------------------------------------------------------------------
    0    2.00    p       :            (au)                -76.324964470794
    1    2.00    p       :            (au)                 -9.895516304833
    2    2.00    p       :            (au)                 -9.895515843365
    3    2.00    p       :            (au)                 -9.895514926040
    4    2.00    p       :            (au)                 -6.292703856122
    5    2.00    p       :            (au)                 -4.509201110871
    6    2.00    p       :            (au)                 -4.509200965464
    7    2.00    p       :            (au)                 -4.504022861615
    8    2.00    p       :            (au)                 -0.691408708424
    9    2.00    p       :            (au)                 -0.623688118809
   10    2.00    p       :            (au)                 -0.623678647360
   11    2.00    p       :            (au)                 -0.477328534594
   12    2.00    p       :            (au)                 -0.393121068782
   13    2.00    p       :            (au)                 -0.382044242444
   14    2.00    p       :            (au)                 -0.382027426099
   15    2.00    p       :            (au)                 -0.356466232412
   16    2.00    p       :            (au)                 -0.356465256707
   17    2.00    p       :            (au)                 -0.343508211678
   18    2.00    p       :            (au)                 -0.291558002167
   19    2.00    p       :            (au)                 -0.291554167507
   20    2.00    p       :            (au)                 -0.197543946860
---------------------------------------------------------------------------
 Sum occupied            :            (au)               -262.474065805893
===========================================================================


===========================================================================
                             Orbital Positions
---------------------------------------------------------------------------
  Index       Occ        :               x               y               z
---------------------------------------------------------------------------
      0      2.00        :        1.493123       -8.203654        0.322064
      1      2.00        :       -1.395447       -7.095890        1.955998
      2      2.00        :        3.904255       -6.812906        2.441779
      3      2.00        :        1.563449      -11.503533        1.482554
      4      2.00        :        1.513046       -8.164497        0.081825
      5      2.00        :        1.490711       -8.447303        0.366555
      6      2.00        :        1.685556       -8.100710        0.439206
      7      2.00        :        1.282784       -8.102886        0.405449
      8      2.00        :        1.581559       -8.029786       -0.743982
      9      2.00        :       -0.169310       -7.571482        1.288258
     10      2.00        :       -1.497235       -5.748863        1.782825
     11      2.00        :       -1.346334       -7.395210        3.297804
     12      2.00        :       -2.472480       -7.701182        1.382951
     13      2.00        :        1.531187      -10.104624        1.016167
     14      2.00        :        1.440021      -11.545506        2.852034
     15      2.00        :        2.744100      -12.067036        1.103981
     16      2.00        :        0.537869      -12.185640        0.901441
     17      2.00        :        2.876609       -7.408740        1.567472
     18      2.00        :        5.124900       -7.296551        2.079977
     19      2.00        :        3.644084       -7.127829        3.755386
     20      2.00        :        3.893920       -5.461114        2.276111
===========================================================================


===========================================================================
                           Dipole Moment (dip-1)
---------------------------------------------------------------------------
 r_O                     :        0.000000        0.000000        0.000000
---------------------------------------------------------------------------
 Electronic vector       :      -58.852736      352.149885      -60.111710
 Magnitude               :            (au)                      362.058840
                         :         (Debye)                      920.261779
---------------------------------------------------------------------------
 Nuclear vector          :       58.813520     -352.227108       60.584200
 Magnitude               :            (au)                      362.206310
                         :         (Debye)                      920.636612
---------------------------------------------------------------------------
 Total vector            :       -0.039216       -0.077223        0.472490
 Magnitude               :            (au)                        0.480363
                         :         (Debye)                        1.220960
===========================================================================


                                                                           
                                                                           
***************************************************************************
***                                                                     ***
***                            Exiting MRChem                           ***
***                                                                     ***
***                       Wall time :  0h  1m 42s                       ***
***                                                                     ***
***************************************************************************
                                                                           
                                                                           
