Starting job 1568533 on b[5169-5176] on Betzy at Fri Jul 10 13:06:02 CEST 2026

/var/spool/slurmd/job1568533/slurm_script: line 15: cd: mrchem/opt1_bp86_1e6: No such file or directory
Traceback (most recent call last):
  File "/cluster/projects/nn14654k/ylvaos/mrchem/install/bin/mrchem", line 103, in <module>
    main()
  File "/cluster/projects/nn14654k/ylvaos/mrchem/install/bin/mrchem", line 68, in main
    user_dict = parse(infile=inp_file)
                ^^^^^^^^^^^^^^^^^^^^^^
  File "/cluster/projects/nn14654k/ylvaos/mrchem/install/lib/python/mrchem/input_parser/api.py", line 108, in parse
    ir = lex(infile=infile, ir_file=ir_file)
         ^^^^^^^^^^^^^^^^^^^^^^^^^^^^^^^^^^^
  File "/cluster/projects/nn14654k/ylvaos/mrchem/install/lib/python/mrchem/input_parser/api.py", line 40, in lex
    ir = lexer.lex_from_str(in_str=f.read(), ir_file=ir_file)
         ^^^^^^^^^^^^^^^^^^^^^^^^^^^^^^^^^^^^^^^^^^^^^^^^^^^^
  File "/cluster/projects/nn14654k/ylvaos/mrchem/install/lib/python/mrchem/input_parser/plumbing/lexer.py", line 34, in lex_from_str
    ir = getkw.parse_string_to_dict(lexer, in_str)
         ^^^^^^^^^^^^^^^^^^^^^^^^^^^^^^^^^^^^^^^^^
  File "/cluster/projects/nn14654k/ylvaos/mrchem/install/lib/python/mrchem/input_parser/plumbing/getkw.py", line 130, in parse_string_to_dict
    tokens_dict = lexer.parseString(s).asDict()  # type: JSONDict
                  ^^^^^^^^^^^^^^^^^^^^
  File "/cluster/projects/nn14654k/ylvaos/mrchem/install/lib/python/mrchem/input_parser/plumbing/pyparsing/util.py", line 417, in _inner
    return fn(self, *args, **kwargs)
           ^^^^^^^^^^^^^^^^^^^^^^^^^
  File "/cluster/projects/nn14654k/ylvaos/mrchem/install/lib/python/mrchem/input_parser/plumbing/pyparsing/core.py", line 1219, in parse_string
    raise exc.with_traceback(None)
mrchem.input_parser.plumbing.pyparsing.exceptions.ParseException: Expected {{Forward: Group:({{{W:(<>A-Z_a-z, 0-9<>A-Z_a-z) Suppress:('{')} Forward: Dict:({{{: ... | Group:({Combine:({Suppress:('$') W:(<>A-Z_a-z, 0-9<>A-Z_a-z)}) SkipTo:(Suppress:('$END')) Suppress:('$END')})} | {Group:({W:(<>A-Z_a-z, 0-9<>A-Z_a-z) Suppress:('=')} {{Suppress:('[') [{quoted string using single or double quotes ^ {{number}... Suppress:({'*J' ^ '*I'})} ^ real number with scientific notation ^ signed integer ^ bool ^ W:(A-Z_a-z, 0-9A-Z_a-z) ^ Suppress:('\n')} [, {quoted string using single or double quotes ^ {{number}... Suppress:({'*J' ^ '*I'})} ^ real number with scientific notation ^ signed integer ^ bool ^ W:(A-Z_a-z, 0-9A-Z_a-z) ^ Suppress:('\n')}]...]} Suppress:(']')}) | Group:({W:(<>A-Z_a-z, 0-9<>A-Z_a-z) Suppress:('=')} {quoted string using single or double quotes ^ {{number}... Suppress:({'*J' ^ '*I'})} ^ real number with scientific notation ^ signed integer ^ bool ^ W:(A-Z_a-z, 0-9A-Z_a-z)})}}}...)} Suppress:('}')})}... | {Forward: Dict:({{{: ... | Group:({Combine:({Suppress:('$') W:(<>A-Z_a-z, 0-9<>A-Z_a-z)}) SkipTo:(Suppress:('$END')) Suppress:('$END')})} | {Group:({W:(<>A-Z_a-z, 0-9<>A-Z_a-z) Suppress:('=')} {{Suppress:('[') [{quoted string using single or double quotes ^ {{number}... Suppress:({'*J' ^ '*I'})} ^ real number with scientific notation ^ signed integer ^ bool ^ W:(A-Z_a-z, 0-9A-Z_a-z) ^ Suppress:('\n')} [, {quoted string using single or double quotes ^ {{number}... Suppress:({'*J' ^ '*I'})} ^ real number with scientific notation ^ signed integer ^ bool ^ W:(A-Z_a-z, 0-9A-Z_a-z) ^ Suppress:('\n')}]...]} Suppress:(']')}) | Group:({W:(<>A-Z_a-z, 0-9<>A-Z_a-z) Suppress:('=')} {quoted string using single or double quotes ^ {{number}... Suppress:({'*J' ^ '*I'})} ^ real number with scientific notation ^ signed integer ^ bool ^ W:(A-Z_a-z, 0-9A-Z_a-z)})}}}...)}...}  (at char 0), (line:1, col:1)
terminate called after throwing an instance of 'nlohmann::detail::parse_error'
  what():  [json.exception.parse_error.101] parse error at line 1, column 1: syntax error while parsing value - unexpected end of input; expected '[', '{', or a literal
terminate called after throwing an instance of 'nlohmann::detail::parse_error'
terminate called after throwing an instance of 'nlohmann::detail::parse_error'
  what():  [json.exception.parse_error.101] parse error at line 1, column 1: syntax error while parsing value - unexpected end of input; expected '[', '{', or a literal
terminate called after throwing an instance of 'nlohmann::detail::parse_error'
  what():  [json.exception.parse_error.101] parse error at line 1, column 1: syntax error while parsing value - unexpected end of input; expected '[', '{', or a literal
terminate called after throwing an instance of 'nlohmann::detail::parse_error'
  what():  [json.exception.parse_error.101] parse error at line 1, column 1: syntax error while parsing value - unexpected end of input; expected '[', '{', or a literal
  what():  [json.exception.parse_error.101] parse error at line 1, column 1: syntax error while parsing value - unexpected end of input; expected '[', '{', or a literal
terminate called after throwing an instance of 'nlohmann::detail::parse_error'
  what():  [json.exception.parse_error.101] parse error at line 1, column 1: syntax error while parsing value - unexpected end of input; expected '[', '{', or a literal
terminate called after throwing an instance of 'nlohmann::detail::parse_error'
  what():  [json.exception.parse_error.101] parse error at line 1, column 1: syntax error while parsing value - unexpected end of input; expected '[', '{', or a literal
terminate called after throwing an instance of 'nlohmann::detail::parse_error'
  what():  [json.exception.parse_error.101] parse error at line 1, column 1: syntax error while parsing value - unexpected end of input; expected '[', '{', or a literal
terminate called after throwing an instance of 'nlohmann::detail::parse_error'
  what():  [json.exception.parse_error.101] parse error at line 1, column 1: syntax error while parsing value - unexpected end of input; expected '[', '{', or a literal
terminate called after throwing an instance of 'nlohmann::detail::parse_error'
terminate called after throwing an instance of 'nlohmann::detail::parse_error'
  what():  [json.exception.parse_error.101] parse error at line 1, column 1: syntax error while parsing value - unexpected end of input; expected '[', '{', or a literal
terminate called after throwing an instance of 'nlohmann::detail::parse_error'
  what():  [json.exception.parse_error.101] parse error at line 1, column 1: syntax error while parsing value - unexpected end of input; expected '[', '{', or a literal
terminate called after throwing an instance of 'nlohmann::detail::parse_error'
terminate called after throwing an instance of 'nlohmann::detail::parse_error'
  what():  [json.exception.parse_error.101] parse error at line 1, column 1: syntax error while parsing value - unexpected end of input; expected '[', '{', or a literal
  what():  [json.exception.parse_error.101] parse error at line 1, column 1: syntax error while parsing value - unexpected end of input; expected '[', '{', or a literal
terminate called after throwing an instance of 'nlohmann::detail::parse_error'
  what():  [json.exception.parse_error.101] parse error at line 1, column 1: syntax error while parsing value - unexpected end of input; expected '[', '{', or a literal
  what():  [json.exception.parse_error.101] parse error at line 1, column 1: syntax error while parsing value - unexpected end of input; expected '[', '{', or a literal
terminate called after throwing an instance of 'nlohmann::detail::parse_error'
  what():  [json.exception.parse_error.101] parse error at line 1, column 1: syntax error while parsing value - unexpected end of input; expected '[', '{', or a literal
terminate called after throwing an instance of 'nlohmann::detail::parse_error'
terminate called after throwing an instance of 'nlohmann::detail::parse_error'
  what():  [json.exception.parse_error.101] parse error at line 1, column 1: syntax error while parsing value - unexpected end of input; expected '[', '{', or a literal
  what():  [json.exception.parse_error.101] parse error at line 1, column 1: syntax error while parsing value - unexpected end of input; expected '[', '{', or a literal
terminate called after throwing an instance of 'nlohmann::detail::parse_error'
  what():  [json.exception.parse_error.101] parse error at line 1, column 1: syntax error while parsing value - unexpected end of input; expected '[', '{', or a literal
terminate called after throwing an instance of 'nlohmann::detail::parse_error'
  what():  [json.exception.parse_error.101] parse error at line 1, column 1: syntax error while parsing value - unexpected end of input; expected '[', '{', or a literal
terminate called after throwing an instance of 'nlohmann::detail::parse_error'
  what():  [json.exception.parse_error.101] parse error at line 1, column 1: syntax error while parsing value - unexpected end of input; expected '[', '{', or a literal
terminate called after throwing an instance of 'nlohmann::detail::parse_error'
  what():  [json.exception.parse_error.101] parse error at line 1, column 1: syntax error while parsing value - unexpected end of input; expected '[', '{', or a literal
terminate called after throwing an instance of 'nlohmann::detail::parse_error'
  what():  [json.exception.parse_error.101] parse error at line 1, column 1: syntax error while parsing value - unexpected end of input; expected '[', '{', or a literal
terminate called after throwing an instance of 'nlohmann::detail::parse_error'
  what():  [json.exception.parse_error.101] parse error at line 1, column 1: syntax error while parsing value - unexpected end of input; expected '[', '{', or a literal
terminate called after throwing an instance of 'nlohmann::detail::parse_error'
terminate called after throwing an instance of 'nlohmann::detail::parse_error'
  what():  [json.exception.parse_error.101] parse error at line 1, column 1: syntax error while parsing value - unexpected end of input; expected '[', '{', or a literal
terminate called after throwing an instance of 'nlohmann::detail::parse_error'
  what():  [json.exception.parse_error.101] parse error at line 1, column 1: syntax error while parsing value - unexpected end of input; expected '[', '{', or a literal
terminate called after throwing an instance of 'nlohmann::detail::parse_error'
  what():  [json.exception.parse_error.101] parse error at line 1, column 1: syntax error while parsing value - unexpected end of input; expected '[', '{', or a literal
terminate called after throwing an instance of 'nlohmann::detail::parse_error'
  what():  [json.exception.parse_error.101] parse error at line 1, column 1: syntax error while parsing value - unexpected end of input; expected '[', '{', or a literal
  what():  [json.exception.parse_error.101] parse error at line 1, column 1: syntax error while parsing value - unexpected end of input; expected '[', '{', or a literal
terminate called after throwing an instance of 'nlohmann::detail::parse_error'
  what():  [json.exception.parse_error.101] parse error at line 1, column 1: syntax error while parsing value - unexpected end of input; expected '[', '{', or a literal
terminate called after throwing an instance of 'nlohmann::detail::parse_error'
terminate called after throwing an instance of 'nlohmann::detail::parse_error'
  what():  [json.exception.parse_error.101] parse error at line 1, column 1: syntax error while parsing value - unexpected end of input; expected '[', '{', or a literal
terminate called after throwing an instance of 'nlohmann::detail::parse_error'
  what():  [json.exception.parse_error.101] parse error at line 1, column 1: syntax error while parsing value - unexpected end of input; expected '[', '{', or a literal
terminate called after throwing an instance of 'nlohmann::detail::parse_error'
  what():  [json.exception.parse_error.101] parse error at line 1, column 1: syntax error while parsing value - unexpected end of input; expected '[', '{', or a literal
terminate called after throwing an instance of 'nlohmann::detail::parse_error'
  what():  [json.exception.parse_error.101] parse error at line 1, column 1: syntax error while parsing value - unexpected end of input; expected '[', '{', or a literal
  what():  [json.exception.parse_error.101] parse error at line 1, column 1: syntax error while parsing value - unexpected end of input; expected '[', '{', or a literal
terminate called after throwing an instance of 'nlohmann::detail::parse_error'
  what():  [json.exception.parse_error.101] parse error at line 1, column 1: syntax error while parsing value - unexpected end of input; expected '[', '{', or a literal
terminate called after throwing an instance of 'nlohmann::detail::parse_error'
  what():  terminate called after throwing an instance of 'nlohmann::detail::parse_error'
  what():  [json.exception.parse_error.101] parse error at line 1, column 1: syntax error while parsing value - unexpected end of input; expected '[', '{', or a literal
terminate called after throwing an instance of 'nlohmann::detail::parse_error'
  what():  [json.exception.parse_error.101] parse error at line 1, column 1: syntax error while parsing value - unexpected end of input; expected '[', '{', or a literal
terminate called after throwing an instance of 'nlohmann::detail::parse_error'
  what():  [json.exception.parse_error.101] parse error at line 1, column 1: syntax error while parsing value - unexpected end of input; expected '[', '{', or a literal
terminate called after throwing an instance of 'nlohmann::detail::parse_error'
  what():  [json.exception.parse_error.101] parse error at line 1, column 1: syntax error while parsing value - unexpected end of input; expected '[', '{', or a literal
[json.exception.parse_error.101] parse error at line 1, column 1: syntax error while parsing value - unexpected end of input; expected '[', '{', or a literal
terminate called after throwing an instance of 'nlohmann::detail::parse_error'
  what():  [json.exception.parse_error.101] parse error at line 1, column 1: syntax error while parsing value - unexpected end of input; expected '[', '{', or a literal
terminate called after throwing an instance of 'nlohmann::detail::parse_error'
terminate called after throwing an instance of 'nlohmann::detail::parse_error'
  what():  [json.exception.parse_error.101] parse error at line 1, column 1: syntax error while parsing value - unexpected end of input; expected '[', '{', or a literal
terminate called after throwing an instance of 'nlohmann::detail::parse_error'
  what():  [json.exception.parse_error.101] parse error at line 1, column 1: syntax error while parsing value - unexpected end of input; expected '[', '{', or a literal
terminate called after throwing an instance of 'nlohmann::detail::parse_error'
  what():  [json.exception.parse_error.101] parse error at line 1, column 1: syntax error while parsing value - unexpected end of input; expected '[', '{', or a literal
terminate called after throwing an instance of 'nlohmann::detail::parse_error'
  what():  [json.exception.parse_error.101] parse error at line 1, column 1: syntax error while parsing value - unexpected end of input; expected '[', '{', or a literal
terminate called after throwing an instance of 'nlohmann::detail::parse_error'
  what():  [json.exception.parse_error.101] parse error at line 1, column 1: syntax error while parsing value - unexpected end of input; expected '[', '{', or a literal
  what():  [json.exception.parse_error.101] parse error at line 1, column 1: syntax error while parsing value - unexpected end of input; expected '[', '{', or a literal
Command terminated by signal 6
9336
Command terminated by signal 6
9428
Command terminated by signal 6
9388
Command terminated by signal 6
9296
Command terminated by signal 6
9340
Command terminated by signal 6
9412
Command terminated by signal 6
9396
Command terminated by signal 6
9360
Command terminated by signal 6
9368
Command terminated by signal 6
9372
Command terminated by signal 6
9360
Command terminated by signal 6
9360
Command terminated by signal 6
9376
Command terminated by signal 6
9364
Command terminated by signal 6
9288
Command terminated by signal 6
9352
Command terminated by signal 6
9388
Command terminated by signal 6
9336
Command terminated by signal 6
9340
Command terminated by signal 6
9376
Command terminated by signal 6
9300
Command terminated by signal 6
9296
Command terminated by signal 6
9448
Command terminated by signal 6
9392
Command terminated by signal 6
9368
Command terminated by signal 6
9392
Command terminated by signal 6
9384
Command terminated by signal 6
9364
Command terminated by signal 6
9392
Command terminated by signal 6
9412
Command terminated by signal 6
9348
Command terminated by signal 6
9360
Command terminated by signal 6
9308
Command terminated by signal 6
9416
Command terminated by signal 6
9328
Command terminated by signal 6
9404
Command terminated by signal 6
9392
Command terminated by signal 6
9308
Command terminated by signal 6
9352
Command terminated by signal 6
9332
Command terminated by signal 6
9364
--------------------------------------------------------------------------
prterun detected that one or more processes exited with non-zero status,
thus causing the job to be terminated. The first process to do so was:

   Process name: [prterun-b5169-4191084@1,8] Exit code:    134
--------------------------------------------------------------------------


Job 1568533 completed at Fri Jul 10 13:06:15 CEST 2026
